<!DOCTYPE html>

<html>
  <head>
  <meta charset='utf-8'>
  <title>TestNG reports</title>

    <link type="text/css" href="testng-reports1.css" rel="stylesheet" id="ultra" />
    <link type="text/css" href="testng-reports.css" rel="stylesheet" id="retro" disabled="false"/>
    <script type="text/javascript" src="jquery-3.6.0.min.js"></script>
    <script type="text/javascript" src="testng-reports.js"></script>
    <script type="text/javascript" src="https://www.google.com/jsapi"></script>
    <script type='text/javascript'>
      google.load('visualization', '1', {packages:['table']});
      google.setOnLoadCallback(drawTable);
      var suiteTableInitFunctions = new Array();
      var suiteTableData = new Array();
    </script>
    <!--
      <script type="text/javascript" src="jquery-ui/js/jquery-ui-1.8.16.custom.min.js"></script>
     -->
  </head>

  <body>    <div class="top-banner-root">
      <span class="top-banner-title-font">Test results</span>
      <button id="button" class="button">Switch Retro Theme</button> <!-- button -->
      <br/>
      <span class="top-banner-font-1">1 suite, 8 failed tests</span>
    </div> <!-- top-banner-root -->
    <div class="navigator-root">
      <div class="navigator-suite-header">
        <span>All suites</span>
        <a href="#" title="Collapse/expand all the suites" class="collapse-all-link">
          <img src="collapseall.gif" class="collapse-all-icon">
          </img> <!-- collapse-all-icon -->
        </a> <!-- collapse-all-link -->
      </div> <!-- navigator-suite-header -->
      <div class="suite">
        <div class="rounded-window">
          <div class="suite-header light-rounded-window-top">
            <a href="#" panel-name="suite-Suite" class="navigator-link">
              <span class="suite-name border-failed">Suite</span>
            </a> <!-- navigator-link -->
          </div> <!-- suite-header light-rounded-window-top -->
          <div class="navigator-suite-content">
            <div class="suite-section-title">
              <span>Info</span>
            </div> <!-- suite-section-title -->
            <div class="suite-section-content">
              <ul>
                <li>
                  <a href="#" panel-name="test-xml-Suite" class="navigator-link ">
                    <span>C:\Users\ssmit\eclipse-workspace\NinjaV6\testng.xml</span>
                  </a> <!-- navigator-link  -->
                </li>
                <li>
                  <a href="#" panel-name="testlist-Suite" class="navigator-link ">
                    <span class="test-stats">3 tests</span>
                  </a> <!-- navigator-link  -->
                </li>
                <li>
                  <a href="#" panel-name="group-Suite" class="navigator-link ">
                    <span>3 groups</span>
                  </a> <!-- navigator-link  -->
                </li>
                <li>
                  <a href="#" panel-name="times-Suite" class="navigator-link ">
                    <span>Times</span>
                  </a> <!-- navigator-link  -->
                </li>
                <li>
                  <a href="#" panel-name="reporter-Suite" class="navigator-link ">
                    <span>Reporter output</span>
                  </a> <!-- navigator-link  -->
                </li>
                <li>
                  <a href="#" panel-name="ignored-methods-Suite" class="navigator-link ">
                    <span>Ignored methods</span>
                  </a> <!-- navigator-link  -->
                </li>
                <li>
                  <a href="#" panel-name="chronological-Suite" class="navigator-link ">
                    <span>Chronological view</span>
                  </a> <!-- navigator-link  -->
                </li>
              </ul>
            </div> <!-- suite-section-content -->
            <div class="result-section">
              <div class="suite-section-title">
                <span>Results</span>
              </div> <!-- suite-section-title -->
              <div class="suite-section-content">
                <ul>
                  <li>
                    <span class="method-stats">47 methods, 8 failed,  17 skipped,  22 passed</span>
                  </li>
                  <li>
                    <span class="method-list-title failed">Failed methods</span>
                    <span class="show-or-hide-methods failed">
                      <a href="#" panel-name="suite-Suite" class="hide-methods failed suite-Suite"> (hide)</a> <!-- hide-methods failed suite-Suite -->
                      <a href="#" panel-name="suite-Suite" class="show-methods failed suite-Suite"> (show)</a> <!-- show-methods failed suite-Suite -->
                    </span>
                    <div class="method-list-content failed suite-Suite">
                      <span>
                        <img src="failed.png" width="3%"/>
                        <a href="#" panel-name="suite-Suite" title="testCases.TC03_AddToCart" class="method navigator-link" hash-for-method="testAddToCart(firefox)">testAddToCart(firefox)</a> <!-- method navigator-link -->
                      </span>
                      <br/>
                      <span>
                        <img src="failed.png" width="3%"/>
                        <a href="#" panel-name="suite-Suite" title="testCases.TC03_AddToCart" class="method navigator-link" hash-for-method="testAddToCart(edge)">testAddToCart(edge)</a> <!-- method navigator-link -->
                      </span>
                      <br/>
                      <span>
                        <img src="failed.png" width="3%"/>
                        <a href="#" panel-name="suite-Suite" title="testCases.TC05_AddToWishList" class="method navigator-link" hash-for-method="testAddToWishList">testAddToWishList</a> <!-- method navigator-link -->
                      </span>
                      <br/>
                      <span>
                        <img src="failed.png" width="3%"/>
                        <a href="#" panel-name="suite-Suite" title="testCases.TC05_AddToWishList" class="method navigator-link" hash-for-method="testAddToWishList">testAddToWishList</a> <!-- method navigator-link -->
                      </span>
                      <br/>
                      <span>
                        <img src="failed.png" width="3%"/>
                        <a href="#" panel-name="suite-Suite" title="testCases.TC05_AddToWishList" class="method navigator-link" hash-for-method="testAddToWishList">testAddToWishList</a> <!-- method navigator-link -->
                      </span>
                      <br/>
                      <span>
                        <img src="failed.png" width="3%"/>
                        <a href="#" panel-name="suite-Suite" title="testCases.TC04_CompletePurchase" class="method navigator-link" hash-for-method="testCompletePurchase">testCompletePurchase</a> <!-- method navigator-link -->
                      </span>
                      <br/>
                      <span>
                        <img src="failed.png" width="3%"/>
                        <a href="#" panel-name="suite-Suite" title="testCases.TC04_CompletePurchase" class="method navigator-link" hash-for-method="testCompletePurchase">testCompletePurchase</a> <!-- method navigator-link -->
                      </span>
                      <br/>
                      <span>
                        <img src="failed.png" width="3%"/>
                        <a href="#" panel-name="suite-Suite" title="testCases.TC04_CompletePurchase" class="method navigator-link" hash-for-method="testCompletePurchase">testCompletePurchase</a> <!-- method navigator-link -->
                      </span>
                      <br/>
                    </div> <!-- method-list-content failed suite-Suite -->
                  </li>
                  <li>
                    <span class="method-list-title skipped">Retried methods</span>
                    <span class="show-or-hide-methods skipped">
                      <a href="#" panel-name="suite-Suite" class="hide-methods skipped suite-Suite"> (hide)</a> <!-- hide-methods skipped suite-Suite -->
                      <a href="#" panel-name="suite-Suite" class="show-methods skipped suite-Suite"> (show)</a> <!-- show-methods skipped suite-Suite -->
                    </span>
                    <div class="method-list-content skipped suite-Suite">
                      <span>
                        <img src="skipped.png" width="3%"/>
                        <a href="#" panel-name="suite-Suite" title="testCases.TC03_AddToCart" class="method navigator-link" hash-for-method="testAddToCart(firefox)">testAddToCart(firefox)</a> <!-- method navigator-link -->
                      </span>
                      <br/>
                      <span>
                        <img src="skipped.png" width="3%"/>
                        <a href="#" panel-name="suite-Suite" title="testCases.TC03_AddToCart" class="method navigator-link" hash-for-method="testAddToCart(firefox)">testAddToCart(firefox)</a> <!-- method navigator-link -->
                      </span>
                      <br/>
                      <span>
                        <img src="skipped.png" width="3%"/>
                        <a href="#" panel-name="suite-Suite" title="testCases.TC03_AddToCart" class="method navigator-link" hash-for-method="testAddToCart(chrome)">testAddToCart(chrome)</a> <!-- method navigator-link -->
                      </span>
                      <br/>
                      <span>
                        <img src="skipped.png" width="3%"/>
                        <a href="#" panel-name="suite-Suite" title="testCases.TC03_AddToCart" class="method navigator-link" hash-for-method="testAddToCart(edge)">testAddToCart(edge)</a> <!-- method navigator-link -->
                      </span>
                      <br/>
                      <span>
                        <img src="skipped.png" width="3%"/>
                        <a href="#" panel-name="suite-Suite" title="testCases.TC03_AddToCart" class="method navigator-link" hash-for-method="testAddToCart(edge)">testAddToCart(edge)</a> <!-- method navigator-link -->
                      </span>
                      <br/>
                      <span>
                        <img src="skipped.png" width="3%"/>
                        <a href="#" panel-name="suite-Suite" title="testCases.TC05_AddToWishList" class="method navigator-link" hash-for-method="testAddToWishList">testAddToWishList</a> <!-- method navigator-link -->
                      </span>
                      <br/>
                      <span>
                        <img src="skipped.png" width="3%"/>
                        <a href="#" panel-name="suite-Suite" title="testCases.TC05_AddToWishList" class="method navigator-link" hash-for-method="testAddToWishList">testAddToWishList</a> <!-- method navigator-link -->
                      </span>
                      <br/>
                      <span>
                        <img src="skipped.png" width="3%"/>
                        <a href="#" panel-name="suite-Suite" title="testCases.TC05_AddToWishList" class="method navigator-link" hash-for-method="testAddToWishList">testAddToWishList</a> <!-- method navigator-link -->
                      </span>
                      <br/>
                      <span>
                        <img src="skipped.png" width="3%"/>
                        <a href="#" panel-name="suite-Suite" title="testCases.TC05_AddToWishList" class="method navigator-link" hash-for-method="testAddToWishList">testAddToWishList</a> <!-- method navigator-link -->
                      </span>
                      <br/>
                      <span>
                        <img src="skipped.png" width="3%"/>
                        <a href="#" panel-name="suite-Suite" title="testCases.TC05_AddToWishList" class="method navigator-link" hash-for-method="testAddToWishList">testAddToWishList</a> <!-- method navigator-link -->
                      </span>
                      <br/>
                      <span>
                        <img src="skipped.png" width="3%"/>
                        <a href="#" panel-name="suite-Suite" title="testCases.TC05_AddToWishList" class="method navigator-link" hash-for-method="testAddToWishList">testAddToWishList</a> <!-- method navigator-link -->
                      </span>
                      <br/>
                      <span>
                        <img src="skipped.png" width="3%"/>
                        <a href="#" panel-name="suite-Suite" title="testCases.TC04_CompletePurchase" class="method navigator-link" hash-for-method="testCompletePurchase">testCompletePurchase</a> <!-- method navigator-link -->
                      </span>
                      <br/>
                      <span>
                        <img src="skipped.png" width="3%"/>
                        <a href="#" panel-name="suite-Suite" title="testCases.TC04_CompletePurchase" class="method navigator-link" hash-for-method="testCompletePurchase">testCompletePurchase</a> <!-- method navigator-link -->
                      </span>
                      <br/>
                      <span>
                        <img src="skipped.png" width="3%"/>
                        <a href="#" panel-name="suite-Suite" title="testCases.TC04_CompletePurchase" class="method navigator-link" hash-for-method="testCompletePurchase">testCompletePurchase</a> <!-- method navigator-link -->
                      </span>
                      <br/>
                      <span>
                        <img src="skipped.png" width="3%"/>
                        <a href="#" panel-name="suite-Suite" title="testCases.TC04_CompletePurchase" class="method navigator-link" hash-for-method="testCompletePurchase">testCompletePurchase</a> <!-- method navigator-link -->
                      </span>
                      <br/>
                      <span>
                        <img src="skipped.png" width="3%"/>
                        <a href="#" panel-name="suite-Suite" title="testCases.TC04_CompletePurchase" class="method navigator-link" hash-for-method="testCompletePurchase">testCompletePurchase</a> <!-- method navigator-link -->
                      </span>
                      <br/>
                      <span>
                        <img src="skipped.png" width="3%"/>
                        <a href="#" panel-name="suite-Suite" title="testCases.TC04_CompletePurchase" class="method navigator-link" hash-for-method="testCompletePurchase">testCompletePurchase</a> <!-- method navigator-link -->
                      </span>
                      <br/>
                    </div> <!-- method-list-content skipped suite-Suite -->
                  </li>
                  <li>
                    <span class="method-list-title passed">Passed methods</span>
                    <span class="show-or-hide-methods passed">
                      <a href="#" panel-name="suite-Suite" class="hide-methods passed suite-Suite"> (hide)</a> <!-- hide-methods passed suite-Suite -->
                      <a href="#" panel-name="suite-Suite" class="show-methods passed suite-Suite"> (show)</a> <!-- show-methods passed suite-Suite -->
                    </span>
                    <div class="method-list-content passed suite-Suite">
                      <span>
                        <img src="passed.png" width="3%"/>
                        <a href="#" panel-name="suite-Suite" title="testCases.TC06_AddAffiliate" class="method navigator-link" hash-for-method="testAddAffiliate">testAddAffiliate</a> <!-- method navigator-link -->
                      </span>
                      <br/>
                      <span>
                        <img src="passed.png" width="3%"/>
                        <a href="#" panel-name="suite-Suite" title="testCases.TC06_AddAffiliate" class="method navigator-link" hash-for-method="testAddAffiliate">testAddAffiliate</a> <!-- method navigator-link -->
                      </span>
                      <br/>
                      <span>
                        <img src="passed.png" width="3%"/>
                        <a href="#" panel-name="suite-Suite" title="testCases.TC06_AddAffiliate" class="method navigator-link" hash-for-method="testAddAffiliate">testAddAffiliate</a> <!-- method navigator-link -->
                      </span>
                      <br/>
                      <span>
                        <img src="passed.png" width="3%"/>
                        <a href="#" panel-name="suite-Suite" title="testCases.TC03_AddToCart" class="method navigator-link" hash-for-method="testAddToCart(chrome)">testAddToCart(chrome)</a> <!-- method navigator-link -->
                      </span>
                      <br/>
                      <span>
                        <img src="passed.png" width="3%"/>
                        <a href="#" panel-name="suite-Suite" title="testCases.TC01_LaunchApplication" class="method navigator-link" hash-for-method="testLaunchApplication">testLaunchApplication</a> <!-- method navigator-link -->
                      </span>
                      <br/>
                      <span>
                        <img src="passed.png" width="3%"/>
                        <a href="#" panel-name="suite-Suite" title="testCases.TC01_LaunchApplication" class="method navigator-link" hash-for-method="testLaunchApplication">testLaunchApplication</a> <!-- method navigator-link -->
                      </span>
                      <br/>
                      <span>
                        <img src="passed.png" width="3%"/>
                        <a href="#" panel-name="suite-Suite" title="testCases.TC01_LaunchApplication" class="method navigator-link" hash-for-method="testLaunchApplication">testLaunchApplication</a> <!-- method navigator-link -->
                      </span>
                      <br/>
                      <span>
                        <img src="passed.png" width="3%"/>
                        <a href="#" panel-name="suite-Suite" title="testCases.TC02_Login" class="method navigator-link" hash-for-method="testLogin(smitasharma.qa@gmail.com, ss*QA123)">testLogin(smitasharma.qa@gmail.com, ss*QA123)</a> <!-- method navigator-link -->
                      </span>
                      <br/>
                      <span>
                        <img src="passed.png" width="3%"/>
                        <a href="#" panel-name="suite-Suite" title="testCases.TC02_Login" class="method navigator-link" hash-for-method="testLogin(nona@yahoo.com, QWER!@#$)">testLogin(nona@yahoo.com, QWER!@#$)</a> <!-- method navigator-link -->
                      </span>
                      <br/>
                      <span>
                        <img src="passed.png" width="3%"/>
                        <a href="#" panel-name="suite-Suite" title="testCases.TC02_Login" class="method navigator-link" hash-for-method="testLogin(sid@cloudberry.services, Test123)">testLogin(sid@cloudberry.services, Test123)</a> <!-- method navigator-link -->
                      </span>
                      <br/>
                      <span>
                        <img src="passed.png" width="3%"/>
                        <a href="#" panel-name="suite-Suite" title="testCases.TC02_Login" class="method navigator-link" hash-for-method="testLogin(hichamkhachiai@gmail.com, hicham123)">testLogin(hichamkhachiai@gmail.com, hicham123)</a> <!-- method navigator-link -->
                      </span>
                      <br/>
                      <span>
                        <img src="passed.png" width="3%"/>
                        <a href="#" panel-name="suite-Suite" title="testCases.TC02_Login" class="method navigator-link" hash-for-method="testLogin(apushedwoman@gmail.com, password123)">testLogin(apushedwoman@gmail.com, password123)</a> <!-- method navigator-link -->
                      </span>
                      <br/>
                      <span>
                        <img src="passed.png" width="3%"/>
                        <a href="#" panel-name="suite-Suite" title="testCases.TC02_Login" class="method navigator-link" hash-for-method="testLogin(apushedwoman@gmail.com, password123)">testLogin(apushedwoman@gmail.com, password123)</a> <!-- method navigator-link -->
                      </span>
                      <br/>
                      <span>
                        <img src="passed.png" width="3%"/>
                        <a href="#" panel-name="suite-Suite" title="testCases.TC02_Login" class="method navigator-link" hash-for-method="testLogin(hichamkhachiai@gmail.com, hicham123)">testLogin(hichamkhachiai@gmail.com, hicham123)</a> <!-- method navigator-link -->
                      </span>
                      <br/>
                      <span>
                        <img src="passed.png" width="3%"/>
                        <a href="#" panel-name="suite-Suite" title="testCases.TC02_Login" class="method navigator-link" hash-for-method="testLogin(smitasharma.qa@gmail.com, ss*QA123)">testLogin(smitasharma.qa@gmail.com, ss*QA123)</a> <!-- method navigator-link -->
                      </span>
                      <br/>
                      <span>
                        <img src="passed.png" width="3%"/>
                        <a href="#" panel-name="suite-Suite" title="testCases.TC02_Login" class="method navigator-link" hash-for-method="testLogin(nona@yahoo.com, QWER!@#$)">testLogin(nona@yahoo.com, QWER!@#$)</a> <!-- method navigator-link -->
                      </span>
                      <br/>
                      <span>
                        <img src="passed.png" width="3%"/>
                        <a href="#" panel-name="suite-Suite" title="testCases.TC02_Login" class="method navigator-link" hash-for-method="testLogin(sid@cloudberry.services, Test123)">testLogin(sid@cloudberry.services, Test123)</a> <!-- method navigator-link -->
                      </span>
                      <br/>
                      <span>
                        <img src="passed.png" width="3%"/>
                        <a href="#" panel-name="suite-Suite" title="testCases.TC02_Login" class="method navigator-link" hash-for-method="testLogin(nona@yahoo.com, QWER!@#$)">testLogin(nona@yahoo.com, QWER!@#$)</a> <!-- method navigator-link -->
                      </span>
                      <br/>
                      <span>
                        <img src="passed.png" width="3%"/>
                        <a href="#" panel-name="suite-Suite" title="testCases.TC02_Login" class="method navigator-link" hash-for-method="testLogin(smitasharma.qa@gmail.com, ss*QA123)">testLogin(smitasharma.qa@gmail.com, ss*QA123)</a> <!-- method navigator-link -->
                      </span>
                      <br/>
                      <span>
                        <img src="passed.png" width="3%"/>
                        <a href="#" panel-name="suite-Suite" title="testCases.TC02_Login" class="method navigator-link" hash-for-method="testLogin(hichamkhachiai@gmail.com, hicham123)">testLogin(hichamkhachiai@gmail.com, hicham123)</a> <!-- method navigator-link -->
                      </span>
                      <br/>
                      <span>
                        <img src="passed.png" width="3%"/>
                        <a href="#" panel-name="suite-Suite" title="testCases.TC02_Login" class="method navigator-link" hash-for-method="testLogin(apushedwoman@gmail.com, password123)">testLogin(apushedwoman@gmail.com, password123)</a> <!-- method navigator-link -->
                      </span>
                      <br/>
                      <span>
                        <img src="passed.png" width="3%"/>
                        <a href="#" panel-name="suite-Suite" title="testCases.TC02_Login" class="method navigator-link" hash-for-method="testLogin(sid@cloudberry.services, Test123)">testLogin(sid@cloudberry.services, Test123)</a> <!-- method navigator-link -->
                      </span>
                      <br/>
                    </div> <!-- method-list-content passed suite-Suite -->
                  </li>
                </ul>
              </div> <!-- suite-section-content -->
            </div> <!-- result-section -->
          </div> <!-- navigator-suite-content -->
        </div> <!-- rounded-window -->
      </div> <!-- suite -->
    </div> <!-- navigator-root -->
    <div class="wrapper">
      <div class="main-panel-root">
        <div panel-name="suite-Suite" class="panel Suite">
          <div class="suite-Suite-class-failed">
            <div class="main-panel-header rounded-window-top">
              <img src="failed.png"/>
              <span class="class-name">testCases.TC04_CompletePurchase</span>
            </div> <!-- main-panel-header rounded-window-top -->
            <div class="main-panel-content rounded-window-bottom">
              <div class="method">
                <div class="method-content">
                  <a name="testCompletePurchase">
                  </a> <!-- testCompletePurchase -->
                  <span class="method-name">testCompletePurchase</span>
                  <div class="stack-trace">java.lang.AssertionError: Test failed due to: Element &lt;a class=&quot;nav-link dropdown-toggle&quot; href=&quot;https://www.cloudberrystore.services/index.php?route=product/category&amp;language=en-gb&amp;path=18&quot;&gt; could not be scrolled into view
Build info: version: &apos;4.31.0&apos;, revision: &apos;1ef9f18787*&apos;
System info: os.name: &apos;Windows 10&apos;, os.arch: &apos;amd64&apos;, os.version: &apos;10.0&apos;, java.version: &apos;21.0.6&apos;
Driver info: org.openqa.selenium.remote.RemoteWebDriver
Command: [3c02bf24-17f1-426c-a932-6ef0317435de, clickElement {id=65250776-b9e7-48bf-8e9a-85849fa77483}]
Capabilities {acceptInsecureCerts: true, browserName: firefox, browserVersion: 139.0.1, moz:accessibilityChecks: false, moz:buildID: 20250529122813, moz:firefoxOptions: {binary: C:\Program Files\Mozilla Fi..., prefs: {remote.active-protocols: 3}}, moz:geckodriverVersion: 0.36.0, moz:headless: false, moz:platformVersion: 10.0, moz:processID: 10504, moz:profile: C:\Users\ssmit\AppData\Loca..., moz:shutdownTimeout: 60000, moz:webdriverClick: true, moz:windowless: false, pageLoadStrategy: normal, platformName: Windows 10, proxy: Proxy(), se:bidiEnabled: false, se:cdpEnabled: false, setWindowRect: true, strictFileInteractability: false, timeouts: {implicit: 0, pageLoad: 300000, script: 30000}, unhandledPromptBehavior: dismiss and notify, userAgent: Mozilla/5.0 (Windows NT 10....}
Element: [[RemoteWebDriver: firefox on Windows 10 (3c02bf24-17f1-426c-a932-6ef0317435de)] -&gt; xpath: //a[normalize-space()=&apos;Laptops &amp; Notebooks&apos;]]
Session ID: 3c02bf24-17f1-426c-a932-6ef0317435de
	at testCases.TC04_CompletePurchase.testCompletePurchase(TC04_CompletePurchase.java:86)
	at java.base/java.util.ArrayList.forEach(ArrayList.java:1596)
	at java.base/java.util.concurrent.FutureTask.run(FutureTask.java:317)
	at java.base/java.util.concurrent.ThreadPoolExecutor.runWorker(ThreadPoolExecutor.java:1144)
	at java.base/java.util.concurrent.ThreadPoolExecutor$Worker.run(ThreadPoolExecutor.java:642)
	at java.base/java.lang.Thread.run(Thread.java:1583)
... Removed 16 stack frames
</div> <!-- stack-trace -->
                </div> <!-- method-content -->
              </div> <!-- method -->
              <div class="method">
                <div class="method-content">
                  <a name="testCompletePurchase">
                  </a> <!-- testCompletePurchase -->
                  <span class="method-name">testCompletePurchase</span>
                  <div class="stack-trace">java.lang.AssertionError: Test failed due to: element click intercepted: Element is not clickable at point (424, 813)
  (Session info: chrome=137.0.7151.56)
Build info: version: &apos;4.31.0&apos;, revision: &apos;1ef9f18787*&apos;
System info: os.name: &apos;Windows 10&apos;, os.arch: &apos;amd64&apos;, os.version: &apos;10.0&apos;, java.version: &apos;21.0.6&apos;
Driver info: org.openqa.selenium.remote.RemoteWebDriver
Command: [61b39f7a4fdfba9d46a6b656719248d4, clickElement {id=f.A3601D701570CDBA8ECA5BF23D643ED6.d.7C552332366DAC8C18E910B8884D9006.e.100}]
Capabilities {acceptInsecureCerts: false, browserName: chrome, browserVersion: 137.0.7151.56, chrome: {chromedriverVersion: 137.0.7151.68 (2989ffee9373..., userDataDir: C:\Users\ssmit\AppData\Loca...}, fedcm:accounts: true, goog:chromeOptions: {debuggerAddress: localhost:49979}, networkConnectionEnabled: false, pageLoadStrategy: normal, platformName: Windows 10, proxy: Proxy(), se:bidiEnabled: false, se:cdp: ws://192.168.1.191:4444/ses..., se:cdpVersion: 137.0.7151.56, setWindowRect: true, strictFileInteractability: false, timeouts: {implicit: 0, pageLoad: 300000, script: 30000}, unhandledPromptBehavior: dismiss and notify, webauthn:extension:credBlob: true, webauthn:extension:largeBlob: true, webauthn:extension:minPinLength: true, webauthn:extension:prf: true, webauthn:virtualAuthenticators: true}
Element: [[RemoteWebDriver: chrome on Windows 10 (61b39f7a4fdfba9d46a6b656719248d4)] -&gt; xpath: //a[normalize-space()=&apos;HP LP3065&apos;]]
Session ID: 61b39f7a4fdfba9d46a6b656719248d4
	at testCases.TC04_CompletePurchase.testCompletePurchase(TC04_CompletePurchase.java:86)
	at java.base/java.util.ArrayList.forEach(ArrayList.java:1596)
	at java.base/java.util.concurrent.FutureTask.run(FutureTask.java:317)
	at java.base/java.util.concurrent.ThreadPoolExecutor.runWorker(ThreadPoolExecutor.java:1144)
	at java.base/java.util.concurrent.ThreadPoolExecutor$Worker.run(ThreadPoolExecutor.java:642)
	at java.base/java.lang.Thread.run(Thread.java:1583)
... Removed 16 stack frames
</div> <!-- stack-trace -->
                </div> <!-- method-content -->
              </div> <!-- method -->
              <div class="method">
                <div class="method-content">
                  <a name="testCompletePurchase">
                  </a> <!-- testCompletePurchase -->
                  <span class="method-name">testCompletePurchase</span>
                  <div class="stack-trace">java.lang.AssertionError: Test failed due to: Expected condition failed: waiting for visibility of [[RemoteWebDriver: MicrosoftEdge on Windows 10 (10ad548b74f237a9759d97e1c10faa68)] -&gt; xpath: //a[normalize-space()=&apos;HP LP3065&apos;]] (tried for 10 second(s) with 500 milliseconds interval)
Build info: version: &apos;4.31.0&apos;, revision: &apos;1ef9f18787*&apos;
System info: os.name: &apos;Windows 10&apos;, os.arch: &apos;amd64&apos;, os.version: &apos;10.0&apos;, java.version: &apos;21.0.6&apos;
Driver info: org.openqa.selenium.remote.RemoteWebDriver
Capabilities {acceptInsecureCerts: false, browserName: MicrosoftEdge, browserVersion: 136.0.3240.92, fedcm:accounts: true, ms:edgeOptions: {debuggerAddress: localhost:49768}, msedge: {msedgedriverVersion: 136.0.3240.104 (6a705373902..., userDataDir: C:\Users\ssmit\AppData\Loca...}, networkConnectionEnabled: false, pageLoadStrategy: normal, platformName: Windows 10, proxy: Proxy(), se:bidiEnabled: false, se:cdp: ws://192.168.1.191:4444/ses..., se:cdpVersion: 136.0.3240.92, setWindowRect: true, strictFileInteractability: false, timeouts: {implicit: 0, pageLoad: 300000, script: 30000}, unhandledPromptBehavior: dismiss and notify, webauthn:extension:credBlob: true, webauthn:extension:largeBlob: true, webauthn:extension:minPinLength: true, webauthn:extension:prf: true, webauthn:virtualAuthenticators: true}
Session ID: 10ad548b74f237a9759d97e1c10faa68
	at testCases.TC04_CompletePurchase.testCompletePurchase(TC04_CompletePurchase.java:86)
	at java.base/java.util.ArrayList.forEach(ArrayList.java:1596)
	at java.base/java.util.concurrent.FutureTask.run(FutureTask.java:317)
	at java.base/java.util.concurrent.ThreadPoolExecutor.runWorker(ThreadPoolExecutor.java:1144)
	at java.base/java.util.concurrent.ThreadPoolExecutor$Worker.run(ThreadPoolExecutor.java:642)
	at java.base/java.lang.Thread.run(Thread.java:1583)
... Removed 16 stack frames
</div> <!-- stack-trace -->
                </div> <!-- method-content -->
              </div> <!-- method -->
            </div> <!-- main-panel-content rounded-window-bottom -->
          </div> <!-- suite-Suite-class-failed -->
          <div class="suite-Suite-class-failed">
            <div class="main-panel-header rounded-window-top">
              <img src="failed.png"/>
              <span class="class-name">testCases.TC03_AddToCart</span>
            </div> <!-- main-panel-header rounded-window-top -->
            <div class="main-panel-content rounded-window-bottom">
              <div class="method">
                <div class="method-content">
                  <a name="testAddToCart(firefox)">
                  </a> <!-- testAddToCart(firefox) -->
                  <span class="method-name">testAddToCart</span>
                  <span class="parameters">(firefox)</span>
                  <div class="stack-trace">java.lang.AssertionError: Test failed due to unexpected exception.
	at testCases.TC03_AddToCart.testAddToCart(TC03_AddToCart.java:57)
	at java.base/java.util.ArrayList.forEach(ArrayList.java:1596)
	at java.base/java.util.concurrent.FutureTask.run(FutureTask.java:317)
	at java.base/java.util.concurrent.ThreadPoolExecutor.runWorker(ThreadPoolExecutor.java:1144)
	at java.base/java.util.concurrent.ThreadPoolExecutor$Worker.run(ThreadPoolExecutor.java:642)
	at java.base/java.lang.Thread.run(Thread.java:1583)
... Removed 16 stack frames
</div> <!-- stack-trace -->
                </div> <!-- method-content -->
              </div> <!-- method -->
              <div class="method">
                <div class="method-content">
                  <a name="testAddToCart(edge)">
                  </a> <!-- testAddToCart(edge) -->
                  <span class="method-name">testAddToCart</span>
                  <span class="parameters">(edge)</span>
                  <div class="stack-trace">java.lang.AssertionError: Test failed due to unexpected exception.
	at testCases.TC03_AddToCart.testAddToCart(TC03_AddToCart.java:57)
	at java.base/java.util.ArrayList.forEach(ArrayList.java:1596)
	at java.base/java.util.concurrent.FutureTask.run(FutureTask.java:317)
	at java.base/java.util.concurrent.ThreadPoolExecutor.runWorker(ThreadPoolExecutor.java:1144)
	at java.base/java.util.concurrent.ThreadPoolExecutor$Worker.run(ThreadPoolExecutor.java:642)
	at java.base/java.lang.Thread.run(Thread.java:1583)
... Removed 16 stack frames
</div> <!-- stack-trace -->
                </div> <!-- method-content -->
              </div> <!-- method -->
            </div> <!-- main-panel-content rounded-window-bottom -->
          </div> <!-- suite-Suite-class-failed -->
          <div class="suite-Suite-class-failed">
            <div class="main-panel-header rounded-window-top">
              <img src="failed.png"/>
              <span class="class-name">testCases.TC05_AddToWishList</span>
            </div> <!-- main-panel-header rounded-window-top -->
            <div class="main-panel-content rounded-window-bottom">
              <div class="method">
                <div class="method-content">
                  <a name="testAddToWishList">
                  </a> <!-- testAddToWishList -->
                  <span class="method-name">testAddToWishList</span>
                  <div class="stack-trace">java.lang.AssertionError: Test failed due to unexpected exception: Unable to locate element: //a[normalize-space()=&apos;Login&apos;]
For documentation on this error, please visit: https://www.selenium.dev/documentation/webdriver/troubleshooting/errors#no-such-element-exception
Build info: version: &apos;4.31.0&apos;, revision: &apos;1ef9f18787*&apos;
System info: os.name: &apos;Windows 10&apos;, os.arch: &apos;amd64&apos;, os.version: &apos;10.0&apos;, java.version: &apos;21.0.6&apos;
Driver info: org.openqa.selenium.remote.RemoteWebDriver
Command: [385c9488-6216-45aa-95b2-9c6e8b763c63, findElement {value=//a[normalize-space()=&apos;Login&apos;], using=xpath}]
Capabilities {acceptInsecureCerts: true, browserName: firefox, browserVersion: 139.0.1, moz:accessibilityChecks: false, moz:buildID: 20250529122813, moz:firefoxOptions: {binary: C:\Program Files\Mozilla Fi..., prefs: {remote.active-protocols: 3}}, moz:geckodriverVersion: 0.36.0, moz:headless: false, moz:platformVersion: 10.0, moz:processID: 24072, moz:profile: C:\Users\ssmit\AppData\Loca..., moz:shutdownTimeout: 60000, moz:webdriverClick: true, moz:windowless: false, pageLoadStrategy: normal, platformName: Windows 10, proxy: Proxy(), se:bidiEnabled: false, se:cdpEnabled: false, setWindowRect: true, strictFileInteractability: false, timeouts: {implicit: 0, pageLoad: 300000, script: 30000}, unhandledPromptBehavior: dismiss and notify, userAgent: Mozilla/5.0 (Windows NT 10....}
Session ID: 385c9488-6216-45aa-95b2-9c6e8b763c63
	at testCases.TC05_AddToWishList.testAddToWishList(TC05_AddToWishList.java:91)
	at java.base/java.util.ArrayList.forEach(ArrayList.java:1596)
	at java.base/java.util.concurrent.FutureTask.run(FutureTask.java:317)
	at java.base/java.util.concurrent.ThreadPoolExecutor.runWorker(ThreadPoolExecutor.java:1144)
	at java.base/java.util.concurrent.ThreadPoolExecutor$Worker.run(ThreadPoolExecutor.java:642)
	at java.base/java.lang.Thread.run(Thread.java:1583)
... Removed 16 stack frames
</div> <!-- stack-trace -->
                </div> <!-- method-content -->
              </div> <!-- method -->
              <div class="method">
                <div class="method-content">
                  <a name="testAddToWishList">
                  </a> <!-- testAddToWishList -->
                  <span class="method-name">testAddToWishList</span>
                  <div class="stack-trace">java.lang.AssertionError: Test failed due to unexpected exception: no such element: Unable to locate element: {&quot;method&quot;:&quot;xpath&quot;,&quot;selector&quot;:&quot;//a[normalize-space()=&apos;Login&apos;]&quot;}
  (Session info: chrome=137.0.7151.56)
For documentation on this error, please visit: https://www.selenium.dev/documentation/webdriver/troubleshooting/errors#no-such-element-exception
Build info: version: &apos;4.31.0&apos;, revision: &apos;1ef9f18787*&apos;
System info: os.name: &apos;Windows 10&apos;, os.arch: &apos;amd64&apos;, os.version: &apos;10.0&apos;, java.version: &apos;21.0.6&apos;
Driver info: org.openqa.selenium.remote.RemoteWebDriver
Command: [ee127241743e12ce9043aac4f42bcf16, findElement {value=//a[normalize-space()=&apos;Login&apos;], using=xpath}]
Capabilities {acceptInsecureCerts: false, browserName: chrome, browserVersion: 137.0.7151.56, chrome: {chromedriverVersion: 137.0.7151.68 (2989ffee9373..., userDataDir: C:\Users\ssmit\AppData\Loca...}, fedcm:accounts: true, goog:chromeOptions: {debuggerAddress: localhost:65474}, networkConnectionEnabled: false, pageLoadStrategy: normal, platformName: Windows 10, proxy: Proxy(), se:bidiEnabled: false, se:cdp: ws://192.168.1.191:4444/ses..., se:cdpVersion: 137.0.7151.56, setWindowRect: true, strictFileInteractability: false, timeouts: {implicit: 0, pageLoad: 300000, script: 30000}, unhandledPromptBehavior: dismiss and notify, webauthn:extension:credBlob: true, webauthn:extension:largeBlob: true, webauthn:extension:minPinLength: true, webauthn:extension:prf: true, webauthn:virtualAuthenticators: true}
Session ID: ee127241743e12ce9043aac4f42bcf16
	at testCases.TC05_AddToWishList.testAddToWishList(TC05_AddToWishList.java:91)
	at java.base/java.util.ArrayList.forEach(ArrayList.java:1596)
	at java.base/java.util.concurrent.FutureTask.run(FutureTask.java:317)
	at java.base/java.util.concurrent.ThreadPoolExecutor.runWorker(ThreadPoolExecutor.java:1144)
	at java.base/java.util.concurrent.ThreadPoolExecutor$Worker.run(ThreadPoolExecutor.java:642)
	at java.base/java.lang.Thread.run(Thread.java:1583)
... Removed 16 stack frames
</div> <!-- stack-trace -->
                </div> <!-- method-content -->
              </div> <!-- method -->
              <div class="method">
                <div class="method-content">
                  <a name="testAddToWishList">
                  </a> <!-- testAddToWishList -->
                  <span class="method-name">testAddToWishList</span>
                  <div class="stack-trace">java.lang.AssertionError: Test failed due to unexpected exception: no such element: Unable to locate element: {&quot;method&quot;:&quot;xpath&quot;,&quot;selector&quot;:&quot;//a[normalize-space()=&apos;Login&apos;]&quot;}
  (Session info: MicrosoftEdge=136.0.3240.92)
For documentation on this error, please visit: https://www.selenium.dev/documentation/webdriver/troubleshooting/errors#no-such-element-exception
Build info: version: &apos;4.31.0&apos;, revision: &apos;1ef9f18787*&apos;
System info: os.name: &apos;Windows 10&apos;, os.arch: &apos;amd64&apos;, os.version: &apos;10.0&apos;, java.version: &apos;21.0.6&apos;
Driver info: org.openqa.selenium.remote.RemoteWebDriver
Command: [0703f67130243cd250aad0cc95e7a5b3, findElement {value=//a[normalize-space()=&apos;Login&apos;], using=xpath}]
Capabilities {acceptInsecureCerts: false, browserName: MicrosoftEdge, browserVersion: 136.0.3240.92, fedcm:accounts: true, ms:edgeOptions: {debuggerAddress: localhost:49176}, msedge: {msedgedriverVersion: 136.0.3240.104 (6a705373902..., userDataDir: C:\Users\ssmit\AppData\Loca...}, networkConnectionEnabled: false, pageLoadStrategy: normal, platformName: Windows 10, proxy: Proxy(), se:bidiEnabled: false, se:cdp: ws://192.168.1.191:4444/ses..., se:cdpVersion: 136.0.3240.92, setWindowRect: true, strictFileInteractability: false, timeouts: {implicit: 0, pageLoad: 300000, script: 30000}, unhandledPromptBehavior: dismiss and notify, webauthn:extension:credBlob: true, webauthn:extension:largeBlob: true, webauthn:extension:minPinLength: true, webauthn:extension:prf: true, webauthn:virtualAuthenticators: true}
Session ID: 0703f67130243cd250aad0cc95e7a5b3
	at testCases.TC05_AddToWishList.testAddToWishList(TC05_AddToWishList.java:91)
	at java.base/java.util.ArrayList.forEach(ArrayList.java:1596)
	at java.base/java.util.concurrent.FutureTask.run(FutureTask.java:317)
	at java.base/java.util.concurrent.ThreadPoolExecutor.runWorker(ThreadPoolExecutor.java:1144)
	at java.base/java.util.concurrent.ThreadPoolExecutor$Worker.run(ThreadPoolExecutor.java:642)
	at java.base/java.lang.Thread.run(Thread.java:1583)
... Removed 16 stack frames
</div> <!-- stack-trace -->
                </div> <!-- method-content -->
              </div> <!-- method -->
            </div> <!-- main-panel-content rounded-window-bottom -->
          </div> <!-- suite-Suite-class-failed -->
          <div class="suite-Suite-class-skipped">
            <div class="main-panel-header rounded-window-top">
              <img src="skipped.png"/>
              <span class="class-name">testCases.TC04_CompletePurchase</span>
            </div> <!-- main-panel-header rounded-window-top -->
            <div class="main-panel-content rounded-window-bottom">
              <div class="method">
                <div class="method-content">
                  <a name="testCompletePurchase">
                  </a> <!-- testCompletePurchase -->
                  <span class="method-name">testCompletePurchase</span>
                  <div class="stack-trace">java.lang.AssertionError: Test failed due to: Element &lt;a href=&quot;https://www.cloudberrystore.services/index.php?route=product/product&amp;language=en-gb&amp;product_id=47&amp;path=18&quot;&gt; could not be scrolled into view
Build info: version: &apos;4.31.0&apos;, revision: &apos;1ef9f18787*&apos;
System info: os.name: &apos;Windows 10&apos;, os.arch: &apos;amd64&apos;, os.version: &apos;10.0&apos;, java.version: &apos;21.0.6&apos;
Driver info: org.openqa.selenium.remote.RemoteWebDriver
Command: [3c02bf24-17f1-426c-a932-6ef0317435de, clickElement {id=1cb23663-f7dd-4211-bf6f-a597eeb7bab0}]
Capabilities {acceptInsecureCerts: true, browserName: firefox, browserVersion: 139.0.1, moz:accessibilityChecks: false, moz:buildID: 20250529122813, moz:firefoxOptions: {binary: C:\Program Files\Mozilla Fi..., prefs: {remote.active-protocols: 3}}, moz:geckodriverVersion: 0.36.0, moz:headless: false, moz:platformVersion: 10.0, moz:processID: 10504, moz:profile: C:\Users\ssmit\AppData\Loca..., moz:shutdownTimeout: 60000, moz:webdriverClick: true, moz:windowless: false, pageLoadStrategy: normal, platformName: Windows 10, proxy: Proxy(), se:bidiEnabled: false, se:cdpEnabled: false, setWindowRect: true, strictFileInteractability: false, timeouts: {implicit: 0, pageLoad: 300000, script: 30000}, unhandledPromptBehavior: dismiss and notify, userAgent: Mozilla/5.0 (Windows NT 10....}
Element: [[RemoteWebDriver: firefox on Windows 10 (3c02bf24-17f1-426c-a932-6ef0317435de)] -&gt; xpath: //a[normalize-space()=&apos;HP LP3065&apos;]]
Session ID: 3c02bf24-17f1-426c-a932-6ef0317435de
	at testCases.TC04_CompletePurchase.testCompletePurchase(TC04_CompletePurchase.java:86)
	at java.base/java.util.ArrayList.forEach(ArrayList.java:1596)
	at java.base/java.util.concurrent.FutureTask.run(FutureTask.java:317)
	at java.base/java.util.concurrent.ThreadPoolExecutor.runWorker(ThreadPoolExecutor.java:1144)
	at java.base/java.util.concurrent.ThreadPoolExecutor$Worker.run(ThreadPoolExecutor.java:642)
	at java.base/java.lang.Thread.run(Thread.java:1583)
... Removed 16 stack frames
</div> <!-- stack-trace -->
                </div> <!-- method-content -->
              </div> <!-- method -->
              <div class="method">
                <div class="method-content">
                  <a name="testCompletePurchase">
                  </a> <!-- testCompletePurchase -->
                  <span class="method-name">testCompletePurchase</span>
                  <div class="stack-trace">java.lang.AssertionError: Test failed due to: Element &lt;a class=&quot;nav-link dropdown-toggle&quot; href=&quot;https://www.cloudberrystore.services/index.php?route=product/category&amp;language=en-gb&amp;path=18&quot;&gt; could not be scrolled into view
Build info: version: &apos;4.31.0&apos;, revision: &apos;1ef9f18787*&apos;
System info: os.name: &apos;Windows 10&apos;, os.arch: &apos;amd64&apos;, os.version: &apos;10.0&apos;, java.version: &apos;21.0.6&apos;
Driver info: org.openqa.selenium.remote.RemoteWebDriver
Command: [3c02bf24-17f1-426c-a932-6ef0317435de, clickElement {id=65250776-b9e7-48bf-8e9a-85849fa77483}]
Capabilities {acceptInsecureCerts: true, browserName: firefox, browserVersion: 139.0.1, moz:accessibilityChecks: false, moz:buildID: 20250529122813, moz:firefoxOptions: {binary: C:\Program Files\Mozilla Fi..., prefs: {remote.active-protocols: 3}}, moz:geckodriverVersion: 0.36.0, moz:headless: false, moz:platformVersion: 10.0, moz:processID: 10504, moz:profile: C:\Users\ssmit\AppData\Loca..., moz:shutdownTimeout: 60000, moz:webdriverClick: true, moz:windowless: false, pageLoadStrategy: normal, platformName: Windows 10, proxy: Proxy(), se:bidiEnabled: false, se:cdpEnabled: false, setWindowRect: true, strictFileInteractability: false, timeouts: {implicit: 0, pageLoad: 300000, script: 30000}, unhandledPromptBehavior: dismiss and notify, userAgent: Mozilla/5.0 (Windows NT 10....}
Element: [[RemoteWebDriver: firefox on Windows 10 (3c02bf24-17f1-426c-a932-6ef0317435de)] -&gt; xpath: //a[normalize-space()=&apos;Laptops &amp; Notebooks&apos;]]
Session ID: 3c02bf24-17f1-426c-a932-6ef0317435de
	at testCases.TC04_CompletePurchase.testCompletePurchase(TC04_CompletePurchase.java:86)
	at java.base/java.util.ArrayList.forEach(ArrayList.java:1596)
	at java.base/java.util.concurrent.FutureTask.run(FutureTask.java:317)
	at java.base/java.util.concurrent.ThreadPoolExecutor.runWorker(ThreadPoolExecutor.java:1144)
	at java.base/java.util.concurrent.ThreadPoolExecutor$Worker.run(ThreadPoolExecutor.java:642)
	at java.base/java.lang.Thread.run(Thread.java:1583)
... Removed 16 stack frames
</div> <!-- stack-trace -->
                </div> <!-- method-content -->
              </div> <!-- method -->
              <div class="method">
                <div class="method-content">
                  <a name="testCompletePurchase">
                  </a> <!-- testCompletePurchase -->
                  <span class="method-name">testCompletePurchase</span>
                  <div class="stack-trace">java.lang.AssertionError: Test failed due to: element click intercepted: Element is not clickable at point (424, 863)
  (Session info: chrome=137.0.7151.56)
Build info: version: &apos;4.31.0&apos;, revision: &apos;1ef9f18787*&apos;
System info: os.name: &apos;Windows 10&apos;, os.arch: &apos;amd64&apos;, os.version: &apos;10.0&apos;, java.version: &apos;21.0.6&apos;
Driver info: org.openqa.selenium.remote.RemoteWebDriver
Command: [61b39f7a4fdfba9d46a6b656719248d4, clickElement {id=f.A3601D701570CDBA8ECA5BF23D643ED6.d.D05D492EC9D57915CC9230C3B96EFEEC.e.80}]
Capabilities {acceptInsecureCerts: false, browserName: chrome, browserVersion: 137.0.7151.56, chrome: {chromedriverVersion: 137.0.7151.68 (2989ffee9373..., userDataDir: C:\Users\ssmit\AppData\Loca...}, fedcm:accounts: true, goog:chromeOptions: {debuggerAddress: localhost:49979}, networkConnectionEnabled: false, pageLoadStrategy: normal, platformName: Windows 10, proxy: Proxy(), se:bidiEnabled: false, se:cdp: ws://192.168.1.191:4444/ses..., se:cdpVersion: 137.0.7151.56, setWindowRect: true, strictFileInteractability: false, timeouts: {implicit: 0, pageLoad: 300000, script: 30000}, unhandledPromptBehavior: dismiss and notify, webauthn:extension:credBlob: true, webauthn:extension:largeBlob: true, webauthn:extension:minPinLength: true, webauthn:extension:prf: true, webauthn:virtualAuthenticators: true}
Element: [[RemoteWebDriver: chrome on Windows 10 (61b39f7a4fdfba9d46a6b656719248d4)] -&gt; xpath: //a[normalize-space()=&apos;HP LP3065&apos;]]
Session ID: 61b39f7a4fdfba9d46a6b656719248d4
	at testCases.TC04_CompletePurchase.testCompletePurchase(TC04_CompletePurchase.java:86)
	at java.base/java.util.ArrayList.forEach(ArrayList.java:1596)
	at java.base/java.util.concurrent.FutureTask.run(FutureTask.java:317)
	at java.base/java.util.concurrent.ThreadPoolExecutor.runWorker(ThreadPoolExecutor.java:1144)
	at java.base/java.util.concurrent.ThreadPoolExecutor$Worker.run(ThreadPoolExecutor.java:642)
	at java.base/java.lang.Thread.run(Thread.java:1583)
... Removed 16 stack frames
</div> <!-- stack-trace -->
                </div> <!-- method-content -->
              </div> <!-- method -->
              <div class="method">
                <div class="method-content">
                  <a name="testCompletePurchase">
                  </a> <!-- testCompletePurchase -->
                  <span class="method-name">testCompletePurchase</span>
                  <div class="stack-trace">java.lang.AssertionError: Test failed due to: element click intercepted: Element is not clickable at point (424, 838)
  (Session info: chrome=137.0.7151.56)
Build info: version: &apos;4.31.0&apos;, revision: &apos;1ef9f18787*&apos;
System info: os.name: &apos;Windows 10&apos;, os.arch: &apos;amd64&apos;, os.version: &apos;10.0&apos;, java.version: &apos;21.0.6&apos;
Driver info: org.openqa.selenium.remote.RemoteWebDriver
Command: [61b39f7a4fdfba9d46a6b656719248d4, clickElement {id=f.A3601D701570CDBA8ECA5BF23D643ED6.d.C7C7394873CC1E130C889143A4888AF4.e.60}]
Capabilities {acceptInsecureCerts: false, browserName: chrome, browserVersion: 137.0.7151.56, chrome: {chromedriverVersion: 137.0.7151.68 (2989ffee9373..., userDataDir: C:\Users\ssmit\AppData\Loca...}, fedcm:accounts: true, goog:chromeOptions: {debuggerAddress: localhost:49979}, networkConnectionEnabled: false, pageLoadStrategy: normal, platformName: Windows 10, proxy: Proxy(), se:bidiEnabled: false, se:cdp: ws://192.168.1.191:4444/ses..., se:cdpVersion: 137.0.7151.56, setWindowRect: true, strictFileInteractability: false, timeouts: {implicit: 0, pageLoad: 300000, script: 30000}, unhandledPromptBehavior: dismiss and notify, webauthn:extension:credBlob: true, webauthn:extension:largeBlob: true, webauthn:extension:minPinLength: true, webauthn:extension:prf: true, webauthn:virtualAuthenticators: true}
Element: [[RemoteWebDriver: chrome on Windows 10 (61b39f7a4fdfba9d46a6b656719248d4)] -&gt; xpath: //a[normalize-space()=&apos;HP LP3065&apos;]]
Session ID: 61b39f7a4fdfba9d46a6b656719248d4
	at testCases.TC04_CompletePurchase.testCompletePurchase(TC04_CompletePurchase.java:86)
	at java.base/java.util.ArrayList.forEach(ArrayList.java:1596)
	at java.base/java.util.concurrent.FutureTask.run(FutureTask.java:317)
	at java.base/java.util.concurrent.ThreadPoolExecutor.runWorker(ThreadPoolExecutor.java:1144)
	at java.base/java.util.concurrent.ThreadPoolExecutor$Worker.run(ThreadPoolExecutor.java:642)
	at java.base/java.lang.Thread.run(Thread.java:1583)
... Removed 16 stack frames
</div> <!-- stack-trace -->
                </div> <!-- method-content -->
              </div> <!-- method -->
              <div class="method">
                <div class="method-content">
                  <a name="testCompletePurchase">
                  </a> <!-- testCompletePurchase -->
                  <span class="method-name">testCompletePurchase</span>
                  <div class="stack-trace">java.lang.AssertionError: Test failed due to: element click intercepted: Element is not clickable at point (1115, -100)
  (Session info: MicrosoftEdge=136.0.3240.92)
Build info: version: &apos;4.31.0&apos;, revision: &apos;1ef9f18787*&apos;
System info: os.name: &apos;Windows 10&apos;, os.arch: &apos;amd64&apos;, os.version: &apos;10.0&apos;, java.version: &apos;21.0.6&apos;
Driver info: org.openqa.selenium.remote.RemoteWebDriver
Command: [10ad548b74f237a9759d97e1c10faa68, clickElement {id=f.E95CE9E3A2BDDCC0FAA9CF715AAE2FE9.d.FFB8984EF5CB98AF443634BBF649D707.e.90}]
Capabilities {acceptInsecureCerts: false, browserName: MicrosoftEdge, browserVersion: 136.0.3240.92, fedcm:accounts: true, ms:edgeOptions: {debuggerAddress: localhost:49768}, msedge: {msedgedriverVersion: 136.0.3240.104 (6a705373902..., userDataDir: C:\Users\ssmit\AppData\Loca...}, networkConnectionEnabled: false, pageLoadStrategy: normal, platformName: Windows 10, proxy: Proxy(), se:bidiEnabled: false, se:cdp: ws://192.168.1.191:4444/ses..., se:cdpVersion: 136.0.3240.92, setWindowRect: true, strictFileInteractability: false, timeouts: {implicit: 0, pageLoad: 300000, script: 30000}, unhandledPromptBehavior: dismiss and notify, webauthn:extension:credBlob: true, webauthn:extension:largeBlob: true, webauthn:extension:minPinLength: true, webauthn:extension:prf: true, webauthn:virtualAuthenticators: true}
Element: [[RemoteWebDriver: MicrosoftEdge on Windows 10 (10ad548b74f237a9759d97e1c10faa68)] -&gt; xpath: //a[@title=&apos;Checkout&apos;]//i[@class=&apos;fa-solid fa-share&apos;]]
Session ID: 10ad548b74f237a9759d97e1c10faa68
	at testCases.TC04_CompletePurchase.testCompletePurchase(TC04_CompletePurchase.java:86)
	at java.base/java.util.ArrayList.forEach(ArrayList.java:1596)
	at java.base/java.util.concurrent.FutureTask.run(FutureTask.java:317)
	at java.base/java.util.concurrent.ThreadPoolExecutor.runWorker(ThreadPoolExecutor.java:1144)
	at java.base/java.util.concurrent.ThreadPoolExecutor$Worker.run(ThreadPoolExecutor.java:642)
	at java.base/java.lang.Thread.run(Thread.java:1583)
... Removed 16 stack frames
</div> <!-- stack-trace -->
                </div> <!-- method-content -->
              </div> <!-- method -->
              <div class="method">
                <div class="method-content">
                  <a name="testCompletePurchase">
                  </a> <!-- testCompletePurchase -->
                  <span class="method-name">testCompletePurchase</span>
                  <div class="stack-trace">java.lang.AssertionError: Test failed due to: Expected condition failed: waiting for visibility of [[RemoteWebDriver: MicrosoftEdge on Windows 10 (10ad548b74f237a9759d97e1c10faa68)] -&gt; xpath: //a[normalize-space()=&apos;HP LP3065&apos;]] (tried for 10 second(s) with 500 milliseconds interval)
Build info: version: &apos;4.31.0&apos;, revision: &apos;1ef9f18787*&apos;
System info: os.name: &apos;Windows 10&apos;, os.arch: &apos;amd64&apos;, os.version: &apos;10.0&apos;, java.version: &apos;21.0.6&apos;
Driver info: org.openqa.selenium.remote.RemoteWebDriver
Capabilities {acceptInsecureCerts: false, browserName: MicrosoftEdge, browserVersion: 136.0.3240.92, fedcm:accounts: true, ms:edgeOptions: {debuggerAddress: localhost:49768}, msedge: {msedgedriverVersion: 136.0.3240.104 (6a705373902..., userDataDir: C:\Users\ssmit\AppData\Loca...}, networkConnectionEnabled: false, pageLoadStrategy: normal, platformName: Windows 10, proxy: Proxy(), se:bidiEnabled: false, se:cdp: ws://192.168.1.191:4444/ses..., se:cdpVersion: 136.0.3240.92, setWindowRect: true, strictFileInteractability: false, timeouts: {implicit: 0, pageLoad: 300000, script: 30000}, unhandledPromptBehavior: dismiss and notify, webauthn:extension:credBlob: true, webauthn:extension:largeBlob: true, webauthn:extension:minPinLength: true, webauthn:extension:prf: true, webauthn:virtualAuthenticators: true}
Session ID: 10ad548b74f237a9759d97e1c10faa68
	at testCases.TC04_CompletePurchase.testCompletePurchase(TC04_CompletePurchase.java:86)
	at java.base/java.util.ArrayList.forEach(ArrayList.java:1596)
	at java.base/java.util.concurrent.FutureTask.run(FutureTask.java:317)
	at java.base/java.util.concurrent.ThreadPoolExecutor.runWorker(ThreadPoolExecutor.java:1144)
	at java.base/java.util.concurrent.ThreadPoolExecutor$Worker.run(ThreadPoolExecutor.java:642)
	at java.base/java.lang.Thread.run(Thread.java:1583)
... Removed 16 stack frames
</div> <!-- stack-trace -->
                </div> <!-- method-content -->
              </div> <!-- method -->
            </div> <!-- main-panel-content rounded-window-bottom -->
          </div> <!-- suite-Suite-class-skipped -->
          <div class="suite-Suite-class-skipped">
            <div class="main-panel-header rounded-window-top">
              <img src="skipped.png"/>
              <span class="class-name">testCases.TC03_AddToCart</span>
            </div> <!-- main-panel-header rounded-window-top -->
            <div class="main-panel-content rounded-window-bottom">
              <div class="method">
                <div class="method-content">
                  <a name="testAddToCart(firefox)">
                  </a> <!-- testAddToCart(firefox) -->
                  <span class="method-name">testAddToCart</span>
                  <span class="parameters">(firefox)</span>
                  <div class="stack-trace">java.lang.AssertionError: Test failed due to unexpected exception.
	at testCases.TC03_AddToCart.testAddToCart(TC03_AddToCart.java:57)
	at java.base/java.util.ArrayList.forEach(ArrayList.java:1596)
	at java.base/java.util.concurrent.FutureTask.run(FutureTask.java:317)
	at java.base/java.util.concurrent.ThreadPoolExecutor.runWorker(ThreadPoolExecutor.java:1144)
	at java.base/java.util.concurrent.ThreadPoolExecutor$Worker.run(ThreadPoolExecutor.java:642)
	at java.base/java.lang.Thread.run(Thread.java:1583)
... Removed 16 stack frames
</div> <!-- stack-trace -->
                </div> <!-- method-content -->
              </div> <!-- method -->
              <div class="method">
                <div class="method-content">
                  <a name="testAddToCart(firefox)">
                  </a> <!-- testAddToCart(firefox) -->
                  <span class="method-name">testAddToCart</span>
                  <span class="parameters">(firefox)</span>
                  <div class="stack-trace">java.lang.AssertionError: Test failed due to unexpected exception.
	at testCases.TC03_AddToCart.testAddToCart(TC03_AddToCart.java:57)
	at java.base/java.util.ArrayList.forEach(ArrayList.java:1596)
	at java.base/java.util.concurrent.FutureTask.run(FutureTask.java:317)
	at java.base/java.util.concurrent.ThreadPoolExecutor.runWorker(ThreadPoolExecutor.java:1144)
	at java.base/java.util.concurrent.ThreadPoolExecutor$Worker.run(ThreadPoolExecutor.java:642)
	at java.base/java.lang.Thread.run(Thread.java:1583)
... Removed 16 stack frames
</div> <!-- stack-trace -->
                </div> <!-- method-content -->
              </div> <!-- method -->
              <div class="method">
                <div class="method-content">
                  <a name="testAddToCart(chrome)">
                  </a> <!-- testAddToCart(chrome) -->
                  <span class="method-name">testAddToCart</span>
                  <span class="parameters">(chrome)</span>
                  <div class="stack-trace">java.lang.AssertionError: Test failed due to unexpected exception.
	at testCases.TC03_AddToCart.testAddToCart(TC03_AddToCart.java:57)
	at java.base/java.util.ArrayList.forEach(ArrayList.java:1596)
	at java.base/java.util.concurrent.FutureTask.run(FutureTask.java:317)
	at java.base/java.util.concurrent.ThreadPoolExecutor.runWorker(ThreadPoolExecutor.java:1144)
	at java.base/java.util.concurrent.ThreadPoolExecutor$Worker.run(ThreadPoolExecutor.java:642)
	at java.base/java.lang.Thread.run(Thread.java:1583)
... Removed 16 stack frames
</div> <!-- stack-trace -->
                </div> <!-- method-content -->
              </div> <!-- method -->
              <div class="method">
                <div class="method-content">
                  <a name="testAddToCart(edge)">
                  </a> <!-- testAddToCart(edge) -->
                  <span class="method-name">testAddToCart</span>
                  <span class="parameters">(edge)</span>
                  <div class="stack-trace">java.lang.AssertionError: Test failed due to unexpected exception.
	at testCases.TC03_AddToCart.testAddToCart(TC03_AddToCart.java:57)
	at java.base/java.util.ArrayList.forEach(ArrayList.java:1596)
	at java.base/java.util.concurrent.FutureTask.run(FutureTask.java:317)
	at java.base/java.util.concurrent.ThreadPoolExecutor.runWorker(ThreadPoolExecutor.java:1144)
	at java.base/java.util.concurrent.ThreadPoolExecutor$Worker.run(ThreadPoolExecutor.java:642)
	at java.base/java.lang.Thread.run(Thread.java:1583)
... Removed 16 stack frames
</div> <!-- stack-trace -->
                </div> <!-- method-content -->
              </div> <!-- method -->
              <div class="method">
                <div class="method-content">
                  <a name="testAddToCart(edge)">
                  </a> <!-- testAddToCart(edge) -->
                  <span class="method-name">testAddToCart</span>
                  <span class="parameters">(edge)</span>
                  <div class="stack-trace">java.lang.AssertionError: Test failed due to unexpected exception.
	at testCases.TC03_AddToCart.testAddToCart(TC03_AddToCart.java:57)
	at java.base/java.util.ArrayList.forEach(ArrayList.java:1596)
	at java.base/java.util.concurrent.FutureTask.run(FutureTask.java:317)
	at java.base/java.util.concurrent.ThreadPoolExecutor.runWorker(ThreadPoolExecutor.java:1144)
	at java.base/java.util.concurrent.ThreadPoolExecutor$Worker.run(ThreadPoolExecutor.java:642)
	at java.base/java.lang.Thread.run(Thread.java:1583)
... Removed 16 stack frames
</div> <!-- stack-trace -->
                </div> <!-- method-content -->
              </div> <!-- method -->
            </div> <!-- main-panel-content rounded-window-bottom -->
          </div> <!-- suite-Suite-class-skipped -->
          <div class="suite-Suite-class-skipped">
            <div class="main-panel-header rounded-window-top">
              <img src="skipped.png"/>
              <span class="class-name">testCases.TC05_AddToWishList</span>
            </div> <!-- main-panel-header rounded-window-top -->
            <div class="main-panel-content rounded-window-bottom">
              <div class="method">
                <div class="method-content">
                  <a name="testAddToWishList">
                  </a> <!-- testAddToWishList -->
                  <span class="method-name">testAddToWishList</span>
                  <div class="stack-trace">java.lang.AssertionError: Test failed due to unexpected exception: Expected condition failed: waiting for visibility of [[RemoteWebDriver: firefox on Windows 10 (385c9488-6216-45aa-95b2-9c6e8b763c63)] -&gt; xpath: //a[normalize-space()=&apos;HP LP3065&apos;]] (tried for 10 second(s) with 500 milliseconds interval)
Build info: version: &apos;4.31.0&apos;, revision: &apos;1ef9f18787*&apos;
System info: os.name: &apos;Windows 10&apos;, os.arch: &apos;amd64&apos;, os.version: &apos;10.0&apos;, java.version: &apos;21.0.6&apos;
Driver info: org.openqa.selenium.remote.RemoteWebDriver
Capabilities {acceptInsecureCerts: true, browserName: firefox, browserVersion: 139.0.1, moz:accessibilityChecks: false, moz:buildID: 20250529122813, moz:firefoxOptions: {binary: C:\Program Files\Mozilla Fi..., prefs: {remote.active-protocols: 3}}, moz:geckodriverVersion: 0.36.0, moz:headless: false, moz:platformVersion: 10.0, moz:processID: 24072, moz:profile: C:\Users\ssmit\AppData\Loca..., moz:shutdownTimeout: 60000, moz:webdriverClick: true, moz:windowless: false, pageLoadStrategy: normal, platformName: Windows 10, proxy: Proxy(), se:bidiEnabled: false, se:cdpEnabled: false, setWindowRect: true, strictFileInteractability: false, timeouts: {implicit: 0, pageLoad: 300000, script: 30000}, unhandledPromptBehavior: dismiss and notify, userAgent: Mozilla/5.0 (Windows NT 10....}
Session ID: 385c9488-6216-45aa-95b2-9c6e8b763c63
	at testCases.TC05_AddToWishList.testAddToWishList(TC05_AddToWishList.java:91)
	at java.base/java.util.ArrayList.forEach(ArrayList.java:1596)
	at java.base/java.util.concurrent.FutureTask.run(FutureTask.java:317)
	at java.base/java.util.concurrent.ThreadPoolExecutor.runWorker(ThreadPoolExecutor.java:1144)
	at java.base/java.util.concurrent.ThreadPoolExecutor$Worker.run(ThreadPoolExecutor.java:642)
	at java.base/java.lang.Thread.run(Thread.java:1583)
... Removed 16 stack frames
</div> <!-- stack-trace -->
                </div> <!-- method-content -->
              </div> <!-- method -->
              <div class="method">
                <div class="method-content">
                  <a name="testAddToWishList">
                  </a> <!-- testAddToWishList -->
                  <span class="method-name">testAddToWishList</span>
                  <div class="stack-trace">java.lang.AssertionError: Test failed due to unexpected exception: Unable to locate element: //a[normalize-space()=&apos;Login&apos;]
For documentation on this error, please visit: https://www.selenium.dev/documentation/webdriver/troubleshooting/errors#no-such-element-exception
Build info: version: &apos;4.31.0&apos;, revision: &apos;1ef9f18787*&apos;
System info: os.name: &apos;Windows 10&apos;, os.arch: &apos;amd64&apos;, os.version: &apos;10.0&apos;, java.version: &apos;21.0.6&apos;
Driver info: org.openqa.selenium.remote.RemoteWebDriver
Command: [385c9488-6216-45aa-95b2-9c6e8b763c63, findElement {value=//a[normalize-space()=&apos;Login&apos;], using=xpath}]
Capabilities {acceptInsecureCerts: true, browserName: firefox, browserVersion: 139.0.1, moz:accessibilityChecks: false, moz:buildID: 20250529122813, moz:firefoxOptions: {binary: C:\Program Files\Mozilla Fi..., prefs: {remote.active-protocols: 3}}, moz:geckodriverVersion: 0.36.0, moz:headless: false, moz:platformVersion: 10.0, moz:processID: 24072, moz:profile: C:\Users\ssmit\AppData\Loca..., moz:shutdownTimeout: 60000, moz:webdriverClick: true, moz:windowless: false, pageLoadStrategy: normal, platformName: Windows 10, proxy: Proxy(), se:bidiEnabled: false, se:cdpEnabled: false, setWindowRect: true, strictFileInteractability: false, timeouts: {implicit: 0, pageLoad: 300000, script: 30000}, unhandledPromptBehavior: dismiss and notify, userAgent: Mozilla/5.0 (Windows NT 10....}
Session ID: 385c9488-6216-45aa-95b2-9c6e8b763c63
	at testCases.TC05_AddToWishList.testAddToWishList(TC05_AddToWishList.java:91)
	at java.base/java.util.ArrayList.forEach(ArrayList.java:1596)
	at java.base/java.util.concurrent.FutureTask.run(FutureTask.java:317)
	at java.base/java.util.concurrent.ThreadPoolExecutor.runWorker(ThreadPoolExecutor.java:1144)
	at java.base/java.util.concurrent.ThreadPoolExecutor$Worker.run(ThreadPoolExecutor.java:642)
	at java.base/java.lang.Thread.run(Thread.java:1583)
... Removed 16 stack frames
</div> <!-- stack-trace -->
                </div> <!-- method-content -->
              </div> <!-- method -->
              <div class="method">
                <div class="method-content">
                  <a name="testAddToWishList">
                  </a> <!-- testAddToWishList -->
                  <span class="method-name">testAddToWishList</span>
                  <div class="stack-trace">java.lang.AssertionError: Test failed due to unexpected exception: no such element: Unable to locate element: {&quot;method&quot;:&quot;xpath&quot;,&quot;selector&quot;:&quot;//a[normalize-space()=&apos;Login&apos;]&quot;}
  (Session info: chrome=137.0.7151.56)
For documentation on this error, please visit: https://www.selenium.dev/documentation/webdriver/troubleshooting/errors#no-such-element-exception
Build info: version: &apos;4.31.0&apos;, revision: &apos;1ef9f18787*&apos;
System info: os.name: &apos;Windows 10&apos;, os.arch: &apos;amd64&apos;, os.version: &apos;10.0&apos;, java.version: &apos;21.0.6&apos;
Driver info: org.openqa.selenium.remote.RemoteWebDriver
Command: [ee127241743e12ce9043aac4f42bcf16, findElement {value=//a[normalize-space()=&apos;Login&apos;], using=xpath}]
Capabilities {acceptInsecureCerts: false, browserName: chrome, browserVersion: 137.0.7151.56, chrome: {chromedriverVersion: 137.0.7151.68 (2989ffee9373..., userDataDir: C:\Users\ssmit\AppData\Loca...}, fedcm:accounts: true, goog:chromeOptions: {debuggerAddress: localhost:65474}, networkConnectionEnabled: false, pageLoadStrategy: normal, platformName: Windows 10, proxy: Proxy(), se:bidiEnabled: false, se:cdp: ws://192.168.1.191:4444/ses..., se:cdpVersion: 137.0.7151.56, setWindowRect: true, strictFileInteractability: false, timeouts: {implicit: 0, pageLoad: 300000, script: 30000}, unhandledPromptBehavior: dismiss and notify, webauthn:extension:credBlob: true, webauthn:extension:largeBlob: true, webauthn:extension:minPinLength: true, webauthn:extension:prf: true, webauthn:virtualAuthenticators: true}
Session ID: ee127241743e12ce9043aac4f42bcf16
	at testCases.TC05_AddToWishList.testAddToWishList(TC05_AddToWishList.java:91)
	at java.base/java.util.ArrayList.forEach(ArrayList.java:1596)
	at java.base/java.util.concurrent.FutureTask.run(FutureTask.java:317)
	at java.base/java.util.concurrent.ThreadPoolExecutor.runWorker(ThreadPoolExecutor.java:1144)
	at java.base/java.util.concurrent.ThreadPoolExecutor$Worker.run(ThreadPoolExecutor.java:642)
	at java.base/java.lang.Thread.run(Thread.java:1583)
... Removed 16 stack frames
</div> <!-- stack-trace -->
                </div> <!-- method-content -->
              </div> <!-- method -->
              <div class="method">
                <div class="method-content">
                  <a name="testAddToWishList">
                  </a> <!-- testAddToWishList -->
                  <span class="method-name">testAddToWishList</span>
                  <div class="stack-trace">java.lang.AssertionError: Test failed due to unexpected exception: Expected condition failed: waiting for visibility of [[RemoteWebDriver: chrome on Windows 10 (ee127241743e12ce9043aac4f42bcf16)] -&gt; xpath: //a[normalize-space()=&apos;HP LP3065&apos;]] (tried for 10 second(s) with 500 milliseconds interval)
Build info: version: &apos;4.31.0&apos;, revision: &apos;1ef9f18787*&apos;
System info: os.name: &apos;Windows 10&apos;, os.arch: &apos;amd64&apos;, os.version: &apos;10.0&apos;, java.version: &apos;21.0.6&apos;
Driver info: org.openqa.selenium.remote.RemoteWebDriver
Capabilities {acceptInsecureCerts: false, browserName: chrome, browserVersion: 137.0.7151.56, chrome: {chromedriverVersion: 137.0.7151.68 (2989ffee9373..., userDataDir: C:\Users\ssmit\AppData\Loca...}, fedcm:accounts: true, goog:chromeOptions: {debuggerAddress: localhost:65474}, networkConnectionEnabled: false, pageLoadStrategy: normal, platformName: Windows 10, proxy: Proxy(), se:bidiEnabled: false, se:cdp: ws://192.168.1.191:4444/ses..., se:cdpVersion: 137.0.7151.56, setWindowRect: true, strictFileInteractability: false, timeouts: {implicit: 0, pageLoad: 300000, script: 30000}, unhandledPromptBehavior: dismiss and notify, webauthn:extension:credBlob: true, webauthn:extension:largeBlob: true, webauthn:extension:minPinLength: true, webauthn:extension:prf: true, webauthn:virtualAuthenticators: true}
Session ID: ee127241743e12ce9043aac4f42bcf16
	at testCases.TC05_AddToWishList.testAddToWishList(TC05_AddToWishList.java:91)
	at java.base/java.util.ArrayList.forEach(ArrayList.java:1596)
	at java.base/java.util.concurrent.FutureTask.run(FutureTask.java:317)
	at java.base/java.util.concurrent.ThreadPoolExecutor.runWorker(ThreadPoolExecutor.java:1144)
	at java.base/java.util.concurrent.ThreadPoolExecutor$Worker.run(ThreadPoolExecutor.java:642)
	at java.base/java.lang.Thread.run(Thread.java:1583)
... Removed 16 stack frames
</div> <!-- stack-trace -->
                </div> <!-- method-content -->
              </div> <!-- method -->
              <div class="method">
                <div class="method-content">
                  <a name="testAddToWishList">
                  </a> <!-- testAddToWishList -->
                  <span class="method-name">testAddToWishList</span>
                  <div class="stack-trace">java.lang.AssertionError: Test failed due to unexpected exception: Expected condition failed: waiting for visibility of [[RemoteWebDriver: MicrosoftEdge on Windows 10 (0703f67130243cd250aad0cc95e7a5b3)] -&gt; xpath: //a[normalize-space()=&apos;HP LP3065&apos;]] (tried for 10 second(s) with 500 milliseconds interval)
Build info: version: &apos;4.31.0&apos;, revision: &apos;1ef9f18787*&apos;
System info: os.name: &apos;Windows 10&apos;, os.arch: &apos;amd64&apos;, os.version: &apos;10.0&apos;, java.version: &apos;21.0.6&apos;
Driver info: org.openqa.selenium.remote.RemoteWebDriver
Capabilities {acceptInsecureCerts: false, browserName: MicrosoftEdge, browserVersion: 136.0.3240.92, fedcm:accounts: true, ms:edgeOptions: {debuggerAddress: localhost:49176}, msedge: {msedgedriverVersion: 136.0.3240.104 (6a705373902..., userDataDir: C:\Users\ssmit\AppData\Loca...}, networkConnectionEnabled: false, pageLoadStrategy: normal, platformName: Windows 10, proxy: Proxy(), se:bidiEnabled: false, se:cdp: ws://192.168.1.191:4444/ses..., se:cdpVersion: 136.0.3240.92, setWindowRect: true, strictFileInteractability: false, timeouts: {implicit: 0, pageLoad: 300000, script: 30000}, unhandledPromptBehavior: dismiss and notify, webauthn:extension:credBlob: true, webauthn:extension:largeBlob: true, webauthn:extension:minPinLength: true, webauthn:extension:prf: true, webauthn:virtualAuthenticators: true}
Session ID: 0703f67130243cd250aad0cc95e7a5b3
	at testCases.TC05_AddToWishList.testAddToWishList(TC05_AddToWishList.java:91)
	at java.base/java.util.ArrayList.forEach(ArrayList.java:1596)
	at java.base/java.util.concurrent.FutureTask.run(FutureTask.java:317)
	at java.base/java.util.concurrent.ThreadPoolExecutor.runWorker(ThreadPoolExecutor.java:1144)
	at java.base/java.util.concurrent.ThreadPoolExecutor$Worker.run(ThreadPoolExecutor.java:642)
	at java.base/java.lang.Thread.run(Thread.java:1583)
... Removed 16 stack frames
</div> <!-- stack-trace -->
                </div> <!-- method-content -->
              </div> <!-- method -->
              <div class="method">
                <div class="method-content">
                  <a name="testAddToWishList">
                  </a> <!-- testAddToWishList -->
                  <span class="method-name">testAddToWishList</span>
                  <div class="stack-trace">java.lang.AssertionError: Test failed due to unexpected exception: no such element: Unable to locate element: {&quot;method&quot;:&quot;xpath&quot;,&quot;selector&quot;:&quot;//a[normalize-space()=&apos;Login&apos;]&quot;}
  (Session info: MicrosoftEdge=136.0.3240.92)
For documentation on this error, please visit: https://www.selenium.dev/documentation/webdriver/troubleshooting/errors#no-such-element-exception
Build info: version: &apos;4.31.0&apos;, revision: &apos;1ef9f18787*&apos;
System info: os.name: &apos;Windows 10&apos;, os.arch: &apos;amd64&apos;, os.version: &apos;10.0&apos;, java.version: &apos;21.0.6&apos;
Driver info: org.openqa.selenium.remote.RemoteWebDriver
Command: [0703f67130243cd250aad0cc95e7a5b3, findElement {value=//a[normalize-space()=&apos;Login&apos;], using=xpath}]
Capabilities {acceptInsecureCerts: false, browserName: MicrosoftEdge, browserVersion: 136.0.3240.92, fedcm:accounts: true, ms:edgeOptions: {debuggerAddress: localhost:49176}, msedge: {msedgedriverVersion: 136.0.3240.104 (6a705373902..., userDataDir: C:\Users\ssmit\AppData\Loca...}, networkConnectionEnabled: false, pageLoadStrategy: normal, platformName: Windows 10, proxy: Proxy(), se:bidiEnabled: false, se:cdp: ws://192.168.1.191:4444/ses..., se:cdpVersion: 136.0.3240.92, setWindowRect: true, strictFileInteractability: false, timeouts: {implicit: 0, pageLoad: 300000, script: 30000}, unhandledPromptBehavior: dismiss and notify, webauthn:extension:credBlob: true, webauthn:extension:largeBlob: true, webauthn:extension:minPinLength: true, webauthn:extension:prf: true, webauthn:virtualAuthenticators: true}
Session ID: 0703f67130243cd250aad0cc95e7a5b3
	at testCases.TC05_AddToWishList.testAddToWishList(TC05_AddToWishList.java:91)
	at java.base/java.util.ArrayList.forEach(ArrayList.java:1596)
	at java.base/java.util.concurrent.FutureTask.run(FutureTask.java:317)
	at java.base/java.util.concurrent.ThreadPoolExecutor.runWorker(ThreadPoolExecutor.java:1144)
	at java.base/java.util.concurrent.ThreadPoolExecutor$Worker.run(ThreadPoolExecutor.java:642)
	at java.base/java.lang.Thread.run(Thread.java:1583)
... Removed 16 stack frames
</div> <!-- stack-trace -->
                </div> <!-- method-content -->
              </div> <!-- method -->
            </div> <!-- main-panel-content rounded-window-bottom -->
          </div> <!-- suite-Suite-class-skipped -->
          <div class="suite-Suite-class-passed">
            <div class="main-panel-header rounded-window-top">
              <img src="passed.png"/>
              <span class="class-name">testCases.TC06_AddAffiliate</span>
            </div> <!-- main-panel-header rounded-window-top -->
            <div class="main-panel-content rounded-window-bottom">
              <div class="method">
                <div class="method-content">
                  <a name="testAddAffiliate">
                  </a> <!-- testAddAffiliate -->
                  <span class="method-name">testAddAffiliate</span>
                </div> <!-- method-content -->
              </div> <!-- method -->
              <div class="method">
                <div class="method-content">
                  <a name="testAddAffiliate">
                  </a> <!-- testAddAffiliate -->
                  <span class="method-name">testAddAffiliate</span>
                </div> <!-- method-content -->
              </div> <!-- method -->
              <div class="method">
                <div class="method-content">
                  <a name="testAddAffiliate">
                  </a> <!-- testAddAffiliate -->
                  <span class="method-name">testAddAffiliate</span>
                </div> <!-- method-content -->
              </div> <!-- method -->
            </div> <!-- main-panel-content rounded-window-bottom -->
          </div> <!-- suite-Suite-class-passed -->
          <div class="suite-Suite-class-passed">
            <div class="main-panel-header rounded-window-top">
              <img src="passed.png"/>
              <span class="class-name">testCases.TC02_Login</span>
            </div> <!-- main-panel-header rounded-window-top -->
            <div class="main-panel-content rounded-window-bottom">
              <div class="method">
                <div class="method-content">
                  <a name="testLogin(smitasharma.qa@gmail.com, ss*QA123)">
                  </a> <!-- testLogin(smitasharma.qa@gmail.com, ss*QA123) -->
                  <span class="method-name">testLogin</span>
                  <span class="parameters">(smitasharma.qa@gmail.com,ss*QA123)</span>
                </div> <!-- method-content -->
              </div> <!-- method -->
              <div class="method">
                <div class="method-content">
                  <a name="testLogin(nona@yahoo.com, QWER!@#$)">
                  </a> <!-- testLogin(nona@yahoo.com, QWER!@#$) -->
                  <span class="method-name">testLogin</span>
                  <span class="parameters">(nona@yahoo.com,QWER!@#$)</span>
                </div> <!-- method-content -->
              </div> <!-- method -->
              <div class="method">
                <div class="method-content">
                  <a name="testLogin(sid@cloudberry.services, Test123)">
                  </a> <!-- testLogin(sid@cloudberry.services, Test123) -->
                  <span class="method-name">testLogin</span>
                  <span class="parameters">(sid@cloudberry.services,Test123)</span>
                </div> <!-- method-content -->
              </div> <!-- method -->
              <div class="method">
                <div class="method-content">
                  <a name="testLogin(hichamkhachiai@gmail.com, hicham123)">
                  </a> <!-- testLogin(hichamkhachiai@gmail.com, hicham123) -->
                  <span class="method-name">testLogin</span>
                  <span class="parameters">(hichamkhachiai@gmail.com,hicham123)</span>
                </div> <!-- method-content -->
              </div> <!-- method -->
              <div class="method">
                <div class="method-content">
                  <a name="testLogin(apushedwoman@gmail.com, password123)">
                  </a> <!-- testLogin(apushedwoman@gmail.com, password123) -->
                  <span class="method-name">testLogin</span>
                  <span class="parameters">(apushedwoman@gmail.com,password123)</span>
                </div> <!-- method-content -->
              </div> <!-- method -->
              <div class="method">
                <div class="method-content">
                  <a name="testLogin(apushedwoman@gmail.com, password123)">
                  </a> <!-- testLogin(apushedwoman@gmail.com, password123) -->
                  <span class="method-name">testLogin</span>
                  <span class="parameters">(apushedwoman@gmail.com,password123)</span>
                </div> <!-- method-content -->
              </div> <!-- method -->
              <div class="method">
                <div class="method-content">
                  <a name="testLogin(hichamkhachiai@gmail.com, hicham123)">
                  </a> <!-- testLogin(hichamkhachiai@gmail.com, hicham123) -->
                  <span class="method-name">testLogin</span>
                  <span class="parameters">(hichamkhachiai@gmail.com,hicham123)</span>
                </div> <!-- method-content -->
              </div> <!-- method -->
              <div class="method">
                <div class="method-content">
                  <a name="testLogin(smitasharma.qa@gmail.com, ss*QA123)">
                  </a> <!-- testLogin(smitasharma.qa@gmail.com, ss*QA123) -->
                  <span class="method-name">testLogin</span>
                  <span class="parameters">(smitasharma.qa@gmail.com,ss*QA123)</span>
                </div> <!-- method-content -->
              </div> <!-- method -->
              <div class="method">
                <div class="method-content">
                  <a name="testLogin(nona@yahoo.com, QWER!@#$)">
                  </a> <!-- testLogin(nona@yahoo.com, QWER!@#$) -->
                  <span class="method-name">testLogin</span>
                  <span class="parameters">(nona@yahoo.com,QWER!@#$)</span>
                </div> <!-- method-content -->
              </div> <!-- method -->
              <div class="method">
                <div class="method-content">
                  <a name="testLogin(sid@cloudberry.services, Test123)">
                  </a> <!-- testLogin(sid@cloudberry.services, Test123) -->
                  <span class="method-name">testLogin</span>
                  <span class="parameters">(sid@cloudberry.services,Test123)</span>
                </div> <!-- method-content -->
              </div> <!-- method -->
              <div class="method">
                <div class="method-content">
                  <a name="testLogin(nona@yahoo.com, QWER!@#$)">
                  </a> <!-- testLogin(nona@yahoo.com, QWER!@#$) -->
                  <span class="method-name">testLogin</span>
                  <span class="parameters">(nona@yahoo.com,QWER!@#$)</span>
                </div> <!-- method-content -->
              </div> <!-- method -->
              <div class="method">
                <div class="method-content">
                  <a name="testLogin(smitasharma.qa@gmail.com, ss*QA123)">
                  </a> <!-- testLogin(smitasharma.qa@gmail.com, ss*QA123) -->
                  <span class="method-name">testLogin</span>
                  <span class="parameters">(smitasharma.qa@gmail.com,ss*QA123)</span>
                </div> <!-- method-content -->
              </div> <!-- method -->
              <div class="method">
                <div class="method-content">
                  <a name="testLogin(hichamkhachiai@gmail.com, hicham123)">
                  </a> <!-- testLogin(hichamkhachiai@gmail.com, hicham123) -->
                  <span class="method-name">testLogin</span>
                  <span class="parameters">(hichamkhachiai@gmail.com,hicham123)</span>
                </div> <!-- method-content -->
              </div> <!-- method -->
              <div class="method">
                <div class="method-content">
                  <a name="testLogin(apushedwoman@gmail.com, password123)">
                  </a> <!-- testLogin(apushedwoman@gmail.com, password123) -->
                  <span class="method-name">testLogin</span>
                  <span class="parameters">(apushedwoman@gmail.com,password123)</span>
                </div> <!-- method-content -->
              </div> <!-- method -->
              <div class="method">
                <div class="method-content">
                  <a name="testLogin(sid@cloudberry.services, Test123)">
                  </a> <!-- testLogin(sid@cloudberry.services, Test123) -->
                  <span class="method-name">testLogin</span>
                  <span class="parameters">(sid@cloudberry.services,Test123)</span>
                </div> <!-- method-content -->
              </div> <!-- method -->
            </div> <!-- main-panel-content rounded-window-bottom -->
          </div> <!-- suite-Suite-class-passed -->
          <div class="suite-Suite-class-passed">
            <div class="main-panel-header rounded-window-top">
              <img src="passed.png"/>
              <span class="class-name">testCases.TC03_AddToCart</span>
            </div> <!-- main-panel-header rounded-window-top -->
            <div class="main-panel-content rounded-window-bottom">
              <div class="method">
                <div class="method-content">
                  <a name="testAddToCart(chrome)">
                  </a> <!-- testAddToCart(chrome) -->
                  <span class="method-name">testAddToCart</span>
                  <span class="parameters">(chrome)</span>
                </div> <!-- method-content -->
              </div> <!-- method -->
            </div> <!-- main-panel-content rounded-window-bottom -->
          </div> <!-- suite-Suite-class-passed -->
          <div class="suite-Suite-class-passed">
            <div class="main-panel-header rounded-window-top">
              <img src="passed.png"/>
              <span class="class-name">testCases.TC01_LaunchApplication</span>
            </div> <!-- main-panel-header rounded-window-top -->
            <div class="main-panel-content rounded-window-bottom">
              <div class="method">
                <div class="method-content">
                  <a name="testLaunchApplication">
                  </a> <!-- testLaunchApplication -->
                  <span class="method-name">testLaunchApplication</span>
                </div> <!-- method-content -->
              </div> <!-- method -->
              <div class="method">
                <div class="method-content">
                  <a name="testLaunchApplication">
                  </a> <!-- testLaunchApplication -->
                  <span class="method-name">testLaunchApplication</span>
                </div> <!-- method-content -->
              </div> <!-- method -->
              <div class="method">
                <div class="method-content">
                  <a name="testLaunchApplication">
                  </a> <!-- testLaunchApplication -->
                  <span class="method-name">testLaunchApplication</span>
                </div> <!-- method-content -->
              </div> <!-- method -->
            </div> <!-- main-panel-content rounded-window-bottom -->
          </div> <!-- suite-Suite-class-passed -->
        </div> <!-- panel Suite -->
        <div panel-name="test-xml-Suite" class="panel">
          <div class="main-panel-header rounded-window-top">
            <span class="header-content">C:\Users\ssmit\eclipse-workspace\NinjaV6\testng.xml</span>
          </div> <!-- main-panel-header rounded-window-top -->
          <div class="main-panel-content rounded-window-bottom">
            <pre>
&lt;?xml version=&quot;1.0&quot; encoding=&quot;UTF-8&quot;?&gt;
&lt;!DOCTYPE suite SYSTEM &quot;https://testng.org/testng-1.0.dtd&quot;&gt;
&lt;suite parallel=&quot;tests&quot; name=&quot;Suite&quot; guice-stage=&quot;DEVELOPMENT&quot; verbose=&quot;0&quot;&gt;
  &lt;groups&gt;
    &lt;run&gt;
      &lt;include name=&quot;sanity&quot;/&gt;
      &lt;include name=&quot;regression&quot;/&gt;
      &lt;include name=&quot;datadriven&quot;/&gt;
    &lt;/run&gt;
  &lt;/groups&gt;
  &lt;groups&gt;
    &lt;run&gt;
      &lt;include name=&quot;sanity&quot;/&gt;
      &lt;include name=&quot;regression&quot;/&gt;
      &lt;include name=&quot;datadriven&quot;/&gt;
    &lt;/run&gt;
  &lt;/groups&gt;
  &lt;listeners&gt;
    &lt;listener class-name=&quot;utilities.ExtentReportManager&quot;/&gt;
    &lt;listener class-name=&quot;utilities.TestFailureLogger&quot;/&gt;
  &lt;/listeners&gt;
  &lt;test thread-count=&quot;5&quot; parallel=&quot;tests&quot; name=&quot;chromeTest&quot; verbose=&quot;0&quot;&gt;
    &lt;parameter name=&quot;os&quot; value=&quot;windows&quot;/&gt;
    &lt;parameter name=&quot;browser&quot; value=&quot;chrome&quot;/&gt;
    &lt;classes&gt;
      &lt;class name=&quot;testCases.TC01_LaunchApplication&quot;/&gt;
      &lt;class name=&quot;testCases.TC03_AddToCart&quot;/&gt;
      &lt;class name=&quot;testCases.TC05_AddToWishList&quot;/&gt;
      &lt;class name=&quot;testCases.TC06_AddAffiliate&quot;/&gt;
      &lt;class name=&quot;testCases.TC02_Login&quot;/&gt;
      &lt;class name=&quot;testCases.TC04_CompletePurchase&quot;/&gt;
    &lt;/classes&gt;
  &lt;/test&gt; &lt;!-- chromeTest --&gt;
  &lt;test thread-count=&quot;5&quot; parallel=&quot;tests&quot; name=&quot;firefoxTest&quot; verbose=&quot;0&quot;&gt;
    &lt;parameter name=&quot;os&quot; value=&quot;windows&quot;/&gt;
    &lt;parameter name=&quot;browser&quot; value=&quot;firefox&quot;/&gt;
    &lt;classes&gt;
      &lt;class name=&quot;testCases.TC01_LaunchApplication&quot;/&gt;
      &lt;class name=&quot;testCases.TC03_AddToCart&quot;/&gt;
      &lt;class name=&quot;testCases.TC05_AddToWishList&quot;/&gt;
      &lt;class name=&quot;testCases.TC06_AddAffiliate&quot;/&gt;
      &lt;class name=&quot;testCases.TC02_Login&quot;/&gt;
      &lt;class name=&quot;testCases.TC04_CompletePurchase&quot;/&gt;
    &lt;/classes&gt;
  &lt;/test&gt; &lt;!-- firefoxTest --&gt;
  &lt;test thread-count=&quot;5&quot; parallel=&quot;tests&quot; name=&quot;edgeTest&quot; verbose=&quot;0&quot;&gt;
    &lt;parameter name=&quot;os&quot; value=&quot;windows&quot;/&gt;
    &lt;parameter name=&quot;browser&quot; value=&quot;edge&quot;/&gt;
    &lt;classes&gt;
      &lt;class name=&quot;testCases.TC01_LaunchApplication&quot;/&gt;
      &lt;class name=&quot;testCases.TC03_AddToCart&quot;/&gt;
      &lt;class name=&quot;testCases.TC05_AddToWishList&quot;/&gt;
      &lt;class name=&quot;testCases.TC06_AddAffiliate&quot;/&gt;
      &lt;class name=&quot;testCases.TC02_Login&quot;/&gt;
      &lt;class name=&quot;testCases.TC04_CompletePurchase&quot;/&gt;
    &lt;/classes&gt;
  &lt;/test&gt; &lt;!-- edgeTest --&gt;
&lt;/suite&gt; &lt;!-- Suite --&gt;
            </pre>
          </div> <!-- main-panel-content rounded-window-bottom -->
        </div> <!-- panel -->
        <div panel-name="testlist-Suite" class="panel">
          <div class="main-panel-header rounded-window-top">
            <span class="header-content">Tests for Suite</span>
          </div> <!-- main-panel-header rounded-window-top -->
          <div class="main-panel-content rounded-window-bottom">
            <ul>
              <li>
                <span class="test-name">chromeTest (6 classes)</span>
              </li>
              <li>
                <span class="test-name">firefoxTest (6 classes)</span>
              </li>
              <li>
                <span class="test-name">edgeTest (6 classes)</span>
              </li>
            </ul>
          </div> <!-- main-panel-content rounded-window-bottom -->
        </div> <!-- panel -->
        <div panel-name="group-Suite" class="panel">
          <div class="main-panel-header rounded-window-top">
            <span class="header-content">Groups for Suite</span>
          </div> <!-- main-panel-header rounded-window-top -->
          <div class="main-panel-content rounded-window-bottom">
            <div class="test-group">
              <span class="test-group-name">datadriven</span>
              <br/>
              <div class="method-in-group">
                <span class="method-in-group-name">testLogin</span>
                <br/>
              </div> <!-- method-in-group -->
            </div> <!-- test-group -->
            <div class="test-group">
              <span class="test-group-name">regression</span>
              <br/>
              <div class="method-in-group">
                <span class="method-in-group-name">testAddAffiliate</span>
                <br/>
              </div> <!-- method-in-group -->
              <div class="method-in-group">
                <span class="method-in-group-name">testAddToCart</span>
                <br/>
              </div> <!-- method-in-group -->
              <div class="method-in-group">
                <span class="method-in-group-name">testAddToWishList</span>
                <br/>
              </div> <!-- method-in-group -->
              <div class="method-in-group">
                <span class="method-in-group-name">testCompletePurchase</span>
                <br/>
              </div> <!-- method-in-group -->
              <div class="method-in-group">
                <span class="method-in-group-name">testLaunchApplication</span>
                <br/>
              </div> <!-- method-in-group -->
              <div class="method-in-group">
                <span class="method-in-group-name">testLogin</span>
                <br/>
              </div> <!-- method-in-group -->
            </div> <!-- test-group -->
            <div class="test-group">
              <span class="test-group-name">sanity</span>
              <br/>
              <div class="method-in-group">
                <span class="method-in-group-name">testAddToCart</span>
                <br/>
              </div> <!-- method-in-group -->
              <div class="method-in-group">
                <span class="method-in-group-name">testCompletePurchase</span>
                <br/>
              </div> <!-- method-in-group -->
              <div class="method-in-group">
                <span class="method-in-group-name">testLaunchApplication</span>
                <br/>
              </div> <!-- method-in-group -->
              <div class="method-in-group">
                <span class="method-in-group-name">testLogin</span>
                <br/>
              </div> <!-- method-in-group -->
            </div> <!-- test-group -->
          </div> <!-- main-panel-content rounded-window-bottom -->
        </div> <!-- panel -->
        <div panel-name="times-Suite" class="panel">
          <div class="main-panel-header rounded-window-top">
            <span class="header-content">Times for Suite</span>
          </div> <!-- main-panel-header rounded-window-top -->
          <div class="main-panel-content rounded-window-bottom">
            <div class="times-div">
              <script type="text/javascript">
suiteTableInitFunctions.push('tableData_Suite');
function tableData_Suite() {
var data = new google.visualization.DataTable();
data.addColumn('number', 'Number');
data.addColumn('string', 'Method');
data.addColumn('string', 'Class');
data.addColumn('number', 'Time (ms)');
data.addRows(47);
data.setCell(0, 0, 0)
data.setCell(0, 1, 'testAddToWishList')
data.setCell(0, 2, 'testCases.TC05_AddToWishList')
data.setCell(0, 3, 30353);
data.setCell(1, 0, 1)
data.setCell(1, 1, 'testAddToWishList')
data.setCell(1, 2, 'testCases.TC05_AddToWishList')
data.setCell(1, 3, 30340);
data.setCell(2, 0, 2)
data.setCell(2, 1, 'testAddToWishList')
data.setCell(2, 2, 'testCases.TC05_AddToWishList')
data.setCell(2, 3, 30328);
data.setCell(3, 0, 3)
data.setCell(3, 1, 'testAddToWishList')
data.setCell(3, 2, 'testCases.TC05_AddToWishList')
data.setCell(3, 3, 30327);
data.setCell(4, 0, 4)
data.setCell(4, 1, 'testAddToWishList')
data.setCell(4, 2, 'testCases.TC05_AddToWishList')
data.setCell(4, 3, 30319);
data.setCell(5, 0, 5)
data.setCell(5, 1, 'testAddToWishList')
data.setCell(5, 2, 'testCases.TC05_AddToWishList')
data.setCell(5, 3, 30318);
data.setCell(6, 0, 6)
data.setCell(6, 1, 'testAddToWishList')
data.setCell(6, 2, 'testCases.TC05_AddToWishList')
data.setCell(6, 3, 18973);
data.setCell(7, 0, 7)
data.setCell(7, 1, 'testAddToWishList')
data.setCell(7, 2, 'testCases.TC05_AddToWishList')
data.setCell(7, 3, 14828);
data.setCell(8, 0, 8)
data.setCell(8, 1, 'testAddToWishList')
data.setCell(8, 2, 'testCases.TC05_AddToWishList')
data.setCell(8, 3, 12751);
data.setCell(9, 0, 9)
data.setCell(9, 1, 'testCompletePurchase')
data.setCell(9, 2, 'testCases.TC04_CompletePurchase')
data.setCell(9, 3, 11683);
data.setCell(10, 0, 10)
data.setCell(10, 1, 'testCompletePurchase')
data.setCell(10, 2, 'testCases.TC04_CompletePurchase')
data.setCell(10, 3, 11302);
data.setCell(11, 0, 11)
data.setCell(11, 1, 'testLogin')
data.setCell(11, 2, 'testCases.TC02_Login')
data.setCell(11, 3, 7957);
data.setCell(12, 0, 12)
data.setCell(12, 1, 'testAddAffiliate')
data.setCell(12, 2, 'testCases.TC06_AddAffiliate')
data.setCell(12, 3, 7534);
data.setCell(13, 0, 13)
data.setCell(13, 1, 'testCompletePurchase')
data.setCell(13, 2, 'testCases.TC04_CompletePurchase')
data.setCell(13, 3, 6894);
data.setCell(14, 0, 14)
data.setCell(14, 1, 'testAddAffiliate')
data.setCell(14, 2, 'testCases.TC06_AddAffiliate')
data.setCell(14, 3, 5939);
data.setCell(15, 0, 15)
data.setCell(15, 1, 'testLogin')
data.setCell(15, 2, 'testCases.TC02_Login')
data.setCell(15, 3, 5625);
data.setCell(16, 0, 16)
data.setCell(16, 1, 'testAddAffiliate')
data.setCell(16, 2, 'testCases.TC06_AddAffiliate')
data.setCell(16, 3, 5543);
data.setCell(17, 0, 17)
data.setCell(17, 1, 'testLogin')
data.setCell(17, 2, 'testCases.TC02_Login')
data.setCell(17, 3, 4459);
data.setCell(18, 0, 18)
data.setCell(18, 1, 'testLogin')
data.setCell(18, 2, 'testCases.TC02_Login')
data.setCell(18, 3, 4297);
data.setCell(19, 0, 19)
data.setCell(19, 1, 'testAddToCart')
data.setCell(19, 2, 'testCases.TC03_AddToCart')
data.setCell(19, 3, 4112);
data.setCell(20, 0, 20)
data.setCell(20, 1, 'testLogin')
data.setCell(20, 2, 'testCases.TC02_Login')
data.setCell(20, 3, 3597);
data.setCell(21, 0, 21)
data.setCell(21, 1, 'testAddToCart')
data.setCell(21, 2, 'testCases.TC03_AddToCart')
data.setCell(21, 3, 3578);
data.setCell(22, 0, 22)
data.setCell(22, 1, 'testAddToCart')
data.setCell(22, 2, 'testCases.TC03_AddToCart')
data.setCell(22, 3, 3559);
data.setCell(23, 0, 23)
data.setCell(23, 1, 'testLogin')
data.setCell(23, 2, 'testCases.TC02_Login')
data.setCell(23, 3, 3230);
data.setCell(24, 0, 24)
data.setCell(24, 1, 'testLogin')
data.setCell(24, 2, 'testCases.TC02_Login')
data.setCell(24, 3, 3187);
data.setCell(25, 0, 25)
data.setCell(25, 1, 'testAddToCart')
data.setCell(25, 2, 'testCases.TC03_AddToCart')
data.setCell(25, 3, 2944);
data.setCell(26, 0, 26)
data.setCell(26, 1, 'testLogin')
data.setCell(26, 2, 'testCases.TC02_Login')
data.setCell(26, 3, 2935);
data.setCell(27, 0, 27)
data.setCell(27, 1, 'testCompletePurchase')
data.setCell(27, 2, 'testCases.TC04_CompletePurchase')
data.setCell(27, 3, 2767);
data.setCell(28, 0, 28)
data.setCell(28, 1, 'testLogin')
data.setCell(28, 2, 'testCases.TC02_Login')
data.setCell(28, 3, 2477);
data.setCell(29, 0, 29)
data.setCell(29, 1, 'testCompletePurchase')
data.setCell(29, 2, 'testCases.TC04_CompletePurchase')
data.setCell(29, 3, 2335);
data.setCell(30, 0, 30)
data.setCell(30, 1, 'testCompletePurchase')
data.setCell(30, 2, 'testCases.TC04_CompletePurchase')
data.setCell(30, 3, 2324);
data.setCell(31, 0, 31)
data.setCell(31, 1, 'testLogin')
data.setCell(31, 2, 'testCases.TC02_Login')
data.setCell(31, 3, 2191);
data.setCell(32, 0, 32)
data.setCell(32, 1, 'testLogin')
data.setCell(32, 2, 'testCases.TC02_Login')
data.setCell(32, 3, 2070);
data.setCell(33, 0, 33)
data.setCell(33, 1, 'testLogin')
data.setCell(33, 2, 'testCases.TC02_Login')
data.setCell(33, 3, 2063);
data.setCell(34, 0, 34)
data.setCell(34, 1, 'testLogin')
data.setCell(34, 2, 'testCases.TC02_Login')
data.setCell(34, 3, 1938);
data.setCell(35, 0, 35)
data.setCell(35, 1, 'testCompletePurchase')
data.setCell(35, 2, 'testCases.TC04_CompletePurchase')
data.setCell(35, 3, 1867);
data.setCell(36, 0, 36)
data.setCell(36, 1, 'testAddToCart')
data.setCell(36, 2, 'testCases.TC03_AddToCart')
data.setCell(36, 3, 1735);
data.setCell(37, 0, 37)
data.setCell(37, 1, 'testLogin')
data.setCell(37, 2, 'testCases.TC02_Login')
data.setCell(37, 3, 1730);
data.setCell(38, 0, 38)
data.setCell(38, 1, 'testLogin')
data.setCell(38, 2, 'testCases.TC02_Login')
data.setCell(38, 3, 1541);
data.setCell(39, 0, 39)
data.setCell(39, 1, 'testAddToCart')
data.setCell(39, 2, 'testCases.TC03_AddToCart')
data.setCell(39, 3, 1262);
data.setCell(40, 0, 40)
data.setCell(40, 1, 'testAddToCart')
data.setCell(40, 2, 'testCases.TC03_AddToCart')
data.setCell(40, 3, 214);
data.setCell(41, 0, 41)
data.setCell(41, 1, 'testLaunchApplication')
data.setCell(41, 2, 'testCases.TC01_LaunchApplication')
data.setCell(41, 3, 128);
data.setCell(42, 0, 42)
data.setCell(42, 1, 'testLaunchApplication')
data.setCell(42, 2, 'testCases.TC01_LaunchApplication')
data.setCell(42, 3, 91);
data.setCell(43, 0, 43)
data.setCell(43, 1, 'testAddToCart')
data.setCell(43, 2, 'testCases.TC03_AddToCart')
data.setCell(43, 3, 77);
data.setCell(44, 0, 44)
data.setCell(44, 1, 'testCompletePurchase')
data.setCell(44, 2, 'testCases.TC04_CompletePurchase')
data.setCell(44, 3, 51);
data.setCell(45, 0, 45)
data.setCell(45, 1, 'testCompletePurchase')
data.setCell(45, 2, 'testCases.TC04_CompletePurchase')
data.setCell(45, 3, 46);
data.setCell(46, 0, 46)
data.setCell(46, 1, 'testLaunchApplication')
data.setCell(46, 2, 'testCases.TC01_LaunchApplication')
data.setCell(46, 3, 19);
window.suiteTableData['Suite']= { tableData: data, tableDiv: 'times-div-Suite'}
return data;
}
              </script>
              <span class="suite-total-time">Total running time: 2 minutes</span>
              <div id="times-div-Suite">
              </div> <!-- times-div-Suite -->
            </div> <!-- times-div -->
          </div> <!-- main-panel-content rounded-window-bottom -->
        </div> <!-- panel -->
        <div panel-name="reporter-Suite" class="panel">
          <div class="main-panel-header rounded-window-top">
            <span class="header-content">Reporter output for Suite</span>
          </div> <!-- main-panel-header rounded-window-top -->
          <div class="main-panel-content rounded-window-bottom">
          </div> <!-- main-panel-content rounded-window-bottom -->
        </div> <!-- panel -->
        <div panel-name="ignored-methods-Suite" class="panel">
          <div class="main-panel-header rounded-window-top">
            <span class="header-content">0 ignored methods</span>
          </div> <!-- main-panel-header rounded-window-top -->
          <div class="main-panel-content rounded-window-bottom">
          </div> <!-- main-panel-content rounded-window-bottom -->
        </div> <!-- panel -->
        <div panel-name="chronological-Suite" class="panel">
          <div class="main-panel-header rounded-window-top">
            <span class="header-content">Methods in chronological order</span>
          </div> <!-- main-panel-header rounded-window-top -->
          <div class="main-panel-content rounded-window-bottom">
            <div class="chronological-class">
              <div class="chronological-class-name">testCases.TC01_LaunchApplication</div> <!-- chronological-class-name -->
              <div class="configuration-class before">
                <span class="method-name">openApp(windows, chrome)</span>
                <span class="method-start">0 ms</span>
              </div> <!-- configuration-class before -->
              <div class="configuration-class before">
                <span class="method-name">openApp(windows, edge)</span>
                <span class="method-start">2 ms</span>
              </div> <!-- configuration-class before -->
              <div class="configuration-class before">
                <span class="method-name">openApp(windows, firefox)</span>
                <span class="method-start">3 ms</span>
              </div> <!-- configuration-class before -->
              <div class="test-method">
                <span class="method-name">testLaunchApplication</span>
                <span class="method-start">5682 ms</span>
              </div> <!-- test-method -->
              <div class="test-method">
                <span class="method-name">testLaunchApplication</span>
                <span class="method-start">5690 ms</span>
              </div> <!-- test-method -->
              <div class="configuration-class after">
                <span class="method-name">closeApp</span>
                <span class="method-start">5814 ms</span>
              </div> <!-- configuration-class after -->
              <div class="configuration-class after">
                <span class="method-name">closeApp</span>
                <span class="method-start">5819 ms</span>
              </div> <!-- configuration-class after -->
            </div> <!-- chronological-class -->
            <div class="chronological-class">
              <div class="chronological-class-name">testCases.TC03_AddToCart</div> <!-- chronological-class-name -->
              <div class="configuration-class before">
                <span class="method-name">openApp(windows, chrome)</span>
                <span class="method-start">6366 ms</span>
              </div> <!-- configuration-class before -->
              <div class="configuration-class before">
                <span class="method-name">openApp(windows, edge)</span>
                <span class="method-start">8285 ms</span>
              </div> <!-- configuration-class before -->
            </div> <!-- chronological-class -->
            <div class="chronological-class">
              <div class="chronological-class-name">testCases.TC01_LaunchApplication</div> <!-- chronological-class-name -->
              <div class="test-method">
                <span class="method-name">testLaunchApplication</span>
                <span class="method-start">9841 ms</span>
              </div> <!-- test-method -->
              <div class="configuration-class after">
                <span class="method-name">closeApp</span>
                <span class="method-start">9861 ms</span>
              </div> <!-- configuration-class after -->
            </div> <!-- chronological-class -->
            <div class="chronological-class">
              <div class="chronological-class-name">testCases.TC03_AddToCart</div> <!-- chronological-class-name -->
              <div class="test-method">
                <span class="method-name">testAddToCart(chrome)</span>
                <span class="method-start">9945 ms</span>
              </div> <!-- test-method -->
              <div class="test-method">
                <span class="method-name">testAddToCart(edge)</span>
                <span class="method-start">11810 ms</span>
              </div> <!-- test-method -->
              <div class="configuration-class before">
                <span class="method-name">openApp(windows, firefox)</span>
                <span class="method-start">13009 ms</span>
              </div> <!-- configuration-class before -->
              <div class="test-method">
                <span class="method-name">testAddToCart(chrome)</span>
                <span class="method-start">14065 ms</span>
              </div> <!-- test-method -->
              <div class="test-method">
                <span class="method-name">testAddToCart(edge)</span>
                <span class="method-start">14757 ms</span>
              </div> <!-- test-method -->
              <div class="configuration-class after">
                <span class="method-name">closeApp</span>
                <span class="method-start">17626 ms</span>
              </div> <!-- configuration-class after -->
              <div class="test-method">
                <img src="failed.png">
                </img>
                <span class="method-name">testAddToCart(edge)</span>
                <span class="method-start">18338 ms</span>
              </div> <!-- test-method -->
              <div class="test-method">
                <span class="method-name">testAddToCart(firefox)</span>
                <span class="method-start">18436 ms</span>
              </div> <!-- test-method -->
            </div> <!-- chronological-class -->
            <div class="chronological-class">
              <div class="chronological-class-name">testCases.TC05_AddToWishList</div> <!-- chronological-class-name -->
              <div class="configuration-class before">
                <span class="method-name">openApp(windows, chrome)</span>
                <span class="method-start">18663 ms</span>
              </div> <!-- configuration-class before -->
            </div> <!-- chronological-class -->
            <div class="chronological-class">
              <div class="chronological-class-name">testCases.TC03_AddToCart</div> <!-- chronological-class-name -->
              <div class="test-method">
                <span class="method-name">testAddToCart(firefox)</span>
                <span class="method-start">20173 ms</span>
              </div> <!-- test-method -->
              <div class="configuration-class after">
                <span class="method-name">closeApp</span>
                <span class="method-start">20362 ms</span>
              </div> <!-- configuration-class after -->
              <div class="test-method">
                <img src="failed.png">
                </img>
                <span class="method-name">testAddToCart(firefox)</span>
                <span class="method-start">20390 ms</span>
              </div> <!-- test-method -->
              <div class="configuration-class after">
                <span class="method-name">closeApp</span>
                <span class="method-start">20815 ms</span>
              </div> <!-- configuration-class after -->
            </div> <!-- chronological-class -->
            <div class="chronological-class">
              <div class="chronological-class-name">testCases.TC05_AddToWishList</div> <!-- chronological-class-name -->
              <div class="test-method">
                <span class="method-name">testAddToWishList</span>
                <span class="method-start">21810 ms</span>
              </div> <!-- test-method -->
              <div class="configuration-class before">
                <span class="method-name">openApp(windows, firefox)</span>
                <span class="method-start">22231 ms</span>
              </div> <!-- configuration-class before -->
              <div class="configuration-class before">
                <span class="method-name">openApp(windows, edge)</span>
                <span class="method-start">22474 ms</span>
              </div> <!-- configuration-class before -->
              <div class="test-method">
                <span class="method-name">testAddToWishList</span>
                <span class="method-start">25956 ms</span>
              </div> <!-- test-method -->
              <div class="test-method">
                <span class="method-name">testAddToWishList</span>
                <span class="method-start">29176 ms</span>
              </div> <!-- test-method -->
              <div class="test-method">
                <span class="method-name">testAddToWishList</span>
                <span class="method-start">40786 ms</span>
              </div> <!-- test-method -->
              <div class="test-method">
                <span class="method-name">testAddToWishList</span>
                <span class="method-start">40786 ms</span>
              </div> <!-- test-method -->
              <div class="test-method">
                <span class="method-name">testAddToWishList</span>
                <span class="method-start">41928 ms</span>
              </div> <!-- test-method -->
              <div class="test-method">
                <img src="failed.png">
                </img>
                <span class="method-name">testAddToWishList</span>
                <span class="method-start">71108 ms</span>
              </div> <!-- test-method -->
              <div class="test-method">
                <img src="failed.png">
                </img>
                <span class="method-name">testAddToWishList</span>
                <span class="method-start">71117 ms</span>
              </div> <!-- test-method -->
              <div class="test-method">
                <img src="failed.png">
                </img>
                <span class="method-name">testAddToWishList</span>
                <span class="method-start">72275 ms</span>
              </div> <!-- test-method -->
              <div class="configuration-class after">
                <span class="method-name">closeApp</span>
                <span class="method-start">101615 ms</span>
              </div> <!-- configuration-class after -->
              <div class="configuration-class after">
                <span class="method-name">closeApp</span>
                <span class="method-start">101653 ms</span>
              </div> <!-- configuration-class after -->
            </div> <!-- chronological-class -->
            <div class="chronological-class">
              <div class="chronological-class-name">testCases.TC06_AddAffiliate</div> <!-- chronological-class-name -->
              <div class="configuration-class before">
                <span class="method-name">openApp(windows, chrome)</span>
                <span class="method-start">101935 ms</span>
              </div> <!-- configuration-class before -->
            </div> <!-- chronological-class -->
            <div class="chronological-class">
              <div class="chronological-class-name">testCases.TC05_AddToWishList</div> <!-- chronological-class-name -->
              <div class="configuration-class after">
                <span class="method-name">closeApp</span>
                <span class="method-start">102764 ms</span>
              </div> <!-- configuration-class after -->
            </div> <!-- chronological-class -->
            <div class="chronological-class">
              <div class="chronological-class-name">testCases.TC06_AddAffiliate</div> <!-- chronological-class-name -->
              <div class="configuration-class before">
                <span class="method-name">openApp(windows, edge)</span>
                <span class="method-start">103210 ms</span>
              </div> <!-- configuration-class before -->
              <div class="configuration-class before">
                <span class="method-name">openApp(windows, firefox)</span>
                <span class="method-start">105514 ms</span>
              </div> <!-- configuration-class before -->
              <div class="test-method">
                <span class="method-name">testAddAffiliate</span>
                <span class="method-start">105683 ms</span>
              </div> <!-- test-method -->
              <div class="test-method">
                <span class="method-name">testAddAffiliate</span>
                <span class="method-start">106221 ms</span>
              </div> <!-- test-method -->
              <div class="configuration-class after">
                <span class="method-name">closeApp</span>
                <span class="method-start">112161 ms</span>
              </div> <!-- configuration-class after -->
              <div class="test-method">
                <span class="method-name">testAddAffiliate</span>
                <span class="method-start">112915 ms</span>
              </div> <!-- test-method -->
              <div class="configuration-class after">
                <span class="method-name">closeApp</span>
                <span class="method-start">113219 ms</span>
              </div> <!-- configuration-class after -->
            </div> <!-- chronological-class -->
            <div class="chronological-class">
              <div class="chronological-class-name">testCases.TC02_Login</div> <!-- chronological-class-name -->
              <div class="configuration-class before">
                <span class="method-name">openApp(windows, edge)</span>
                <span class="method-start">113541 ms</span>
              </div> <!-- configuration-class before -->
              <div class="configuration-class before">
                <span class="method-name">openApp(windows, chrome)</span>
                <span class="method-start">113617 ms</span>
              </div> <!-- configuration-class before -->
            </div> <!-- chronological-class -->
            <div class="chronological-class">
              <div class="chronological-class-name">testCases.TC06_AddAffiliate</div> <!-- chronological-class-name -->
              <div class="configuration-class after">
                <span class="method-name">closeApp</span>
                <span class="method-start">118459 ms</span>
              </div> <!-- configuration-class after -->
            </div> <!-- chronological-class -->
            <div class="chronological-class">
              <div class="chronological-class-name">testCases.TC02_Login</div> <!-- chronological-class-name -->
              <div class="test-method">
                <span class="method-name">testLogin(smitasharma.qa@gmail.com, ss*QA123)</span>
                <span class="method-start">119862 ms</span>
              </div> <!-- test-method -->
              <div class="test-method">
                <span class="method-name">testLogin(smitasharma.qa@gmail.com, ss*QA123)</span>
                <span class="method-start">120041 ms</span>
              </div> <!-- test-method -->
              <div class="configuration-class before">
                <span class="method-name">openApp(windows, firefox)</span>
                <span class="method-start">121375 ms</span>
              </div> <!-- configuration-class before -->
              <div class="test-method">
                <span class="method-name">testLogin(nona@yahoo.com, QWER!@#$)</span>
                <span class="method-start">123051 ms</span>
              </div> <!-- test-method -->
              <div class="test-method">
                <span class="method-name">testLogin(nona@yahoo.com, QWER!@#$)</span>
                <span class="method-start">124501 ms</span>
              </div> <!-- test-method -->
              <div class="test-method">
                <span class="method-name">testLogin(sid@cloudberry.services, Test123)</span>
                <span class="method-start">125987 ms</span>
              </div> <!-- test-method -->
              <div class="test-method">
                <span class="method-name">testLogin(smitasharma.qa@gmail.com, ss*QA123)</span>
                <span class="method-start">128525 ms</span>
              </div> <!-- test-method -->
              <div class="test-method">
                <span class="method-name">testLogin(nona@yahoo.com, QWER!@#$)</span>
                <span class="method-start">130718 ms</span>
              </div> <!-- test-method -->
              <div class="test-method">
                <span class="method-name">testLogin(apushedwoman@gmail.com, password123)</span>
                <span class="method-start">131614 ms</span>
              </div> <!-- test-method -->
              <div class="test-method">
                <span class="method-name">testLogin(sid@cloudberry.services, Test123)</span>
                <span class="method-start">132460 ms</span>
              </div> <!-- test-method -->
              <div class="test-method">
                <span class="method-name">testLogin(sid@cloudberry.services, Test123)</span>
                <span class="method-start">132782 ms</span>
              </div> <!-- test-method -->
              <div class="test-method">
                <span class="method-name">testLogin(hichamkhachiai@gmail.com, hicham123)</span>
                <span class="method-start">134092 ms</span>
              </div> <!-- test-method -->
              <div class="test-method">
                <span class="method-name">testLogin(apushedwoman@gmail.com, password123)</span>
                <span class="method-start">134513 ms</span>
              </div> <!-- test-method -->
              <div class="test-method">
                <span class="method-name">testLogin(apushedwoman@gmail.com, password123)</span>
                <span class="method-start">136060 ms</span>
              </div> <!-- test-method -->
              <div class="configuration-class after">
                <span class="method-name">closeApp</span>
                <span class="method-start">136163 ms</span>
              </div> <!-- configuration-class after -->
              <div class="test-method">
                <span class="method-name">testLogin(hichamkhachiai@gmail.com, hicham123)</span>
                <span class="method-start">136452 ms</span>
              </div> <!-- test-method -->
              <div class="configuration-class after">
                <span class="method-name">closeApp</span>
                <span class="method-start">137994 ms</span>
              </div> <!-- configuration-class after -->
            </div> <!-- chronological-class -->
            <div class="chronological-class">
              <div class="chronological-class-name">testCases.TC04_CompletePurchase</div> <!-- chronological-class-name -->
              <div class="configuration-class before">
                <span class="method-name">openApp(windows, edge)</span>
                <span class="method-start">138059 ms</span>
              </div> <!-- configuration-class before -->
            </div> <!-- chronological-class -->
            <div class="chronological-class">
              <div class="chronological-class-name">testCases.TC02_Login</div> <!-- chronological-class-name -->
              <div class="test-method">
                <span class="method-name">testLogin(hichamkhachiai@gmail.com, hicham123)</span>
                <span class="method-start">140358 ms</span>
              </div> <!-- test-method -->
            </div> <!-- chronological-class -->
            <div class="chronological-class">
              <div class="chronological-class-name">testCases.TC04_CompletePurchase</div> <!-- chronological-class-name -->
              <div class="configuration-class before">
                <span class="method-name">openApp(windows, firefox)</span>
                <span class="method-start">140682 ms</span>
              </div> <!-- configuration-class before -->
              <div class="test-method">
                <span class="method-name">testCompletePurchase</span>
                <span class="method-start">141704 ms</span>
              </div> <!-- test-method -->
            </div> <!-- chronological-class -->
            <div class="chronological-class">
              <div class="chronological-class-name">testCases.TC02_Login</div> <!-- chronological-class-name -->
              <div class="configuration-class after">
                <span class="method-name">closeApp</span>
                <span class="method-start">143589 ms</span>
              </div> <!-- configuration-class after -->
            </div> <!-- chronological-class -->
            <div class="chronological-class">
              <div class="chronological-class-name">testCases.TC04_CompletePurchase</div> <!-- chronological-class-name -->
              <div class="configuration-class before">
                <span class="method-name">openApp(windows, chrome)</span>
                <span class="method-start">144714 ms</span>
              </div> <!-- configuration-class before -->
              <div class="test-method">
                <span class="method-name">testCompletePurchase</span>
                <span class="method-start">148223 ms</span>
              </div> <!-- test-method -->
              <div class="test-method">
                <span class="method-name">testCompletePurchase</span>
                <span class="method-start">148481 ms</span>
              </div> <!-- test-method -->
              <div class="test-method">
                <span class="method-name">testCompletePurchase</span>
                <span class="method-start">148600 ms</span>
              </div> <!-- test-method -->
              <div class="test-method">
                <span class="method-name">testCompletePurchase</span>
                <span class="method-start">150349 ms</span>
              </div> <!-- test-method -->
              <div class="test-method">
                <img src="failed.png">
                </img>
                <span class="method-name">testCompletePurchase</span>
                <span class="method-start">150403 ms</span>
              </div> <!-- test-method -->
              <div class="configuration-class after">
                <span class="method-name">closeApp</span>
                <span class="method-start">150635 ms</span>
              </div> <!-- configuration-class after -->
              <div class="test-method">
                <span class="method-name">testCompletePurchase</span>
                <span class="method-start">150991 ms</span>
              </div> <!-- test-method -->
              <div class="test-method">
                <img src="failed.png">
                </img>
                <span class="method-name">testCompletePurchase</span>
                <span class="method-start">153328 ms</span>
              </div> <!-- test-method -->
              <div class="configuration-class after">
                <span class="method-name">closeApp</span>
                <span class="method-start">155830 ms</span>
              </div> <!-- configuration-class after -->
              <div class="test-method">
                <img src="failed.png">
                </img>
                <span class="method-name">testCompletePurchase</span>
                <span class="method-start">160285 ms</span>
              </div> <!-- test-method -->
              <div class="configuration-class after">
                <span class="method-name">closeApp</span>
                <span class="method-start">171724 ms</span>
              </div> <!-- configuration-class after -->
          </div> <!-- main-panel-content rounded-window-bottom -->
        </div> <!-- panel -->
      </div> <!-- main-panel-root -->
    </div> <!-- wrapper -->
  </body>
<script type="text/javascript" src="testng-reports2.js"></script>
</html>
