<!DOCTYPE html>

<html>
  <head>
  <meta charset='utf-8'>
  <title>TestNG reports</title>

    <link type="text/css" href="testng-reports1.css" rel="stylesheet" id="ultra" />
    <link type="text/css" href="testng-reports.css" rel="stylesheet" id="retro" disabled="false"/>
    <script type="text/javascript" src="jquery-3.6.0.min.js"></script>
    <script type="text/javascript" src="testng-reports.js"></script>
    <script type="text/javascript" src="https://www.google.com/jsapi"></script>
    <script type='text/javascript'>
      google.load('visualization', '1', {packages:['table']});
      google.setOnLoadCallback(drawTable);
      var suiteTableInitFunctions = new Array();
      var suiteTableData = new Array();
    </script>
    <!--
      <script type="text/javascript" src="jquery-ui/js/jquery-ui-1.8.16.custom.min.js"></script>
     -->
  </head>

  <body>    <div class="top-banner-root">
      <span class="top-banner-title-font">Test results</span>
      <button id="button" class="button">Switch Retro Theme</button> <!-- button -->
      <br/>
      <span class="top-banner-font-1">1 suite, 13 failed tests</span>
    </div> <!-- top-banner-root -->
    <div class="navigator-root">
      <div class="navigator-suite-header">
        <span>All suites</span>
        <a href="#" title="Collapse/expand all the suites" class="collapse-all-link">
          <img src="collapseall.gif" class="collapse-all-icon">
          </img> <!-- collapse-all-icon -->
        </a> <!-- collapse-all-link -->
      </div> <!-- navigator-suite-header -->
      <div class="suite">
        <div class="rounded-window">
          <div class="suite-header light-rounded-window-top">
            <a href="#" panel-name="suite-Suite" class="navigator-link">
              <span class="suite-name border-failed">Suite</span>
            </a> <!-- navigator-link -->
          </div> <!-- suite-header light-rounded-window-top -->
          <div class="navigator-suite-content">
            <div class="suite-section-title">
              <span>Info</span>
            </div> <!-- suite-section-title -->
            <div class="suite-section-content">
              <ul>
                <li>
                  <a href="#" panel-name="test-xml-Suite" class="navigator-link ">
                    <span>C:\Users\ssmit\eclipse-workspace\NinjaV5\testng.xml</span>
                  </a> <!-- navigator-link  -->
                </li>
                <li>
                  <a href="#" panel-name="testlist-Suite" class="navigator-link ">
                    <span class="test-stats">3 tests</span>
                  </a> <!-- navigator-link  -->
                </li>
                <li>
                  <a href="#" panel-name="group-Suite" class="navigator-link ">
                    <span>3 groups</span>
                  </a> <!-- navigator-link  -->
                </li>
                <li>
                  <a href="#" panel-name="times-Suite" class="navigator-link ">
                    <span>Times</span>
                  </a> <!-- navigator-link  -->
                </li>
                <li>
                  <a href="#" panel-name="reporter-Suite" class="navigator-link ">
                    <span>Reporter output</span>
                  </a> <!-- navigator-link  -->
                </li>
                <li>
                  <a href="#" panel-name="ignored-methods-Suite" class="navigator-link ">
                    <span>Ignored methods</span>
                  </a> <!-- navigator-link  -->
                </li>
                <li>
                  <a href="#" panel-name="chronological-Suite" class="navigator-link ">
                    <span>Chronological view</span>
                  </a> <!-- navigator-link  -->
                </li>
              </ul>
            </div> <!-- suite-section-content -->
            <div class="result-section">
              <div class="suite-section-title">
                <span>Results</span>
              </div> <!-- suite-section-title -->
              <div class="suite-section-content">
                <ul>
                  <li>
                    <span class="method-stats">57 methods, 13 failed,  27 skipped,  17 passed</span>
                  </li>
                  <li>
                    <span class="method-list-title failed">Failed methods</span>
                    <span class="show-or-hide-methods failed">
                      <a href="#" panel-name="suite-Suite" class="hide-methods failed suite-Suite"> (hide)</a> <!-- hide-methods failed suite-Suite -->
                      <a href="#" panel-name="suite-Suite" class="show-methods failed suite-Suite"> (show)</a> <!-- show-methods failed suite-Suite -->
                    </span>
                    <div class="method-list-content failed suite-Suite">
                      <span>
                        <img src="failed.png" width="3%"/>
                        <a href="#" panel-name="suite-Suite" title="testCases.TC06_AddAffiliate" class="method navigator-link" hash-for-method="testAddAffiliate">testAddAffiliate</a> <!-- method navigator-link -->
                      </span>
                      <br/>
                      <span>
                        <img src="failed.png" width="3%"/>
                        <a href="#" panel-name="suite-Suite" title="testCases.TC03_AddToCart" class="method navigator-link" hash-for-method="testAddToCart">testAddToCart</a> <!-- method navigator-link -->
                      </span>
                      <br/>
                      <span>
                        <img src="failed.png" width="3%"/>
                        <a href="#" panel-name="suite-Suite" title="testCases.TC05_AddToWishList" class="method navigator-link" hash-for-method="testAddToWishList">testAddToWishList</a> <!-- method navigator-link -->
                      </span>
                      <br/>
                      <span>
                        <img src="failed.png" width="3%"/>
                        <a href="#" panel-name="suite-Suite" title="testCases.TC05_AddToWishList" class="method navigator-link" hash-for-method="testAddToWishList">testAddToWishList</a> <!-- method navigator-link -->
                      </span>
                      <br/>
                      <span>
                        <img src="failed.png" width="3%"/>
                        <a href="#" panel-name="suite-Suite" title="testCases.TC05_AddToWishList" class="method navigator-link" hash-for-method="testAddToWishList">testAddToWishList</a> <!-- method navigator-link -->
                      </span>
                      <br/>
                      <span>
                        <img src="failed.png" width="3%"/>
                        <a href="#" panel-name="suite-Suite" title="testCases.TC04_CompletePurchase" class="method navigator-link" hash-for-method="testCompletePurchase">testCompletePurchase</a> <!-- method navigator-link -->
                      </span>
                      <br/>
                      <span>
                        <img src="failed.png" width="3%"/>
                        <a href="#" panel-name="suite-Suite" title="testCases.TC04_CompletePurchase" class="method navigator-link" hash-for-method="testCompletePurchase">testCompletePurchase</a> <!-- method navigator-link -->
                      </span>
                      <br/>
                      <span>
                        <img src="failed.png" width="3%"/>
                        <a href="#" panel-name="suite-Suite" title="testCases.TC04_CompletePurchase" class="method navigator-link" hash-for-method="testCompletePurchase">testCompletePurchase</a> <!-- method navigator-link -->
                      </span>
                      <br/>
                      <span>
                        <img src="failed.png" width="3%"/>
                        <a href="#" panel-name="suite-Suite" title="testCases.TC02_Login" class="method navigator-link" hash-for-method="testLogin(sid@cloudberry.services, Test123)">testLogin(sid@cloudberry.services, Test123)</a> <!-- method navigator-link -->
                      </span>
                      <br/>
                      <span>
                        <img src="failed.png" width="3%"/>
                        <a href="#" panel-name="suite-Suite" title="testCases.TC02_Login" class="method navigator-link" hash-for-method="testLogin(smitasharma.qa@gmail.com, ss*QA123)">testLogin(smitasharma.qa@gmail.com, ss*QA123)</a> <!-- method navigator-link -->
                      </span>
                      <br/>
                      <span>
                        <img src="failed.png" width="3%"/>
                        <a href="#" panel-name="suite-Suite" title="testCases.TC02_Login" class="method navigator-link" hash-for-method="testLogin(hichamkhachiai@gmail.com, hicham123)">testLogin(hichamkhachiai@gmail.com, hicham123)</a> <!-- method navigator-link -->
                      </span>
                      <br/>
                      <span>
                        <img src="failed.png" width="3%"/>
                        <a href="#" panel-name="suite-Suite" title="testCases.TC02_Login" class="method navigator-link" hash-for-method="testLogin(apushedwoman@gmail.com, password123)">testLogin(apushedwoman@gmail.com, password123)</a> <!-- method navigator-link -->
                      </span>
                      <br/>
                      <span>
                        <img src="failed.png" width="3%"/>
                        <a href="#" panel-name="suite-Suite" title="testCases.TC02_Login" class="method navigator-link" hash-for-method="testLogin(nona@yahoo.com, QWER!@#$)">testLogin(nona@yahoo.com, QWER!@#$)</a> <!-- method navigator-link -->
                      </span>
                      <br/>
                    </div> <!-- method-list-content failed suite-Suite -->
                  </li>
                  <li>
                    <span class="method-list-title skipped">Retried methods</span>
                    <span class="show-or-hide-methods skipped">
                      <a href="#" panel-name="suite-Suite" class="hide-methods skipped suite-Suite"> (hide)</a> <!-- hide-methods skipped suite-Suite -->
                      <a href="#" panel-name="suite-Suite" class="show-methods skipped suite-Suite"> (show)</a> <!-- show-methods skipped suite-Suite -->
                    </span>
                    <div class="method-list-content skipped suite-Suite">
                      <span>
                        <img src="skipped.png" width="3%"/>
                        <a href="#" panel-name="suite-Suite" title="testCases.TC06_AddAffiliate" class="method navigator-link" hash-for-method="testAddAffiliate">testAddAffiliate</a> <!-- method navigator-link -->
                      </span>
                      <br/>
                      <span>
                        <img src="skipped.png" width="3%"/>
                        <a href="#" panel-name="suite-Suite" title="testCases.TC06_AddAffiliate" class="method navigator-link" hash-for-method="testAddAffiliate">testAddAffiliate</a> <!-- method navigator-link -->
                      </span>
                      <br/>
                      <span>
                        <img src="skipped.png" width="3%"/>
                        <a href="#" panel-name="suite-Suite" title="testCases.TC03_AddToCart" class="method navigator-link" hash-for-method="testAddToCart">testAddToCart</a> <!-- method navigator-link -->
                      </span>
                      <br/>
                      <span>
                        <img src="skipped.png" width="3%"/>
                        <a href="#" panel-name="suite-Suite" title="testCases.TC03_AddToCart" class="method navigator-link" hash-for-method="testAddToCart">testAddToCart</a> <!-- method navigator-link -->
                      </span>
                      <br/>
                      <span>
                        <img src="skipped.png" width="3%"/>
                        <a href="#" panel-name="suite-Suite" title="testCases.TC03_AddToCart" class="method navigator-link" hash-for-method="testAddToCart">testAddToCart</a> <!-- method navigator-link -->
                      </span>
                      <br/>
                      <span>
                        <img src="skipped.png" width="3%"/>
                        <a href="#" panel-name="suite-Suite" title="testCases.TC05_AddToWishList" class="method navigator-link" hash-for-method="testAddToWishList">testAddToWishList</a> <!-- method navigator-link -->
                      </span>
                      <br/>
                      <span>
                        <img src="skipped.png" width="3%"/>
                        <a href="#" panel-name="suite-Suite" title="testCases.TC05_AddToWishList" class="method navigator-link" hash-for-method="testAddToWishList">testAddToWishList</a> <!-- method navigator-link -->
                      </span>
                      <br/>
                      <span>
                        <img src="skipped.png" width="3%"/>
                        <a href="#" panel-name="suite-Suite" title="testCases.TC05_AddToWishList" class="method navigator-link" hash-for-method="testAddToWishList">testAddToWishList</a> <!-- method navigator-link -->
                      </span>
                      <br/>
                      <span>
                        <img src="skipped.png" width="3%"/>
                        <a href="#" panel-name="suite-Suite" title="testCases.TC05_AddToWishList" class="method navigator-link" hash-for-method="testAddToWishList">testAddToWishList</a> <!-- method navigator-link -->
                      </span>
                      <br/>
                      <span>
                        <img src="skipped.png" width="3%"/>
                        <a href="#" panel-name="suite-Suite" title="testCases.TC05_AddToWishList" class="method navigator-link" hash-for-method="testAddToWishList">testAddToWishList</a> <!-- method navigator-link -->
                      </span>
                      <br/>
                      <span>
                        <img src="skipped.png" width="3%"/>
                        <a href="#" panel-name="suite-Suite" title="testCases.TC05_AddToWishList" class="method navigator-link" hash-for-method="testAddToWishList">testAddToWishList</a> <!-- method navigator-link -->
                      </span>
                      <br/>
                      <span>
                        <img src="skipped.png" width="3%"/>
                        <a href="#" panel-name="suite-Suite" title="testCases.TC04_CompletePurchase" class="method navigator-link" hash-for-method="testCompletePurchase">testCompletePurchase</a> <!-- method navigator-link -->
                      </span>
                      <br/>
                      <span>
                        <img src="skipped.png" width="3%"/>
                        <a href="#" panel-name="suite-Suite" title="testCases.TC04_CompletePurchase" class="method navigator-link" hash-for-method="testCompletePurchase">testCompletePurchase</a> <!-- method navigator-link -->
                      </span>
                      <br/>
                      <span>
                        <img src="skipped.png" width="3%"/>
                        <a href="#" panel-name="suite-Suite" title="testCases.TC04_CompletePurchase" class="method navigator-link" hash-for-method="testCompletePurchase">testCompletePurchase</a> <!-- method navigator-link -->
                      </span>
                      <br/>
                      <span>
                        <img src="skipped.png" width="3%"/>
                        <a href="#" panel-name="suite-Suite" title="testCases.TC04_CompletePurchase" class="method navigator-link" hash-for-method="testCompletePurchase">testCompletePurchase</a> <!-- method navigator-link -->
                      </span>
                      <br/>
                      <span>
                        <img src="skipped.png" width="3%"/>
                        <a href="#" panel-name="suite-Suite" title="testCases.TC04_CompletePurchase" class="method navigator-link" hash-for-method="testCompletePurchase">testCompletePurchase</a> <!-- method navigator-link -->
                      </span>
                      <br/>
                      <span>
                        <img src="skipped.png" width="3%"/>
                        <a href="#" panel-name="suite-Suite" title="testCases.TC04_CompletePurchase" class="method navigator-link" hash-for-method="testCompletePurchase">testCompletePurchase</a> <!-- method navigator-link -->
                      </span>
                      <br/>
                      <span>
                        <img src="skipped.png" width="3%"/>
                        <a href="#" panel-name="suite-Suite" title="testCases.TC02_Login" class="method navigator-link" hash-for-method="testLogin(hichamkhachiai@gmail.com, hicham123)">testLogin(hichamkhachiai@gmail.com, hicham123)</a> <!-- method navigator-link -->
                      </span>
                      <br/>
                      <span>
                        <img src="skipped.png" width="3%"/>
                        <a href="#" panel-name="suite-Suite" title="testCases.TC02_Login" class="method navigator-link" hash-for-method="testLogin(nona@yahoo.com, QWER!@#$)">testLogin(nona@yahoo.com, QWER!@#$)</a> <!-- method navigator-link -->
                      </span>
                      <br/>
                      <span>
                        <img src="skipped.png" width="3%"/>
                        <a href="#" panel-name="suite-Suite" title="testCases.TC02_Login" class="method navigator-link" hash-for-method="testLogin(hichamkhachiai@gmail.com, hicham123)">testLogin(hichamkhachiai@gmail.com, hicham123)</a> <!-- method navigator-link -->
                      </span>
                      <br/>
                      <span>
                        <img src="skipped.png" width="3%"/>
                        <a href="#" panel-name="suite-Suite" title="testCases.TC02_Login" class="method navigator-link" hash-for-method="testLogin(smitasharma.qa@gmail.com, ss*QA123)">testLogin(smitasharma.qa@gmail.com, ss*QA123)</a> <!-- method navigator-link -->
                      </span>
                      <br/>
                      <span>
                        <img src="skipped.png" width="3%"/>
                        <a href="#" panel-name="suite-Suite" title="testCases.TC02_Login" class="method navigator-link" hash-for-method="testLogin(nona@yahoo.com, QWER!@#$)">testLogin(nona@yahoo.com, QWER!@#$)</a> <!-- method navigator-link -->
                      </span>
                      <br/>
                      <span>
                        <img src="skipped.png" width="3%"/>
                        <a href="#" panel-name="suite-Suite" title="testCases.TC02_Login" class="method navigator-link" hash-for-method="testLogin(sid@cloudberry.services, Test123)">testLogin(sid@cloudberry.services, Test123)</a> <!-- method navigator-link -->
                      </span>
                      <br/>
                      <span>
                        <img src="skipped.png" width="3%"/>
                        <a href="#" panel-name="suite-Suite" title="testCases.TC02_Login" class="method navigator-link" hash-for-method="testLogin(smitasharma.qa@gmail.com, ss*QA123)">testLogin(smitasharma.qa@gmail.com, ss*QA123)</a> <!-- method navigator-link -->
                      </span>
                      <br/>
                      <span>
                        <img src="skipped.png" width="3%"/>
                        <a href="#" panel-name="suite-Suite" title="testCases.TC02_Login" class="method navigator-link" hash-for-method="testLogin(sid@cloudberry.services, Test123)">testLogin(sid@cloudberry.services, Test123)</a> <!-- method navigator-link -->
                      </span>
                      <br/>
                      <span>
                        <img src="skipped.png" width="3%"/>
                        <a href="#" panel-name="suite-Suite" title="testCases.TC02_Login" class="method navigator-link" hash-for-method="testLogin(apushedwoman@gmail.com, password123)">testLogin(apushedwoman@gmail.com, password123)</a> <!-- method navigator-link -->
                      </span>
                      <br/>
                      <span>
                        <img src="skipped.png" width="3%"/>
                        <a href="#" panel-name="suite-Suite" title="testCases.TC02_Login" class="method navigator-link" hash-for-method="testLogin(apushedwoman@gmail.com, password123)">testLogin(apushedwoman@gmail.com, password123)</a> <!-- method navigator-link -->
                      </span>
                      <br/>
                    </div> <!-- method-list-content skipped suite-Suite -->
                  </li>
                  <li>
                    <span class="method-list-title passed">Passed methods</span>
                    <span class="show-or-hide-methods passed">
                      <a href="#" panel-name="suite-Suite" class="hide-methods passed suite-Suite"> (hide)</a> <!-- hide-methods passed suite-Suite -->
                      <a href="#" panel-name="suite-Suite" class="show-methods passed suite-Suite"> (show)</a> <!-- show-methods passed suite-Suite -->
                    </span>
                    <div class="method-list-content passed suite-Suite">
                      <span>
                        <img src="passed.png" width="3%"/>
                        <a href="#" panel-name="suite-Suite" title="testCases.TC06_AddAffiliate" class="method navigator-link" hash-for-method="testAddAffiliate">testAddAffiliate</a> <!-- method navigator-link -->
                      </span>
                      <br/>
                      <span>
                        <img src="passed.png" width="3%"/>
                        <a href="#" panel-name="suite-Suite" title="testCases.TC06_AddAffiliate" class="method navigator-link" hash-for-method="testAddAffiliate">testAddAffiliate</a> <!-- method navigator-link -->
                      </span>
                      <br/>
                      <span>
                        <img src="passed.png" width="3%"/>
                        <a href="#" panel-name="suite-Suite" title="testCases.TC03_AddToCart" class="method navigator-link" hash-for-method="testAddToCart">testAddToCart</a> <!-- method navigator-link -->
                      </span>
                      <br/>
                      <span>
                        <img src="passed.png" width="3%"/>
                        <a href="#" panel-name="suite-Suite" title="testCases.TC03_AddToCart" class="method navigator-link" hash-for-method="testAddToCart">testAddToCart</a> <!-- method navigator-link -->
                      </span>
                      <br/>
                      <span>
                        <img src="passed.png" width="3%"/>
                        <a href="#" panel-name="suite-Suite" title="testCases.TC01_LaunchApplication" class="method navigator-link" hash-for-method="testLaunchApplication">testLaunchApplication</a> <!-- method navigator-link -->
                      </span>
                      <br/>
                      <span>
                        <img src="passed.png" width="3%"/>
                        <a href="#" panel-name="suite-Suite" title="testCases.TC01_LaunchApplication" class="method navigator-link" hash-for-method="testLaunchApplication">testLaunchApplication</a> <!-- method navigator-link -->
                      </span>
                      <br/>
                      <span>
                        <img src="passed.png" width="3%"/>
                        <a href="#" panel-name="suite-Suite" title="testCases.TC01_LaunchApplication" class="method navigator-link" hash-for-method="testLaunchApplication">testLaunchApplication</a> <!-- method navigator-link -->
                      </span>
                      <br/>
                      <span>
                        <img src="passed.png" width="3%"/>
                        <a href="#" panel-name="suite-Suite" title="testCases.TC02_Login" class="method navigator-link" hash-for-method="testLogin(sid@cloudberry.services, Test123)">testLogin(sid@cloudberry.services, Test123)</a> <!-- method navigator-link -->
                      </span>
                      <br/>
                      <span>
                        <img src="passed.png" width="3%"/>
                        <a href="#" panel-name="suite-Suite" title="testCases.TC02_Login" class="method navigator-link" hash-for-method="testLogin(apushedwoman@gmail.com, password123)">testLogin(apushedwoman@gmail.com, password123)</a> <!-- method navigator-link -->
                      </span>
                      <br/>
                      <span>
                        <img src="passed.png" width="3%"/>
                        <a href="#" panel-name="suite-Suite" title="testCases.TC02_Login" class="method navigator-link" hash-for-method="testLogin(hichamkhachiai@gmail.com, hicham123)">testLogin(hichamkhachiai@gmail.com, hicham123)</a> <!-- method navigator-link -->
                      </span>
                      <br/>
                      <span>
                        <img src="passed.png" width="3%"/>
                        <a href="#" panel-name="suite-Suite" title="testCases.TC02_Login" class="method navigator-link" hash-for-method="testLogin(smitasharma.qa@gmail.com, ss*QA123)">testLogin(smitasharma.qa@gmail.com, ss*QA123)</a> <!-- method navigator-link -->
                      </span>
                      <br/>
                      <span>
                        <img src="passed.png" width="3%"/>
                        <a href="#" panel-name="suite-Suite" title="testCases.TC02_Login" class="method navigator-link" hash-for-method="testLogin(nona@yahoo.com, QWER!@#$)">testLogin(nona@yahoo.com, QWER!@#$)</a> <!-- method navigator-link -->
                      </span>
                      <br/>
                      <span>
                        <img src="passed.png" width="3%"/>
                        <a href="#" panel-name="suite-Suite" title="testCases.TC02_Login" class="method navigator-link" hash-for-method="testLogin(nona@yahoo.com, QWER!@#$)">testLogin(nona@yahoo.com, QWER!@#$)</a> <!-- method navigator-link -->
                      </span>
                      <br/>
                      <span>
                        <img src="passed.png" width="3%"/>
                        <a href="#" panel-name="suite-Suite" title="testCases.TC02_Login" class="method navigator-link" hash-for-method="testLogin(apushedwoman@gmail.com, password123)">testLogin(apushedwoman@gmail.com, password123)</a> <!-- method navigator-link -->
                      </span>
                      <br/>
                      <span>
                        <img src="passed.png" width="3%"/>
                        <a href="#" panel-name="suite-Suite" title="testCases.TC02_Login" class="method navigator-link" hash-for-method="testLogin(smitasharma.qa@gmail.com, ss*QA123)">testLogin(smitasharma.qa@gmail.com, ss*QA123)</a> <!-- method navigator-link -->
                      </span>
                      <br/>
                      <span>
                        <img src="passed.png" width="3%"/>
                        <a href="#" panel-name="suite-Suite" title="testCases.TC02_Login" class="method navigator-link" hash-for-method="testLogin(hichamkhachiai@gmail.com, hicham123)">testLogin(hichamkhachiai@gmail.com, hicham123)</a> <!-- method navigator-link -->
                      </span>
                      <br/>
                      <span>
                        <img src="passed.png" width="3%"/>
                        <a href="#" panel-name="suite-Suite" title="testCases.TC02_Login" class="method navigator-link" hash-for-method="testLogin(sid@cloudberry.services, Test123)">testLogin(sid@cloudberry.services, Test123)</a> <!-- method navigator-link -->
                      </span>
                      <br/>
                    </div> <!-- method-list-content passed suite-Suite -->
                  </li>
                </ul>
              </div> <!-- suite-section-content -->
            </div> <!-- result-section -->
          </div> <!-- navigator-suite-content -->
        </div> <!-- rounded-window -->
      </div> <!-- suite -->
    </div> <!-- navigator-root -->
    <div class="wrapper">
      <div class="main-panel-root">
        <div panel-name="suite-Suite" class="panel Suite">
          <div class="suite-Suite-class-failed">
            <div class="main-panel-header rounded-window-top">
              <img src="failed.png"/>
              <span class="class-name">testCases.TC02_Login</span>
            </div> <!-- main-panel-header rounded-window-top -->
            <div class="main-panel-content rounded-window-bottom">
              <div class="method">
                <div class="method-content">
                  <a name="testLogin(sid@cloudberry.services, Test123)">
                  </a> <!-- testLogin(sid@cloudberry.services, Test123) -->
                  <span class="method-name">testLogin</span>
                  <span class="parameters">(sid@cloudberry.services,Test123)</span>
                  <div class="stack-trace">java.lang.AssertionError: Unexpected exception during login for email: sid@cloudberry.services. Exception: element click intercepted: Element is not clickable at point (860, 571)
  (Session info: chrome=136.0.7103.114)
Build info: version: &apos;4.31.0&apos;, revision: &apos;1ef9f18787*&apos;
System info: os.name: &apos;Windows 10&apos;, os.arch: &apos;amd64&apos;, os.version: &apos;10.0&apos;, java.version: &apos;21.0.6&apos;
Driver info: org.openqa.selenium.remote.RemoteWebDriver
Command: [78cc5f1a1db475e43cbf047e506025f0, clickElement {id=f.23F93CE1BF93211E4D645FB6F692C8E1.d.82C3E9D4F6B455ED567F6684681D66CD.e.115}]
Capabilities {acceptInsecureCerts: false, browserName: chrome, browserVersion: 136.0.7103.114, chrome: {chromedriverVersion: 136.0.7103.113 (76fa3c17824..., userDataDir: C:\Users\ssmit\AppData\Loca...}, fedcm:accounts: true, goog:chromeOptions: {debuggerAddress: localhost:49721}, networkConnectionEnabled: false, pageLoadStrategy: normal, platformName: Windows 10, proxy: Proxy(), se:bidiEnabled: false, se:cdp: ws://192.168.1.191:4444/ses..., se:cdpVersion: 136.0.7103.114, setWindowRect: true, strictFileInteractability: false, timeouts: {implicit: 0, pageLoad: 300000, script: 30000}, unhandledPromptBehavior: dismiss and notify, webauthn:extension:credBlob: true, webauthn:extension:largeBlob: true, webauthn:extension:minPinLength: true, webauthn:extension:prf: true, webauthn:virtualAuthenticators: true}
Element: [[RemoteWebDriver: chrome on Windows 10 (78cc5f1a1db475e43cbf047e506025f0)] -&gt; xpath: //button[normalize-space()=&apos;Login&apos;]]
Session ID: 78cc5f1a1db475e43cbf047e506025f0. Screenshot: C:\Users\ssmit\eclipse-workspace\NinjaV5\screenshots\exception_sid_cloudberry_services_20250526074903.png
	at testCases.TC02_Login.testLogin(TC02_Login.java:70)
	at java.base/java.util.ArrayList.forEach(ArrayList.java:1596)
	at java.base/java.util.concurrent.FutureTask.run(FutureTask.java:317)
	at java.base/java.util.concurrent.ThreadPoolExecutor.runWorker(ThreadPoolExecutor.java:1144)
	at java.base/java.util.concurrent.ThreadPoolExecutor$Worker.run(ThreadPoolExecutor.java:642)
	at java.base/java.lang.Thread.run(Thread.java:1583)
... Removed 16 stack frames
</div> <!-- stack-trace -->
                </div> <!-- method-content -->
              </div> <!-- method -->
              <div class="method">
                <div class="method-content">
                  <a name="testLogin(smitasharma.qa@gmail.com, ss*QA123)">
                  </a> <!-- testLogin(smitasharma.qa@gmail.com, ss*QA123) -->
                  <span class="method-name">testLogin</span>
                  <span class="parameters">(smitasharma.qa@gmail.com,ss*QA123)</span>
                  <div class="stack-trace">java.lang.AssertionError: Unexpected exception during login for email: smitasharma.qa@gmail.com. Exception: element click intercepted: Element is not clickable at point (860, 571)
  (Session info: chrome=136.0.7103.114)
Build info: version: &apos;4.31.0&apos;, revision: &apos;1ef9f18787*&apos;
System info: os.name: &apos;Windows 10&apos;, os.arch: &apos;amd64&apos;, os.version: &apos;10.0&apos;, java.version: &apos;21.0.6&apos;
Driver info: org.openqa.selenium.remote.RemoteWebDriver
Command: [78cc5f1a1db475e43cbf047e506025f0, clickElement {id=f.23F93CE1BF93211E4D645FB6F692C8E1.d.30306C07CA3B3E518F381EF26A5EAFEF.e.91}]
Capabilities {acceptInsecureCerts: false, browserName: chrome, browserVersion: 136.0.7103.114, chrome: {chromedriverVersion: 136.0.7103.113 (76fa3c17824..., userDataDir: C:\Users\ssmit\AppData\Loca...}, fedcm:accounts: true, goog:chromeOptions: {debuggerAddress: localhost:49721}, networkConnectionEnabled: false, pageLoadStrategy: normal, platformName: Windows 10, proxy: Proxy(), se:bidiEnabled: false, se:cdp: ws://192.168.1.191:4444/ses..., se:cdpVersion: 136.0.7103.114, setWindowRect: true, strictFileInteractability: false, timeouts: {implicit: 0, pageLoad: 300000, script: 30000}, unhandledPromptBehavior: dismiss and notify, webauthn:extension:credBlob: true, webauthn:extension:largeBlob: true, webauthn:extension:minPinLength: true, webauthn:extension:prf: true, webauthn:virtualAuthenticators: true}
Element: [[RemoteWebDriver: chrome on Windows 10 (78cc5f1a1db475e43cbf047e506025f0)] -&gt; xpath: //button[normalize-space()=&apos;Login&apos;]]
Session ID: 78cc5f1a1db475e43cbf047e506025f0. Screenshot: C:\Users\ssmit\eclipse-workspace\NinjaV5\screenshots\exception_smitasharma_qa_gmail_com_20250526074854.png
	at testCases.TC02_Login.testLogin(TC02_Login.java:70)
	at java.base/java.util.ArrayList.forEach(ArrayList.java:1596)
	at java.base/java.util.concurrent.FutureTask.run(FutureTask.java:317)
	at java.base/java.util.concurrent.ThreadPoolExecutor.runWorker(ThreadPoolExecutor.java:1144)
	at java.base/java.util.concurrent.ThreadPoolExecutor$Worker.run(ThreadPoolExecutor.java:642)
	at java.base/java.lang.Thread.run(Thread.java:1583)
... Removed 16 stack frames
</div> <!-- stack-trace -->
                </div> <!-- method-content -->
              </div> <!-- method -->
              <div class="method">
                <div class="method-content">
                  <a name="testLogin(hichamkhachiai@gmail.com, hicham123)">
                  </a> <!-- testLogin(hichamkhachiai@gmail.com, hicham123) -->
                  <span class="method-name">testLogin</span>
                  <span class="parameters">(hichamkhachiai@gmail.com,hicham123)</span>
                  <div class="stack-trace">java.lang.AssertionError: Unexpected exception during login for email: hichamkhachiai@gmail.com. Exception: element click intercepted: Element is not clickable at point (774, -18)
  (Session info: chrome=136.0.7103.114)
Build info: version: &apos;4.31.0&apos;, revision: &apos;1ef9f18787*&apos;
System info: os.name: &apos;Windows 10&apos;, os.arch: &apos;amd64&apos;, os.version: &apos;10.0&apos;, java.version: &apos;21.0.6&apos;
Driver info: org.openqa.selenium.remote.RemoteWebDriver
Command: [78cc5f1a1db475e43cbf047e506025f0, clickElement {id=f.23F93CE1BF93211E4D645FB6F692C8E1.d.2D8A684E14F78555CD0F8D7D2EE5E6BE.e.187}]
Capabilities {acceptInsecureCerts: false, browserName: chrome, browserVersion: 136.0.7103.114, chrome: {chromedriverVersion: 136.0.7103.113 (76fa3c17824..., userDataDir: C:\Users\ssmit\AppData\Loca...}, fedcm:accounts: true, goog:chromeOptions: {debuggerAddress: localhost:49721}, networkConnectionEnabled: false, pageLoadStrategy: normal, platformName: Windows 10, proxy: Proxy(), se:bidiEnabled: false, se:cdp: ws://192.168.1.191:4444/ses..., se:cdpVersion: 136.0.7103.114, setWindowRect: true, strictFileInteractability: false, timeouts: {implicit: 0, pageLoad: 300000, script: 30000}, unhandledPromptBehavior: dismiss and notify, webauthn:extension:credBlob: true, webauthn:extension:largeBlob: true, webauthn:extension:minPinLength: true, webauthn:extension:prf: true, webauthn:virtualAuthenticators: true}
Element: [[RemoteWebDriver: chrome on Windows 10 (78cc5f1a1db475e43cbf047e506025f0)] -&gt; xpath: //i[@class=&apos;fa-solid fa-user&apos;]]
Session ID: 78cc5f1a1db475e43cbf047e506025f0. Screenshot: C:\Users\ssmit\eclipse-workspace\NinjaV5\screenshots\exception_hichamkhachiai_gmail_com_20250526074913.png
	at testCases.TC02_Login.testLogin(TC02_Login.java:70)
	at java.base/java.util.ArrayList.forEach(ArrayList.java:1596)
	at java.base/java.util.concurrent.FutureTask.run(FutureTask.java:317)
	at java.base/java.util.concurrent.ThreadPoolExecutor.runWorker(ThreadPoolExecutor.java:1144)
	at java.base/java.util.concurrent.ThreadPoolExecutor$Worker.run(ThreadPoolExecutor.java:642)
	at java.base/java.lang.Thread.run(Thread.java:1583)
... Removed 16 stack frames
</div> <!-- stack-trace -->
                </div> <!-- method-content -->
              </div> <!-- method -->
              <div class="method">
                <div class="method-content">
                  <a name="testLogin(apushedwoman@gmail.com, password123)">
                  </a> <!-- testLogin(apushedwoman@gmail.com, password123) -->
                  <span class="method-name">testLogin</span>
                  <span class="parameters">(apushedwoman@gmail.com,password123)</span>
                  <div class="stack-trace">java.lang.AssertionError: Unexpected exception during login for email: apushedwoman@gmail.com. Exception: element click intercepted: Element is not clickable at point (860, 571)
  (Session info: chrome=136.0.7103.114)
Build info: version: &apos;4.31.0&apos;, revision: &apos;1ef9f18787*&apos;
System info: os.name: &apos;Windows 10&apos;, os.arch: &apos;amd64&apos;, os.version: &apos;10.0&apos;, java.version: &apos;21.0.6&apos;
Driver info: org.openqa.selenium.remote.RemoteWebDriver
Command: [78cc5f1a1db475e43cbf047e506025f0, clickElement {id=f.23F93CE1BF93211E4D645FB6F692C8E1.d.2D8A684E14F78555CD0F8D7D2EE5E6BE.e.177}]
Capabilities {acceptInsecureCerts: false, browserName: chrome, browserVersion: 136.0.7103.114, chrome: {chromedriverVersion: 136.0.7103.113 (76fa3c17824..., userDataDir: C:\Users\ssmit\AppData\Loca...}, fedcm:accounts: true, goog:chromeOptions: {debuggerAddress: localhost:49721}, networkConnectionEnabled: false, pageLoadStrategy: normal, platformName: Windows 10, proxy: Proxy(), se:bidiEnabled: false, se:cdp: ws://192.168.1.191:4444/ses..., se:cdpVersion: 136.0.7103.114, setWindowRect: true, strictFileInteractability: false, timeouts: {implicit: 0, pageLoad: 300000, script: 30000}, unhandledPromptBehavior: dismiss and notify, webauthn:extension:credBlob: true, webauthn:extension:largeBlob: true, webauthn:extension:minPinLength: true, webauthn:extension:prf: true, webauthn:virtualAuthenticators: true}
Element: [[RemoteWebDriver: chrome on Windows 10 (78cc5f1a1db475e43cbf047e506025f0)] -&gt; xpath: //button[normalize-space()=&apos;Login&apos;]]
Session ID: 78cc5f1a1db475e43cbf047e506025f0. Screenshot: C:\Users\ssmit\eclipse-workspace\NinjaV5\screenshots\exception_apushedwoman_gmail_com_20250526074908.png
	at testCases.TC02_Login.testLogin(TC02_Login.java:70)
	at java.base/java.util.ArrayList.forEach(ArrayList.java:1596)
	at java.base/java.util.concurrent.FutureTask.run(FutureTask.java:317)
	at java.base/java.util.concurrent.ThreadPoolExecutor.runWorker(ThreadPoolExecutor.java:1144)
	at java.base/java.util.concurrent.ThreadPoolExecutor$Worker.run(ThreadPoolExecutor.java:642)
	at java.base/java.lang.Thread.run(Thread.java:1583)
... Removed 16 stack frames
</div> <!-- stack-trace -->
                </div> <!-- method-content -->
              </div> <!-- method -->
              <div class="method">
                <div class="method-content">
                  <a name="testLogin(nona@yahoo.com, QWER!@#$)">
                  </a> <!-- testLogin(nona@yahoo.com, QWER!@#$) -->
                  <span class="method-name">testLogin</span>
                  <span class="parameters">(nona@yahoo.com,QWER!@#$)</span>
                  <div class="stack-trace">java.lang.AssertionError: Unexpected exception during login for email: nona@yahoo.com. Exception: element click intercepted: Element is not clickable at point (774, -18)
  (Session info: chrome=136.0.7103.114)
Build info: version: &apos;4.31.0&apos;, revision: &apos;1ef9f18787*&apos;
System info: os.name: &apos;Windows 10&apos;, os.arch: &apos;amd64&apos;, os.version: &apos;10.0&apos;, java.version: &apos;21.0.6&apos;
Driver info: org.openqa.selenium.remote.RemoteWebDriver
Command: [78cc5f1a1db475e43cbf047e506025f0, clickElement {id=f.23F93CE1BF93211E4D645FB6F692C8E1.d.30306C07CA3B3E518F381EF26A5EAFEF.e.102}]
Capabilities {acceptInsecureCerts: false, browserName: chrome, browserVersion: 136.0.7103.114, chrome: {chromedriverVersion: 136.0.7103.113 (76fa3c17824..., userDataDir: C:\Users\ssmit\AppData\Loca...}, fedcm:accounts: true, goog:chromeOptions: {debuggerAddress: localhost:49721}, networkConnectionEnabled: false, pageLoadStrategy: normal, platformName: Windows 10, proxy: Proxy(), se:bidiEnabled: false, se:cdp: ws://192.168.1.191:4444/ses..., se:cdpVersion: 136.0.7103.114, setWindowRect: true, strictFileInteractability: false, timeouts: {implicit: 0, pageLoad: 300000, script: 30000}, unhandledPromptBehavior: dismiss and notify, webauthn:extension:credBlob: true, webauthn:extension:largeBlob: true, webauthn:extension:minPinLength: true, webauthn:extension:prf: true, webauthn:virtualAuthenticators: true}
Element: [[RemoteWebDriver: chrome on Windows 10 (78cc5f1a1db475e43cbf047e506025f0)] -&gt; xpath: //i[@class=&apos;fa-solid fa-user&apos;]]
Session ID: 78cc5f1a1db475e43cbf047e506025f0. Screenshot: C:\Users\ssmit\eclipse-workspace\NinjaV5\screenshots\exception_nona_yahoo_com_20250526074858.png
	at testCases.TC02_Login.testLogin(TC02_Login.java:70)
	at java.base/java.util.ArrayList.forEach(ArrayList.java:1596)
	at java.base/java.util.concurrent.FutureTask.run(FutureTask.java:317)
	at java.base/java.util.concurrent.ThreadPoolExecutor.runWorker(ThreadPoolExecutor.java:1144)
	at java.base/java.util.concurrent.ThreadPoolExecutor$Worker.run(ThreadPoolExecutor.java:642)
	at java.base/java.lang.Thread.run(Thread.java:1583)
... Removed 16 stack frames
</div> <!-- stack-trace -->
                </div> <!-- method-content -->
              </div> <!-- method -->
            </div> <!-- main-panel-content rounded-window-bottom -->
          </div> <!-- suite-Suite-class-failed -->
          <div class="suite-Suite-class-failed">
            <div class="main-panel-header rounded-window-top">
              <img src="failed.png"/>
              <span class="class-name">testCases.TC06_AddAffiliate</span>
            </div> <!-- main-panel-header rounded-window-top -->
            <div class="main-panel-content rounded-window-bottom">
              <div class="method">
                <div class="method-content">
                  <a name="testAddAffiliate">
                  </a> <!-- testAddAffiliate -->
                  <span class="method-name">testAddAffiliate</span>
                  <div class="stack-trace">java.lang.AssertionError: Test failed due to unexpected exception.
	at testCases.TC06_AddAffiliate.testAddAffiliate(TC06_AddAffiliate.java:60)
	at java.base/java.util.ArrayList.forEach(ArrayList.java:1596)
	at java.base/java.util.concurrent.FutureTask.run(FutureTask.java:317)
	at java.base/java.util.concurrent.ThreadPoolExecutor.runWorker(ThreadPoolExecutor.java:1144)
	at java.base/java.util.concurrent.ThreadPoolExecutor$Worker.run(ThreadPoolExecutor.java:642)
	at java.base/java.lang.Thread.run(Thread.java:1583)
... Removed 16 stack frames
</div> <!-- stack-trace -->
                </div> <!-- method-content -->
              </div> <!-- method -->
            </div> <!-- main-panel-content rounded-window-bottom -->
          </div> <!-- suite-Suite-class-failed -->
          <div class="suite-Suite-class-failed">
            <div class="main-panel-header rounded-window-top">
              <img src="failed.png"/>
              <span class="class-name">testCases.TC05_AddToWishList</span>
            </div> <!-- main-panel-header rounded-window-top -->
            <div class="main-panel-content rounded-window-bottom">
              <div class="method">
                <div class="method-content">
                  <a name="testAddToWishList">
                  </a> <!-- testAddToWishList -->
                  <span class="method-name">testAddToWishList</span>
                  <div class="stack-trace">java.lang.AssertionError: Test failed due to unexpected exception.
	at testCases.TC05_AddToWishList.testAddToWishList(TC05_AddToWishList.java:77)
	at java.base/java.util.ArrayList.forEach(ArrayList.java:1596)
	at java.base/java.util.concurrent.FutureTask.run(FutureTask.java:317)
	at java.base/java.util.concurrent.ThreadPoolExecutor.runWorker(ThreadPoolExecutor.java:1144)
	at java.base/java.util.concurrent.ThreadPoolExecutor$Worker.run(ThreadPoolExecutor.java:642)
	at java.base/java.lang.Thread.run(Thread.java:1583)
... Removed 16 stack frames
</div> <!-- stack-trace -->
                </div> <!-- method-content -->
              </div> <!-- method -->
              <div class="method">
                <div class="method-content">
                  <a name="testAddToWishList">
                  </a> <!-- testAddToWishList -->
                  <span class="method-name">testAddToWishList</span>
                  <div class="stack-trace">java.lang.AssertionError: Test failed due to unexpected exception.
	at testCases.TC05_AddToWishList.testAddToWishList(TC05_AddToWishList.java:77)
	at java.base/java.util.ArrayList.forEach(ArrayList.java:1596)
	at java.base/java.util.concurrent.FutureTask.run(FutureTask.java:317)
	at java.base/java.util.concurrent.ThreadPoolExecutor.runWorker(ThreadPoolExecutor.java:1144)
	at java.base/java.util.concurrent.ThreadPoolExecutor$Worker.run(ThreadPoolExecutor.java:642)
	at java.base/java.lang.Thread.run(Thread.java:1583)
... Removed 16 stack frames
</div> <!-- stack-trace -->
                </div> <!-- method-content -->
              </div> <!-- method -->
              <div class="method">
                <div class="method-content">
                  <a name="testAddToWishList">
                  </a> <!-- testAddToWishList -->
                  <span class="method-name">testAddToWishList</span>
                  <div class="stack-trace">java.lang.AssertionError: Test failed due to unexpected exception.
	at testCases.TC05_AddToWishList.testAddToWishList(TC05_AddToWishList.java:77)
	at java.base/java.util.ArrayList.forEach(ArrayList.java:1596)
	at java.base/java.util.concurrent.FutureTask.run(FutureTask.java:317)
	at java.base/java.util.concurrent.ThreadPoolExecutor.runWorker(ThreadPoolExecutor.java:1144)
	at java.base/java.util.concurrent.ThreadPoolExecutor$Worker.run(ThreadPoolExecutor.java:642)
	at java.base/java.lang.Thread.run(Thread.java:1583)
... Removed 16 stack frames
</div> <!-- stack-trace -->
                </div> <!-- method-content -->
              </div> <!-- method -->
            </div> <!-- main-panel-content rounded-window-bottom -->
          </div> <!-- suite-Suite-class-failed -->
          <div class="suite-Suite-class-failed">
            <div class="main-panel-header rounded-window-top">
              <img src="failed.png"/>
              <span class="class-name">testCases.TC03_AddToCart</span>
            </div> <!-- main-panel-header rounded-window-top -->
            <div class="main-panel-content rounded-window-bottom">
              <div class="method">
                <div class="method-content">
                  <a name="testAddToCart">
                  </a> <!-- testAddToCart -->
                  <span class="method-name">testAddToCart</span>
                  <div class="stack-trace">java.lang.AssertionError: Test failed due to unexpected exception.
	at testCases.TC03_AddToCart.testAddToCart(TC03_AddToCart.java:55)
	at java.base/java.util.ArrayList.forEach(ArrayList.java:1596)
	at java.base/java.util.concurrent.FutureTask.run(FutureTask.java:317)
	at java.base/java.util.concurrent.ThreadPoolExecutor.runWorker(ThreadPoolExecutor.java:1144)
	at java.base/java.util.concurrent.ThreadPoolExecutor$Worker.run(ThreadPoolExecutor.java:642)
	at java.base/java.lang.Thread.run(Thread.java:1583)
... Removed 16 stack frames
</div> <!-- stack-trace -->
                </div> <!-- method-content -->
              </div> <!-- method -->
            </div> <!-- main-panel-content rounded-window-bottom -->
          </div> <!-- suite-Suite-class-failed -->
          <div class="suite-Suite-class-failed">
            <div class="main-panel-header rounded-window-top">
              <img src="failed.png"/>
              <span class="class-name">testCases.TC04_CompletePurchase</span>
            </div> <!-- main-panel-header rounded-window-top -->
            <div class="main-panel-content rounded-window-bottom">
              <div class="method">
                <div class="method-content">
                  <a name="testCompletePurchase">
                  </a> <!-- testCompletePurchase -->
                  <span class="method-name">testCompletePurchase</span>
                  <div class="stack-trace">java.lang.AssertionError: Test failed due to unexpected exception.
	at testCases.TC04_CompletePurchase.testCompletePurchase(TC04_CompletePurchase.java:81)
	at java.base/java.util.ArrayList.forEach(ArrayList.java:1596)
	at java.base/java.util.concurrent.FutureTask.run(FutureTask.java:317)
	at java.base/java.util.concurrent.ThreadPoolExecutor.runWorker(ThreadPoolExecutor.java:1144)
	at java.base/java.util.concurrent.ThreadPoolExecutor$Worker.run(ThreadPoolExecutor.java:642)
	at java.base/java.lang.Thread.run(Thread.java:1583)
... Removed 16 stack frames
</div> <!-- stack-trace -->
                </div> <!-- method-content -->
              </div> <!-- method -->
              <div class="method">
                <div class="method-content">
                  <a name="testCompletePurchase">
                  </a> <!-- testCompletePurchase -->
                  <span class="method-name">testCompletePurchase</span>
                  <div class="stack-trace">java.lang.AssertionError: Test failed due to unexpected exception.
	at testCases.TC04_CompletePurchase.testCompletePurchase(TC04_CompletePurchase.java:81)
	at java.base/java.util.ArrayList.forEach(ArrayList.java:1596)
	at java.base/java.util.concurrent.FutureTask.run(FutureTask.java:317)
	at java.base/java.util.concurrent.ThreadPoolExecutor.runWorker(ThreadPoolExecutor.java:1144)
	at java.base/java.util.concurrent.ThreadPoolExecutor$Worker.run(ThreadPoolExecutor.java:642)
	at java.base/java.lang.Thread.run(Thread.java:1583)
... Removed 16 stack frames
</div> <!-- stack-trace -->
                </div> <!-- method-content -->
              </div> <!-- method -->
              <div class="method">
                <div class="method-content">
                  <a name="testCompletePurchase">
                  </a> <!-- testCompletePurchase -->
                  <span class="method-name">testCompletePurchase</span>
                  <div class="stack-trace">java.lang.AssertionError: Test failed due to unexpected exception.
	at testCases.TC04_CompletePurchase.testCompletePurchase(TC04_CompletePurchase.java:81)
	at java.base/java.util.ArrayList.forEach(ArrayList.java:1596)
	at java.base/java.util.concurrent.FutureTask.run(FutureTask.java:317)
	at java.base/java.util.concurrent.ThreadPoolExecutor.runWorker(ThreadPoolExecutor.java:1144)
	at java.base/java.util.concurrent.ThreadPoolExecutor$Worker.run(ThreadPoolExecutor.java:642)
	at java.base/java.lang.Thread.run(Thread.java:1583)
... Removed 16 stack frames
</div> <!-- stack-trace -->
                </div> <!-- method-content -->
              </div> <!-- method -->
            </div> <!-- main-panel-content rounded-window-bottom -->
          </div> <!-- suite-Suite-class-failed -->
          <div class="suite-Suite-class-skipped">
            <div class="main-panel-header rounded-window-top">
              <img src="skipped.png"/>
              <span class="class-name">testCases.TC02_Login</span>
            </div> <!-- main-panel-header rounded-window-top -->
            <div class="main-panel-content rounded-window-bottom">
              <div class="method">
                <div class="method-content">
                  <a name="testLogin(hichamkhachiai@gmail.com, hicham123)">
                  </a> <!-- testLogin(hichamkhachiai@gmail.com, hicham123) -->
                  <span class="method-name">testLogin</span>
                  <span class="parameters">(hichamkhachiai@gmail.com,hicham123)</span>
                  <div class="stack-trace">java.lang.AssertionError: Unexpected exception during login for email: hichamkhachiai@gmail.com. Exception: element click intercepted: Element is not clickable at point (774, -24)
  (Session info: chrome=136.0.7103.114)
Build info: version: &apos;4.31.0&apos;, revision: &apos;1ef9f18787*&apos;
System info: os.name: &apos;Windows 10&apos;, os.arch: &apos;amd64&apos;, os.version: &apos;10.0&apos;, java.version: &apos;21.0.6&apos;
Driver info: org.openqa.selenium.remote.RemoteWebDriver
Command: [78cc5f1a1db475e43cbf047e506025f0, clickElement {id=f.23F93CE1BF93211E4D645FB6F692C8E1.d.2D8A684E14F78555CD0F8D7D2EE5E6BE.e.187}]
Capabilities {acceptInsecureCerts: false, browserName: chrome, browserVersion: 136.0.7103.114, chrome: {chromedriverVersion: 136.0.7103.113 (76fa3c17824..., userDataDir: C:\Users\ssmit\AppData\Loca...}, fedcm:accounts: true, goog:chromeOptions: {debuggerAddress: localhost:49721}, networkConnectionEnabled: false, pageLoadStrategy: normal, platformName: Windows 10, proxy: Proxy(), se:bidiEnabled: false, se:cdp: ws://192.168.1.191:4444/ses..., se:cdpVersion: 136.0.7103.114, setWindowRect: true, strictFileInteractability: false, timeouts: {implicit: 0, pageLoad: 300000, script: 30000}, unhandledPromptBehavior: dismiss and notify, webauthn:extension:credBlob: true, webauthn:extension:largeBlob: true, webauthn:extension:minPinLength: true, webauthn:extension:prf: true, webauthn:virtualAuthenticators: true}
Element: [[RemoteWebDriver: chrome on Windows 10 (78cc5f1a1db475e43cbf047e506025f0)] -&gt; xpath: //i[@class=&apos;fa-solid fa-user&apos;]]
Session ID: 78cc5f1a1db475e43cbf047e506025f0. Screenshot: C:\Users\ssmit\eclipse-workspace\NinjaV5\screenshots\exception_hichamkhachiai_gmail_com_20250526074911.png
	at testCases.TC02_Login.testLogin(TC02_Login.java:70)
	at java.base/java.util.ArrayList.forEach(ArrayList.java:1596)
	at java.base/java.util.concurrent.FutureTask.run(FutureTask.java:317)
	at java.base/java.util.concurrent.ThreadPoolExecutor.runWorker(ThreadPoolExecutor.java:1144)
	at java.base/java.util.concurrent.ThreadPoolExecutor$Worker.run(ThreadPoolExecutor.java:642)
	at java.base/java.lang.Thread.run(Thread.java:1583)
... Removed 16 stack frames
</div> <!-- stack-trace -->
                </div> <!-- method-content -->
              </div> <!-- method -->
              <div class="method">
                <div class="method-content">
                  <a name="testLogin(nona@yahoo.com, QWER!@#$)">
                  </a> <!-- testLogin(nona@yahoo.com, QWER!@#$) -->
                  <span class="method-name">testLogin</span>
                  <span class="parameters">(nona@yahoo.com,QWER!@#$)</span>
                  <div class="stack-trace">java.lang.AssertionError: Unexpected exception during login for email: nona@yahoo.com. Exception: element click intercepted: Element is not clickable at point (774, -24)
  (Session info: chrome=136.0.7103.114)
Build info: version: &apos;4.31.0&apos;, revision: &apos;1ef9f18787*&apos;
System info: os.name: &apos;Windows 10&apos;, os.arch: &apos;amd64&apos;, os.version: &apos;10.0&apos;, java.version: &apos;21.0.6&apos;
Driver info: org.openqa.selenium.remote.RemoteWebDriver
Command: [78cc5f1a1db475e43cbf047e506025f0, clickElement {id=f.23F93CE1BF93211E4D645FB6F692C8E1.d.30306C07CA3B3E518F381EF26A5EAFEF.e.102}]
Capabilities {acceptInsecureCerts: false, browserName: chrome, browserVersion: 136.0.7103.114, chrome: {chromedriverVersion: 136.0.7103.113 (76fa3c17824..., userDataDir: C:\Users\ssmit\AppData\Loca...}, fedcm:accounts: true, goog:chromeOptions: {debuggerAddress: localhost:49721}, networkConnectionEnabled: false, pageLoadStrategy: normal, platformName: Windows 10, proxy: Proxy(), se:bidiEnabled: false, se:cdp: ws://192.168.1.191:4444/ses..., se:cdpVersion: 136.0.7103.114, setWindowRect: true, strictFileInteractability: false, timeouts: {implicit: 0, pageLoad: 300000, script: 30000}, unhandledPromptBehavior: dismiss and notify, webauthn:extension:credBlob: true, webauthn:extension:largeBlob: true, webauthn:extension:minPinLength: true, webauthn:extension:prf: true, webauthn:virtualAuthenticators: true}
Element: [[RemoteWebDriver: chrome on Windows 10 (78cc5f1a1db475e43cbf047e506025f0)] -&gt; xpath: //i[@class=&apos;fa-solid fa-user&apos;]]
Session ID: 78cc5f1a1db475e43cbf047e506025f0. Screenshot: C:\Users\ssmit\eclipse-workspace\NinjaV5\screenshots\exception_nona_yahoo_com_20250526074857.png
	at testCases.TC02_Login.testLogin(TC02_Login.java:70)
	at java.base/java.util.ArrayList.forEach(ArrayList.java:1596)
	at java.base/java.util.concurrent.FutureTask.run(FutureTask.java:317)
	at java.base/java.util.concurrent.ThreadPoolExecutor.runWorker(ThreadPoolExecutor.java:1144)
	at java.base/java.util.concurrent.ThreadPoolExecutor$Worker.run(ThreadPoolExecutor.java:642)
	at java.base/java.lang.Thread.run(Thread.java:1583)
... Removed 16 stack frames
</div> <!-- stack-trace -->
                </div> <!-- method-content -->
              </div> <!-- method -->
              <div class="method">
                <div class="method-content">
                  <a name="testLogin(hichamkhachiai@gmail.com, hicham123)">
                  </a> <!-- testLogin(hichamkhachiai@gmail.com, hicham123) -->
                  <span class="method-name">testLogin</span>
                  <span class="parameters">(hichamkhachiai@gmail.com,hicham123)</span>
                  <div class="stack-trace">java.lang.AssertionError: Unexpected exception during login for email: hichamkhachiai@gmail.com. Exception: element click intercepted: Element is not clickable at point (774, -26)
  (Session info: chrome=136.0.7103.114)
Build info: version: &apos;4.31.0&apos;, revision: &apos;1ef9f18787*&apos;
System info: os.name: &apos;Windows 10&apos;, os.arch: &apos;amd64&apos;, os.version: &apos;10.0&apos;, java.version: &apos;21.0.6&apos;
Driver info: org.openqa.selenium.remote.RemoteWebDriver
Command: [78cc5f1a1db475e43cbf047e506025f0, clickElement {id=f.23F93CE1BF93211E4D645FB6F692C8E1.d.2D8A684E14F78555CD0F8D7D2EE5E6BE.e.187}]
Capabilities {acceptInsecureCerts: false, browserName: chrome, browserVersion: 136.0.7103.114, chrome: {chromedriverVersion: 136.0.7103.113 (76fa3c17824..., userDataDir: C:\Users\ssmit\AppData\Loca...}, fedcm:accounts: true, goog:chromeOptions: {debuggerAddress: localhost:49721}, networkConnectionEnabled: false, pageLoadStrategy: normal, platformName: Windows 10, proxy: Proxy(), se:bidiEnabled: false, se:cdp: ws://192.168.1.191:4444/ses..., se:cdpVersion: 136.0.7103.114, setWindowRect: true, strictFileInteractability: false, timeouts: {implicit: 0, pageLoad: 300000, script: 30000}, unhandledPromptBehavior: dismiss and notify, webauthn:extension:credBlob: true, webauthn:extension:largeBlob: true, webauthn:extension:minPinLength: true, webauthn:extension:prf: true, webauthn:virtualAuthenticators: true}
Element: [[RemoteWebDriver: chrome on Windows 10 (78cc5f1a1db475e43cbf047e506025f0)] -&gt; xpath: //i[@class=&apos;fa-solid fa-user&apos;]]
Session ID: 78cc5f1a1db475e43cbf047e506025f0. Screenshot: C:\Users\ssmit\eclipse-workspace\NinjaV5\screenshots\exception_hichamkhachiai_gmail_com_20250526074910.png
	at testCases.TC02_Login.testLogin(TC02_Login.java:70)
	at java.base/java.util.ArrayList.forEach(ArrayList.java:1596)
	at java.base/java.util.concurrent.FutureTask.run(FutureTask.java:317)
	at java.base/java.util.concurrent.ThreadPoolExecutor.runWorker(ThreadPoolExecutor.java:1144)
	at java.base/java.util.concurrent.ThreadPoolExecutor$Worker.run(ThreadPoolExecutor.java:642)
	at java.base/java.lang.Thread.run(Thread.java:1583)
... Removed 16 stack frames
</div> <!-- stack-trace -->
                </div> <!-- method-content -->
              </div> <!-- method -->
              <div class="method">
                <div class="method-content">
                  <a name="testLogin(smitasharma.qa@gmail.com, ss*QA123)">
                  </a> <!-- testLogin(smitasharma.qa@gmail.com, ss*QA123) -->
                  <span class="method-name">testLogin</span>
                  <span class="parameters">(smitasharma.qa@gmail.com,ss*QA123)</span>
                  <div class="stack-trace">java.lang.AssertionError: Unexpected exception during login for email: smitasharma.qa@gmail.com. Exception: element click intercepted: Element is not clickable at point (860, 571)
  (Session info: chrome=136.0.7103.114)
Build info: version: &apos;4.31.0&apos;, revision: &apos;1ef9f18787*&apos;
System info: os.name: &apos;Windows 10&apos;, os.arch: &apos;amd64&apos;, os.version: &apos;10.0&apos;, java.version: &apos;21.0.6&apos;
Driver info: org.openqa.selenium.remote.RemoteWebDriver
Command: [78cc5f1a1db475e43cbf047e506025f0, clickElement {id=f.23F93CE1BF93211E4D645FB6F692C8E1.d.0DAFD8E9B6907256CE283171BD5EA740.e.71}]
Capabilities {acceptInsecureCerts: false, browserName: chrome, browserVersion: 136.0.7103.114, chrome: {chromedriverVersion: 136.0.7103.113 (76fa3c17824..., userDataDir: C:\Users\ssmit\AppData\Loca...}, fedcm:accounts: true, goog:chromeOptions: {debuggerAddress: localhost:49721}, networkConnectionEnabled: false, pageLoadStrategy: normal, platformName: Windows 10, proxy: Proxy(), se:bidiEnabled: false, se:cdp: ws://192.168.1.191:4444/ses..., se:cdpVersion: 136.0.7103.114, setWindowRect: true, strictFileInteractability: false, timeouts: {implicit: 0, pageLoad: 300000, script: 30000}, unhandledPromptBehavior: dismiss and notify, webauthn:extension:credBlob: true, webauthn:extension:largeBlob: true, webauthn:extension:minPinLength: true, webauthn:extension:prf: true, webauthn:virtualAuthenticators: true}
Element: [[RemoteWebDriver: chrome on Windows 10 (78cc5f1a1db475e43cbf047e506025f0)] -&gt; xpath: //button[normalize-space()=&apos;Login&apos;]]
Session ID: 78cc5f1a1db475e43cbf047e506025f0. Screenshot: C:\Users\ssmit\eclipse-workspace\NinjaV5\screenshots\exception_smitasharma_qa_gmail_com_20250526074853.png
	at testCases.TC02_Login.testLogin(TC02_Login.java:70)
	at java.base/java.util.ArrayList.forEach(ArrayList.java:1596)
	at java.base/java.util.concurrent.FutureTask.run(FutureTask.java:317)
	at java.base/java.util.concurrent.ThreadPoolExecutor.runWorker(ThreadPoolExecutor.java:1144)
	at java.base/java.util.concurrent.ThreadPoolExecutor$Worker.run(ThreadPoolExecutor.java:642)
	at java.base/java.lang.Thread.run(Thread.java:1583)
... Removed 16 stack frames
</div> <!-- stack-trace -->
                </div> <!-- method-content -->
              </div> <!-- method -->
              <div class="method">
                <div class="method-content">
                  <a name="testLogin(nona@yahoo.com, QWER!@#$)">
                  </a> <!-- testLogin(nona@yahoo.com, QWER!@#$) -->
                  <span class="method-name">testLogin</span>
                  <span class="parameters">(nona@yahoo.com,QWER!@#$)</span>
                  <div class="stack-trace">java.lang.AssertionError: Unexpected exception during login for email: nona@yahoo.com. Exception: element click intercepted: Element is not clickable at point (774, -26)
  (Session info: chrome=136.0.7103.114)
Build info: version: &apos;4.31.0&apos;, revision: &apos;1ef9f18787*&apos;
System info: os.name: &apos;Windows 10&apos;, os.arch: &apos;amd64&apos;, os.version: &apos;10.0&apos;, java.version: &apos;21.0.6&apos;
Driver info: org.openqa.selenium.remote.RemoteWebDriver
Command: [78cc5f1a1db475e43cbf047e506025f0, clickElement {id=f.23F93CE1BF93211E4D645FB6F692C8E1.d.30306C07CA3B3E518F381EF26A5EAFEF.e.102}]
Capabilities {acceptInsecureCerts: false, browserName: chrome, browserVersion: 136.0.7103.114, chrome: {chromedriverVersion: 136.0.7103.113 (76fa3c17824..., userDataDir: C:\Users\ssmit\AppData\Loca...}, fedcm:accounts: true, goog:chromeOptions: {debuggerAddress: localhost:49721}, networkConnectionEnabled: false, pageLoadStrategy: normal, platformName: Windows 10, proxy: Proxy(), se:bidiEnabled: false, se:cdp: ws://192.168.1.191:4444/ses..., se:cdpVersion: 136.0.7103.114, setWindowRect: true, strictFileInteractability: false, timeouts: {implicit: 0, pageLoad: 300000, script: 30000}, unhandledPromptBehavior: dismiss and notify, webauthn:extension:credBlob: true, webauthn:extension:largeBlob: true, webauthn:extension:minPinLength: true, webauthn:extension:prf: true, webauthn:virtualAuthenticators: true}
Element: [[RemoteWebDriver: chrome on Windows 10 (78cc5f1a1db475e43cbf047e506025f0)] -&gt; xpath: //i[@class=&apos;fa-solid fa-user&apos;]]
Session ID: 78cc5f1a1db475e43cbf047e506025f0. Screenshot: C:\Users\ssmit\eclipse-workspace\NinjaV5\screenshots\exception_nona_yahoo_com_20250526074856.png
	at testCases.TC02_Login.testLogin(TC02_Login.java:70)
	at java.base/java.util.ArrayList.forEach(ArrayList.java:1596)
	at java.base/java.util.concurrent.FutureTask.run(FutureTask.java:317)
	at java.base/java.util.concurrent.ThreadPoolExecutor.runWorker(ThreadPoolExecutor.java:1144)
	at java.base/java.util.concurrent.ThreadPoolExecutor$Worker.run(ThreadPoolExecutor.java:642)
	at java.base/java.lang.Thread.run(Thread.java:1583)
... Removed 16 stack frames
</div> <!-- stack-trace -->
                </div> <!-- method-content -->
              </div> <!-- method -->
              <div class="method">
                <div class="method-content">
                  <a name="testLogin(sid@cloudberry.services, Test123)">
                  </a> <!-- testLogin(sid@cloudberry.services, Test123) -->
                  <span class="method-name">testLogin</span>
                  <span class="parameters">(sid@cloudberry.services,Test123)</span>
                  <div class="stack-trace">java.lang.AssertionError: Unexpected exception during login for email: sid@cloudberry.services. Exception: element click intercepted: Element is not clickable at point (774, -8)
  (Session info: chrome=136.0.7103.114)
Build info: version: &apos;4.31.0&apos;, revision: &apos;1ef9f18787*&apos;
System info: os.name: &apos;Windows 10&apos;, os.arch: &apos;amd64&apos;, os.version: &apos;10.0&apos;, java.version: &apos;21.0.6&apos;
Driver info: org.openqa.selenium.remote.RemoteWebDriver
Command: [78cc5f1a1db475e43cbf047e506025f0, clickElement {id=f.23F93CE1BF93211E4D645FB6F692C8E1.d.30306C07CA3B3E518F381EF26A5EAFEF.e.102}]
Capabilities {acceptInsecureCerts: false, browserName: chrome, browserVersion: 136.0.7103.114, chrome: {chromedriverVersion: 136.0.7103.113 (76fa3c17824..., userDataDir: C:\Users\ssmit\AppData\Loca...}, fedcm:accounts: true, goog:chromeOptions: {debuggerAddress: localhost:49721}, networkConnectionEnabled: false, pageLoadStrategy: normal, platformName: Windows 10, proxy: Proxy(), se:bidiEnabled: false, se:cdp: ws://192.168.1.191:4444/ses..., se:cdpVersion: 136.0.7103.114, setWindowRect: true, strictFileInteractability: false, timeouts: {implicit: 0, pageLoad: 300000, script: 30000}, unhandledPromptBehavior: dismiss and notify, webauthn:extension:credBlob: true, webauthn:extension:largeBlob: true, webauthn:extension:minPinLength: true, webauthn:extension:prf: true, webauthn:virtualAuthenticators: true}
Element: [[RemoteWebDriver: chrome on Windows 10 (78cc5f1a1db475e43cbf047e506025f0)] -&gt; xpath: //i[@class=&apos;fa-solid fa-user&apos;]]
Session ID: 78cc5f1a1db475e43cbf047e506025f0. Screenshot: C:\Users\ssmit\eclipse-workspace\NinjaV5\screenshots\exception_sid_cloudberry_services_20250526074901.png
	at testCases.TC02_Login.testLogin(TC02_Login.java:70)
	at java.base/java.util.ArrayList.forEach(ArrayList.java:1596)
	at java.base/java.util.concurrent.FutureTask.run(FutureTask.java:317)
	at java.base/java.util.concurrent.ThreadPoolExecutor.runWorker(ThreadPoolExecutor.java:1144)
	at java.base/java.util.concurrent.ThreadPoolExecutor$Worker.run(ThreadPoolExecutor.java:642)
	at java.base/java.lang.Thread.run(Thread.java:1583)
... Removed 16 stack frames
</div> <!-- stack-trace -->
                </div> <!-- method-content -->
              </div> <!-- method -->
              <div class="method">
                <div class="method-content">
                  <a name="testLogin(smitasharma.qa@gmail.com, ss*QA123)">
                  </a> <!-- testLogin(smitasharma.qa@gmail.com, ss*QA123) -->
                  <span class="method-name">testLogin</span>
                  <span class="parameters">(smitasharma.qa@gmail.com,ss*QA123)</span>
                  <div class="stack-trace">java.lang.AssertionError: Unexpected exception during login for email: smitasharma.qa@gmail.com. Exception: element click intercepted: Element is not clickable at point (860, 571)
  (Session info: chrome=136.0.7103.114)
Build info: version: &apos;4.31.0&apos;, revision: &apos;1ef9f18787*&apos;
System info: os.name: &apos;Windows 10&apos;, os.arch: &apos;amd64&apos;, os.version: &apos;10.0&apos;, java.version: &apos;21.0.6&apos;
Driver info: org.openqa.selenium.remote.RemoteWebDriver
Command: [78cc5f1a1db475e43cbf047e506025f0, clickElement {id=f.23F93CE1BF93211E4D645FB6F692C8E1.d.7C4E72AB3D88D4FA5FF824DDFC8ACB9D.e.25}]
Capabilities {acceptInsecureCerts: false, browserName: chrome, browserVersion: 136.0.7103.114, chrome: {chromedriverVersion: 136.0.7103.113 (76fa3c17824..., userDataDir: C:\Users\ssmit\AppData\Loca...}, fedcm:accounts: true, goog:chromeOptions: {debuggerAddress: localhost:49721}, networkConnectionEnabled: false, pageLoadStrategy: normal, platformName: Windows 10, proxy: Proxy(), se:bidiEnabled: false, se:cdp: ws://192.168.1.191:4444/ses..., se:cdpVersion: 136.0.7103.114, setWindowRect: true, strictFileInteractability: false, timeouts: {implicit: 0, pageLoad: 300000, script: 30000}, unhandledPromptBehavior: dismiss and notify, webauthn:extension:credBlob: true, webauthn:extension:largeBlob: true, webauthn:extension:minPinLength: true, webauthn:extension:prf: true, webauthn:virtualAuthenticators: true}
Element: [[RemoteWebDriver: chrome on Windows 10 (78cc5f1a1db475e43cbf047e506025f0)] -&gt; xpath: //button[normalize-space()=&apos;Login&apos;]]
Session ID: 78cc5f1a1db475e43cbf047e506025f0. Screenshot: C:\Users\ssmit\eclipse-workspace\NinjaV5\screenshots\exception_smitasharma_qa_gmail_com_20250526074851.png
	at testCases.TC02_Login.testLogin(TC02_Login.java:70)
	at java.base/java.util.ArrayList.forEach(ArrayList.java:1596)
	at java.base/java.util.concurrent.FutureTask.run(FutureTask.java:317)
	at java.base/java.util.concurrent.ThreadPoolExecutor.runWorker(ThreadPoolExecutor.java:1144)
	at java.base/java.util.concurrent.ThreadPoolExecutor$Worker.run(ThreadPoolExecutor.java:642)
	at java.base/java.lang.Thread.run(Thread.java:1583)
... Removed 16 stack frames
</div> <!-- stack-trace -->
                </div> <!-- method-content -->
              </div> <!-- method -->
              <div class="method">
                <div class="method-content">
                  <a name="testLogin(sid@cloudberry.services, Test123)">
                  </a> <!-- testLogin(sid@cloudberry.services, Test123) -->
                  <span class="method-name">testLogin</span>
                  <span class="parameters">(sid@cloudberry.services,Test123)</span>
                  <div class="stack-trace">java.lang.AssertionError: Unexpected exception during login for email: sid@cloudberry.services. Exception: element click intercepted: Element is not clickable at point (774, -13)
  (Session info: chrome=136.0.7103.114)
Build info: version: &apos;4.31.0&apos;, revision: &apos;1ef9f18787*&apos;
System info: os.name: &apos;Windows 10&apos;, os.arch: &apos;amd64&apos;, os.version: &apos;10.0&apos;, java.version: &apos;21.0.6&apos;
Driver info: org.openqa.selenium.remote.RemoteWebDriver
Command: [78cc5f1a1db475e43cbf047e506025f0, clickElement {id=f.23F93CE1BF93211E4D645FB6F692C8E1.d.30306C07CA3B3E518F381EF26A5EAFEF.e.102}]
Capabilities {acceptInsecureCerts: false, browserName: chrome, browserVersion: 136.0.7103.114, chrome: {chromedriverVersion: 136.0.7103.113 (76fa3c17824..., userDataDir: C:\Users\ssmit\AppData\Loca...}, fedcm:accounts: true, goog:chromeOptions: {debuggerAddress: localhost:49721}, networkConnectionEnabled: false, pageLoadStrategy: normal, platformName: Windows 10, proxy: Proxy(), se:bidiEnabled: false, se:cdp: ws://192.168.1.191:4444/ses..., se:cdpVersion: 136.0.7103.114, setWindowRect: true, strictFileInteractability: false, timeouts: {implicit: 0, pageLoad: 300000, script: 30000}, unhandledPromptBehavior: dismiss and notify, webauthn:extension:credBlob: true, webauthn:extension:largeBlob: true, webauthn:extension:minPinLength: true, webauthn:extension:prf: true, webauthn:virtualAuthenticators: true}
Element: [[RemoteWebDriver: chrome on Windows 10 (78cc5f1a1db475e43cbf047e506025f0)] -&gt; xpath: //i[@class=&apos;fa-solid fa-user&apos;]]
Session ID: 78cc5f1a1db475e43cbf047e506025f0. Screenshot: C:\Users\ssmit\eclipse-workspace\NinjaV5\screenshots\exception_sid_cloudberry_services_20250526074900.png
	at testCases.TC02_Login.testLogin(TC02_Login.java:70)
	at java.base/java.util.ArrayList.forEach(ArrayList.java:1596)
	at java.base/java.util.concurrent.FutureTask.run(FutureTask.java:317)
	at java.base/java.util.concurrent.ThreadPoolExecutor.runWorker(ThreadPoolExecutor.java:1144)
	at java.base/java.util.concurrent.ThreadPoolExecutor$Worker.run(ThreadPoolExecutor.java:642)
	at java.base/java.lang.Thread.run(Thread.java:1583)
... Removed 16 stack frames
</div> <!-- stack-trace -->
                </div> <!-- method-content -->
              </div> <!-- method -->
              <div class="method">
                <div class="method-content">
                  <a name="testLogin(apushedwoman@gmail.com, password123)">
                  </a> <!-- testLogin(apushedwoman@gmail.com, password123) -->
                  <span class="method-name">testLogin</span>
                  <span class="parameters">(apushedwoman@gmail.com,password123)</span>
                  <div class="stack-trace">java.lang.AssertionError: Unexpected exception during login for email: apushedwoman@gmail.com. Exception: element click intercepted: Element is not clickable at point (860, 571)
  (Session info: chrome=136.0.7103.114)
Build info: version: &apos;4.31.0&apos;, revision: &apos;1ef9f18787*&apos;
System info: os.name: &apos;Windows 10&apos;, os.arch: &apos;amd64&apos;, os.version: &apos;10.0&apos;, java.version: &apos;21.0.6&apos;
Driver info: org.openqa.selenium.remote.RemoteWebDriver
Command: [78cc5f1a1db475e43cbf047e506025f0, clickElement {id=f.23F93CE1BF93211E4D645FB6F692C8E1.d.7D7000B63326FE56EF825798E4A2D02D.e.136}]
Capabilities {acceptInsecureCerts: false, browserName: chrome, browserVersion: 136.0.7103.114, chrome: {chromedriverVersion: 136.0.7103.113 (76fa3c17824..., userDataDir: C:\Users\ssmit\AppData\Loca...}, fedcm:accounts: true, goog:chromeOptions: {debuggerAddress: localhost:49721}, networkConnectionEnabled: false, pageLoadStrategy: normal, platformName: Windows 10, proxy: Proxy(), se:bidiEnabled: false, se:cdp: ws://192.168.1.191:4444/ses..., se:cdpVersion: 136.0.7103.114, setWindowRect: true, strictFileInteractability: false, timeouts: {implicit: 0, pageLoad: 300000, script: 30000}, unhandledPromptBehavior: dismiss and notify, webauthn:extension:credBlob: true, webauthn:extension:largeBlob: true, webauthn:extension:minPinLength: true, webauthn:extension:prf: true, webauthn:virtualAuthenticators: true}
Element: [[RemoteWebDriver: chrome on Windows 10 (78cc5f1a1db475e43cbf047e506025f0)] -&gt; xpath: //button[normalize-space()=&apos;Login&apos;]]
Session ID: 78cc5f1a1db475e43cbf047e506025f0. Screenshot: C:\Users\ssmit\eclipse-workspace\NinjaV5\screenshots\exception_apushedwoman_gmail_com_20250526074905.png
	at testCases.TC02_Login.testLogin(TC02_Login.java:70)
	at java.base/java.util.ArrayList.forEach(ArrayList.java:1596)
	at java.base/java.util.concurrent.FutureTask.run(FutureTask.java:317)
	at java.base/java.util.concurrent.ThreadPoolExecutor.runWorker(ThreadPoolExecutor.java:1144)
	at java.base/java.util.concurrent.ThreadPoolExecutor$Worker.run(ThreadPoolExecutor.java:642)
	at java.base/java.lang.Thread.run(Thread.java:1583)
... Removed 16 stack frames
</div> <!-- stack-trace -->
                </div> <!-- method-content -->
              </div> <!-- method -->
              <div class="method">
                <div class="method-content">
                  <a name="testLogin(apushedwoman@gmail.com, password123)">
                  </a> <!-- testLogin(apushedwoman@gmail.com, password123) -->
                  <span class="method-name">testLogin</span>
                  <span class="parameters">(apushedwoman@gmail.com,password123)</span>
                  <div class="stack-trace">java.lang.AssertionError: Unexpected exception during login for email: apushedwoman@gmail.com. Exception: element click intercepted: Element is not clickable at point (860, 571)
  (Session info: chrome=136.0.7103.114)
Build info: version: &apos;4.31.0&apos;, revision: &apos;1ef9f18787*&apos;
System info: os.name: &apos;Windows 10&apos;, os.arch: &apos;amd64&apos;, os.version: &apos;10.0&apos;, java.version: &apos;21.0.6&apos;
Driver info: org.openqa.selenium.remote.RemoteWebDriver
Command: [78cc5f1a1db475e43cbf047e506025f0, clickElement {id=f.23F93CE1BF93211E4D645FB6F692C8E1.d.D78B62F37FDE78B7D022872F8375BC37.e.156}]
Capabilities {acceptInsecureCerts: false, browserName: chrome, browserVersion: 136.0.7103.114, chrome: {chromedriverVersion: 136.0.7103.113 (76fa3c17824..., userDataDir: C:\Users\ssmit\AppData\Loca...}, fedcm:accounts: true, goog:chromeOptions: {debuggerAddress: localhost:49721}, networkConnectionEnabled: false, pageLoadStrategy: normal, platformName: Windows 10, proxy: Proxy(), se:bidiEnabled: false, se:cdp: ws://192.168.1.191:4444/ses..., se:cdpVersion: 136.0.7103.114, setWindowRect: true, strictFileInteractability: false, timeouts: {implicit: 0, pageLoad: 300000, script: 30000}, unhandledPromptBehavior: dismiss and notify, webauthn:extension:credBlob: true, webauthn:extension:largeBlob: true, webauthn:extension:minPinLength: true, webauthn:extension:prf: true, webauthn:virtualAuthenticators: true}
Element: [[RemoteWebDriver: chrome on Windows 10 (78cc5f1a1db475e43cbf047e506025f0)] -&gt; xpath: //button[normalize-space()=&apos;Login&apos;]]
Session ID: 78cc5f1a1db475e43cbf047e506025f0. Screenshot: C:\Users\ssmit\eclipse-workspace\NinjaV5\screenshots\exception_apushedwoman_gmail_com_20250526074906.png
	at testCases.TC02_Login.testLogin(TC02_Login.java:70)
	at java.base/java.util.ArrayList.forEach(ArrayList.java:1596)
	at java.base/java.util.concurrent.FutureTask.run(FutureTask.java:317)
	at java.base/java.util.concurrent.ThreadPoolExecutor.runWorker(ThreadPoolExecutor.java:1144)
	at java.base/java.util.concurrent.ThreadPoolExecutor$Worker.run(ThreadPoolExecutor.java:642)
	at java.base/java.lang.Thread.run(Thread.java:1583)
... Removed 16 stack frames
</div> <!-- stack-trace -->
                </div> <!-- method-content -->
              </div> <!-- method -->
            </div> <!-- main-panel-content rounded-window-bottom -->
          </div> <!-- suite-Suite-class-skipped -->
          <div class="suite-Suite-class-skipped">
            <div class="main-panel-header rounded-window-top">
              <img src="skipped.png"/>
              <span class="class-name">testCases.TC06_AddAffiliate</span>
            </div> <!-- main-panel-header rounded-window-top -->
            <div class="main-panel-content rounded-window-bottom">
              <div class="method">
                <div class="method-content">
                  <a name="testAddAffiliate">
                  </a> <!-- testAddAffiliate -->
                  <span class="method-name">testAddAffiliate</span>
                  <div class="stack-trace">java.lang.AssertionError: Test failed due to unexpected exception.
	at testCases.TC06_AddAffiliate.testAddAffiliate(TC06_AddAffiliate.java:60)
	at java.base/java.util.ArrayList.forEach(ArrayList.java:1596)
	at java.base/java.util.concurrent.FutureTask.run(FutureTask.java:317)
	at java.base/java.util.concurrent.ThreadPoolExecutor.runWorker(ThreadPoolExecutor.java:1144)
	at java.base/java.util.concurrent.ThreadPoolExecutor$Worker.run(ThreadPoolExecutor.java:642)
	at java.base/java.lang.Thread.run(Thread.java:1583)
... Removed 16 stack frames
</div> <!-- stack-trace -->
                </div> <!-- method-content -->
              </div> <!-- method -->
              <div class="method">
                <div class="method-content">
                  <a name="testAddAffiliate">
                  </a> <!-- testAddAffiliate -->
                  <span class="method-name">testAddAffiliate</span>
                  <div class="stack-trace">java.lang.AssertionError: Test failed due to unexpected exception.
	at testCases.TC06_AddAffiliate.testAddAffiliate(TC06_AddAffiliate.java:60)
	at java.base/java.util.ArrayList.forEach(ArrayList.java:1596)
	at java.base/java.util.concurrent.FutureTask.run(FutureTask.java:317)
	at java.base/java.util.concurrent.ThreadPoolExecutor.runWorker(ThreadPoolExecutor.java:1144)
	at java.base/java.util.concurrent.ThreadPoolExecutor$Worker.run(ThreadPoolExecutor.java:642)
	at java.base/java.lang.Thread.run(Thread.java:1583)
... Removed 16 stack frames
</div> <!-- stack-trace -->
                </div> <!-- method-content -->
              </div> <!-- method -->
            </div> <!-- main-panel-content rounded-window-bottom -->
          </div> <!-- suite-Suite-class-skipped -->
          <div class="suite-Suite-class-skipped">
            <div class="main-panel-header rounded-window-top">
              <img src="skipped.png"/>
              <span class="class-name">testCases.TC05_AddToWishList</span>
            </div> <!-- main-panel-header rounded-window-top -->
            <div class="main-panel-content rounded-window-bottom">
              <div class="method">
                <div class="method-content">
                  <a name="testAddToWishList">
                  </a> <!-- testAddToWishList -->
                  <span class="method-name">testAddToWishList</span>
                  <div class="stack-trace">java.lang.AssertionError: Test failed due to unexpected exception.
	at testCases.TC05_AddToWishList.testAddToWishList(TC05_AddToWishList.java:77)
	at java.base/java.util.ArrayList.forEach(ArrayList.java:1596)
	at java.base/java.util.concurrent.FutureTask.run(FutureTask.java:317)
	at java.base/java.util.concurrent.ThreadPoolExecutor.runWorker(ThreadPoolExecutor.java:1144)
	at java.base/java.util.concurrent.ThreadPoolExecutor$Worker.run(ThreadPoolExecutor.java:642)
	at java.base/java.lang.Thread.run(Thread.java:1583)
... Removed 16 stack frames
</div> <!-- stack-trace -->
                </div> <!-- method-content -->
              </div> <!-- method -->
              <div class="method">
                <div class="method-content">
                  <a name="testAddToWishList">
                  </a> <!-- testAddToWishList -->
                  <span class="method-name">testAddToWishList</span>
                  <div class="stack-trace">java.lang.AssertionError: Test failed due to unexpected exception.
	at testCases.TC05_AddToWishList.testAddToWishList(TC05_AddToWishList.java:77)
	at java.base/java.util.ArrayList.forEach(ArrayList.java:1596)
	at java.base/java.util.concurrent.FutureTask.run(FutureTask.java:317)
	at java.base/java.util.concurrent.ThreadPoolExecutor.runWorker(ThreadPoolExecutor.java:1144)
	at java.base/java.util.concurrent.ThreadPoolExecutor$Worker.run(ThreadPoolExecutor.java:642)
	at java.base/java.lang.Thread.run(Thread.java:1583)
... Removed 16 stack frames
</div> <!-- stack-trace -->
                </div> <!-- method-content -->
              </div> <!-- method -->
              <div class="method">
                <div class="method-content">
                  <a name="testAddToWishList">
                  </a> <!-- testAddToWishList -->
                  <span class="method-name">testAddToWishList</span>
                  <div class="stack-trace">java.lang.AssertionError: Test failed due to unexpected exception.
	at testCases.TC05_AddToWishList.testAddToWishList(TC05_AddToWishList.java:77)
	at java.base/java.util.ArrayList.forEach(ArrayList.java:1596)
	at java.base/java.util.concurrent.FutureTask.run(FutureTask.java:317)
	at java.base/java.util.concurrent.ThreadPoolExecutor.runWorker(ThreadPoolExecutor.java:1144)
	at java.base/java.util.concurrent.ThreadPoolExecutor$Worker.run(ThreadPoolExecutor.java:642)
	at java.base/java.lang.Thread.run(Thread.java:1583)
... Removed 16 stack frames
</div> <!-- stack-trace -->
                </div> <!-- method-content -->
              </div> <!-- method -->
              <div class="method">
                <div class="method-content">
                  <a name="testAddToWishList">
                  </a> <!-- testAddToWishList -->
                  <span class="method-name">testAddToWishList</span>
                  <div class="stack-trace">java.lang.AssertionError: Test failed due to unexpected exception.
	at testCases.TC05_AddToWishList.testAddToWishList(TC05_AddToWishList.java:77)
	at java.base/java.util.ArrayList.forEach(ArrayList.java:1596)
	at java.base/java.util.concurrent.FutureTask.run(FutureTask.java:317)
	at java.base/java.util.concurrent.ThreadPoolExecutor.runWorker(ThreadPoolExecutor.java:1144)
	at java.base/java.util.concurrent.ThreadPoolExecutor$Worker.run(ThreadPoolExecutor.java:642)
	at java.base/java.lang.Thread.run(Thread.java:1583)
... Removed 16 stack frames
</div> <!-- stack-trace -->
                </div> <!-- method-content -->
              </div> <!-- method -->
              <div class="method">
                <div class="method-content">
                  <a name="testAddToWishList">
                  </a> <!-- testAddToWishList -->
                  <span class="method-name">testAddToWishList</span>
                  <div class="stack-trace">java.lang.AssertionError: Test failed due to unexpected exception.
	at testCases.TC05_AddToWishList.testAddToWishList(TC05_AddToWishList.java:77)
	at java.base/java.util.ArrayList.forEach(ArrayList.java:1596)
	at java.base/java.util.concurrent.FutureTask.run(FutureTask.java:317)
	at java.base/java.util.concurrent.ThreadPoolExecutor.runWorker(ThreadPoolExecutor.java:1144)
	at java.base/java.util.concurrent.ThreadPoolExecutor$Worker.run(ThreadPoolExecutor.java:642)
	at java.base/java.lang.Thread.run(Thread.java:1583)
... Removed 16 stack frames
</div> <!-- stack-trace -->
                </div> <!-- method-content -->
              </div> <!-- method -->
              <div class="method">
                <div class="method-content">
                  <a name="testAddToWishList">
                  </a> <!-- testAddToWishList -->
                  <span class="method-name">testAddToWishList</span>
                  <div class="stack-trace">java.lang.AssertionError: Test failed due to unexpected exception.
	at testCases.TC05_AddToWishList.testAddToWishList(TC05_AddToWishList.java:77)
	at java.base/java.util.ArrayList.forEach(ArrayList.java:1596)
	at java.base/java.util.concurrent.FutureTask.run(FutureTask.java:317)
	at java.base/java.util.concurrent.ThreadPoolExecutor.runWorker(ThreadPoolExecutor.java:1144)
	at java.base/java.util.concurrent.ThreadPoolExecutor$Worker.run(ThreadPoolExecutor.java:642)
	at java.base/java.lang.Thread.run(Thread.java:1583)
... Removed 16 stack frames
</div> <!-- stack-trace -->
                </div> <!-- method-content -->
              </div> <!-- method -->
            </div> <!-- main-panel-content rounded-window-bottom -->
          </div> <!-- suite-Suite-class-skipped -->
          <div class="suite-Suite-class-skipped">
            <div class="main-panel-header rounded-window-top">
              <img src="skipped.png"/>
              <span class="class-name">testCases.TC03_AddToCart</span>
            </div> <!-- main-panel-header rounded-window-top -->
            <div class="main-panel-content rounded-window-bottom">
              <div class="method">
                <div class="method-content">
                  <a name="testAddToCart">
                  </a> <!-- testAddToCart -->
                  <span class="method-name">testAddToCart</span>
                  <div class="stack-trace">java.lang.AssertionError: Test failed due to unexpected exception.
	at testCases.TC03_AddToCart.testAddToCart(TC03_AddToCart.java:55)
	at java.base/java.util.ArrayList.forEach(ArrayList.java:1596)
	at java.base/java.util.concurrent.FutureTask.run(FutureTask.java:317)
	at java.base/java.util.concurrent.ThreadPoolExecutor.runWorker(ThreadPoolExecutor.java:1144)
	at java.base/java.util.concurrent.ThreadPoolExecutor$Worker.run(ThreadPoolExecutor.java:642)
	at java.base/java.lang.Thread.run(Thread.java:1583)
... Removed 16 stack frames
</div> <!-- stack-trace -->
                </div> <!-- method-content -->
              </div> <!-- method -->
              <div class="method">
                <div class="method-content">
                  <a name="testAddToCart">
                  </a> <!-- testAddToCart -->
                  <span class="method-name">testAddToCart</span>
                  <div class="stack-trace">java.lang.AssertionError: Test failed due to unexpected exception.
	at testCases.TC03_AddToCart.testAddToCart(TC03_AddToCart.java:55)
	at java.base/java.util.ArrayList.forEach(ArrayList.java:1596)
	at java.base/java.util.concurrent.FutureTask.run(FutureTask.java:317)
	at java.base/java.util.concurrent.ThreadPoolExecutor.runWorker(ThreadPoolExecutor.java:1144)
	at java.base/java.util.concurrent.ThreadPoolExecutor$Worker.run(ThreadPoolExecutor.java:642)
	at java.base/java.lang.Thread.run(Thread.java:1583)
... Removed 16 stack frames
</div> <!-- stack-trace -->
                </div> <!-- method-content -->
              </div> <!-- method -->
              <div class="method">
                <div class="method-content">
                  <a name="testAddToCart">
                  </a> <!-- testAddToCart -->
                  <span class="method-name">testAddToCart</span>
                  <div class="stack-trace">java.lang.AssertionError: Test failed due to unexpected exception.
	at testCases.TC03_AddToCart.testAddToCart(TC03_AddToCart.java:55)
	at java.base/java.util.ArrayList.forEach(ArrayList.java:1596)
	at java.base/java.util.concurrent.FutureTask.run(FutureTask.java:317)
	at java.base/java.util.concurrent.ThreadPoolExecutor.runWorker(ThreadPoolExecutor.java:1144)
	at java.base/java.util.concurrent.ThreadPoolExecutor$Worker.run(ThreadPoolExecutor.java:642)
	at java.base/java.lang.Thread.run(Thread.java:1583)
... Removed 16 stack frames
</div> <!-- stack-trace -->
                </div> <!-- method-content -->
              </div> <!-- method -->
            </div> <!-- main-panel-content rounded-window-bottom -->
          </div> <!-- suite-Suite-class-skipped -->
          <div class="suite-Suite-class-skipped">
            <div class="main-panel-header rounded-window-top">
              <img src="skipped.png"/>
              <span class="class-name">testCases.TC04_CompletePurchase</span>
            </div> <!-- main-panel-header rounded-window-top -->
            <div class="main-panel-content rounded-window-bottom">
              <div class="method">
                <div class="method-content">
                  <a name="testCompletePurchase">
                  </a> <!-- testCompletePurchase -->
                  <span class="method-name">testCompletePurchase</span>
                  <div class="stack-trace">java.lang.AssertionError: Test failed due to unexpected exception.
	at testCases.TC04_CompletePurchase.testCompletePurchase(TC04_CompletePurchase.java:81)
	at java.base/java.util.ArrayList.forEach(ArrayList.java:1596)
	at java.base/java.util.concurrent.FutureTask.run(FutureTask.java:317)
	at java.base/java.util.concurrent.ThreadPoolExecutor.runWorker(ThreadPoolExecutor.java:1144)
	at java.base/java.util.concurrent.ThreadPoolExecutor$Worker.run(ThreadPoolExecutor.java:642)
	at java.base/java.lang.Thread.run(Thread.java:1583)
... Removed 16 stack frames
</div> <!-- stack-trace -->
                </div> <!-- method-content -->
              </div> <!-- method -->
              <div class="method">
                <div class="method-content">
                  <a name="testCompletePurchase">
                  </a> <!-- testCompletePurchase -->
                  <span class="method-name">testCompletePurchase</span>
                  <div class="stack-trace">java.lang.AssertionError: Test failed due to unexpected exception.
	at testCases.TC04_CompletePurchase.testCompletePurchase(TC04_CompletePurchase.java:81)
	at java.base/java.util.ArrayList.forEach(ArrayList.java:1596)
	at java.base/java.util.concurrent.FutureTask.run(FutureTask.java:317)
	at java.base/java.util.concurrent.ThreadPoolExecutor.runWorker(ThreadPoolExecutor.java:1144)
	at java.base/java.util.concurrent.ThreadPoolExecutor$Worker.run(ThreadPoolExecutor.java:642)
	at java.base/java.lang.Thread.run(Thread.java:1583)
... Removed 16 stack frames
</div> <!-- stack-trace -->
                </div> <!-- method-content -->
              </div> <!-- method -->
              <div class="method">
                <div class="method-content">
                  <a name="testCompletePurchase">
                  </a> <!-- testCompletePurchase -->
                  <span class="method-name">testCompletePurchase</span>
                  <div class="stack-trace">java.lang.AssertionError: Test failed due to unexpected exception.
	at testCases.TC04_CompletePurchase.testCompletePurchase(TC04_CompletePurchase.java:81)
	at java.base/java.util.ArrayList.forEach(ArrayList.java:1596)
	at java.base/java.util.concurrent.FutureTask.run(FutureTask.java:317)
	at java.base/java.util.concurrent.ThreadPoolExecutor.runWorker(ThreadPoolExecutor.java:1144)
	at java.base/java.util.concurrent.ThreadPoolExecutor$Worker.run(ThreadPoolExecutor.java:642)
	at java.base/java.lang.Thread.run(Thread.java:1583)
... Removed 16 stack frames
</div> <!-- stack-trace -->
                </div> <!-- method-content -->
              </div> <!-- method -->
              <div class="method">
                <div class="method-content">
                  <a name="testCompletePurchase">
                  </a> <!-- testCompletePurchase -->
                  <span class="method-name">testCompletePurchase</span>
                  <div class="stack-trace">java.lang.AssertionError: Test failed due to unexpected exception.
	at testCases.TC04_CompletePurchase.testCompletePurchase(TC04_CompletePurchase.java:81)
	at java.base/java.util.ArrayList.forEach(ArrayList.java:1596)
	at java.base/java.util.concurrent.FutureTask.run(FutureTask.java:317)
	at java.base/java.util.concurrent.ThreadPoolExecutor.runWorker(ThreadPoolExecutor.java:1144)
	at java.base/java.util.concurrent.ThreadPoolExecutor$Worker.run(ThreadPoolExecutor.java:642)
	at java.base/java.lang.Thread.run(Thread.java:1583)
... Removed 16 stack frames
</div> <!-- stack-trace -->
                </div> <!-- method-content -->
              </div> <!-- method -->
              <div class="method">
                <div class="method-content">
                  <a name="testCompletePurchase">
                  </a> <!-- testCompletePurchase -->
                  <span class="method-name">testCompletePurchase</span>
                  <div class="stack-trace">java.lang.AssertionError: Test failed due to unexpected exception.
	at testCases.TC04_CompletePurchase.testCompletePurchase(TC04_CompletePurchase.java:81)
	at java.base/java.util.ArrayList.forEach(ArrayList.java:1596)
	at java.base/java.util.concurrent.FutureTask.run(FutureTask.java:317)
	at java.base/java.util.concurrent.ThreadPoolExecutor.runWorker(ThreadPoolExecutor.java:1144)
	at java.base/java.util.concurrent.ThreadPoolExecutor$Worker.run(ThreadPoolExecutor.java:642)
	at java.base/java.lang.Thread.run(Thread.java:1583)
... Removed 16 stack frames
</div> <!-- stack-trace -->
                </div> <!-- method-content -->
              </div> <!-- method -->
              <div class="method">
                <div class="method-content">
                  <a name="testCompletePurchase">
                  </a> <!-- testCompletePurchase -->
                  <span class="method-name">testCompletePurchase</span>
                  <div class="stack-trace">java.lang.AssertionError: Test failed due to unexpected exception.
	at testCases.TC04_CompletePurchase.testCompletePurchase(TC04_CompletePurchase.java:81)
	at java.base/java.util.ArrayList.forEach(ArrayList.java:1596)
	at java.base/java.util.concurrent.FutureTask.run(FutureTask.java:317)
	at java.base/java.util.concurrent.ThreadPoolExecutor.runWorker(ThreadPoolExecutor.java:1144)
	at java.base/java.util.concurrent.ThreadPoolExecutor$Worker.run(ThreadPoolExecutor.java:642)
	at java.base/java.lang.Thread.run(Thread.java:1583)
... Removed 16 stack frames
</div> <!-- stack-trace -->
                </div> <!-- method-content -->
              </div> <!-- method -->
            </div> <!-- main-panel-content rounded-window-bottom -->
          </div> <!-- suite-Suite-class-skipped -->
          <div class="suite-Suite-class-passed">
            <div class="main-panel-header rounded-window-top">
              <img src="passed.png"/>
              <span class="class-name">testCases.TC02_Login</span>
            </div> <!-- main-panel-header rounded-window-top -->
            <div class="main-panel-content rounded-window-bottom">
              <div class="method">
                <div class="method-content">
                  <a name="testLogin(sid@cloudberry.services, Test123)">
                  </a> <!-- testLogin(sid@cloudberry.services, Test123) -->
                  <span class="method-name">testLogin</span>
                  <span class="parameters">(sid@cloudberry.services,Test123)</span>
                </div> <!-- method-content -->
              </div> <!-- method -->
              <div class="method">
                <div class="method-content">
                  <a name="testLogin(apushedwoman@gmail.com, password123)">
                  </a> <!-- testLogin(apushedwoman@gmail.com, password123) -->
                  <span class="method-name">testLogin</span>
                  <span class="parameters">(apushedwoman@gmail.com,password123)</span>
                </div> <!-- method-content -->
              </div> <!-- method -->
              <div class="method">
                <div class="method-content">
                  <a name="testLogin(hichamkhachiai@gmail.com, hicham123)">
                  </a> <!-- testLogin(hichamkhachiai@gmail.com, hicham123) -->
                  <span class="method-name">testLogin</span>
                  <span class="parameters">(hichamkhachiai@gmail.com,hicham123)</span>
                </div> <!-- method-content -->
              </div> <!-- method -->
              <div class="method">
                <div class="method-content">
                  <a name="testLogin(smitasharma.qa@gmail.com, ss*QA123)">
                  </a> <!-- testLogin(smitasharma.qa@gmail.com, ss*QA123) -->
                  <span class="method-name">testLogin</span>
                  <span class="parameters">(smitasharma.qa@gmail.com,ss*QA123)</span>
                </div> <!-- method-content -->
              </div> <!-- method -->
              <div class="method">
                <div class="method-content">
                  <a name="testLogin(nona@yahoo.com, QWER!@#$)">
                  </a> <!-- testLogin(nona@yahoo.com, QWER!@#$) -->
                  <span class="method-name">testLogin</span>
                  <span class="parameters">(nona@yahoo.com,QWER!@#$)</span>
                </div> <!-- method-content -->
              </div> <!-- method -->
              <div class="method">
                <div class="method-content">
                  <a name="testLogin(nona@yahoo.com, QWER!@#$)">
                  </a> <!-- testLogin(nona@yahoo.com, QWER!@#$) -->
                  <span class="method-name">testLogin</span>
                  <span class="parameters">(nona@yahoo.com,QWER!@#$)</span>
                </div> <!-- method-content -->
              </div> <!-- method -->
              <div class="method">
                <div class="method-content">
                  <a name="testLogin(apushedwoman@gmail.com, password123)">
                  </a> <!-- testLogin(apushedwoman@gmail.com, password123) -->
                  <span class="method-name">testLogin</span>
                  <span class="parameters">(apushedwoman@gmail.com,password123)</span>
                </div> <!-- method-content -->
              </div> <!-- method -->
              <div class="method">
                <div class="method-content">
                  <a name="testLogin(smitasharma.qa@gmail.com, ss*QA123)">
                  </a> <!-- testLogin(smitasharma.qa@gmail.com, ss*QA123) -->
                  <span class="method-name">testLogin</span>
                  <span class="parameters">(smitasharma.qa@gmail.com,ss*QA123)</span>
                </div> <!-- method-content -->
              </div> <!-- method -->
              <div class="method">
                <div class="method-content">
                  <a name="testLogin(hichamkhachiai@gmail.com, hicham123)">
                  </a> <!-- testLogin(hichamkhachiai@gmail.com, hicham123) -->
                  <span class="method-name">testLogin</span>
                  <span class="parameters">(hichamkhachiai@gmail.com,hicham123)</span>
                </div> <!-- method-content -->
              </div> <!-- method -->
              <div class="method">
                <div class="method-content">
                  <a name="testLogin(sid@cloudberry.services, Test123)">
                  </a> <!-- testLogin(sid@cloudberry.services, Test123) -->
                  <span class="method-name">testLogin</span>
                  <span class="parameters">(sid@cloudberry.services,Test123)</span>
                </div> <!-- method-content -->
              </div> <!-- method -->
            </div> <!-- main-panel-content rounded-window-bottom -->
          </div> <!-- suite-Suite-class-passed -->
          <div class="suite-Suite-class-passed">
            <div class="main-panel-header rounded-window-top">
              <img src="passed.png"/>
              <span class="class-name">testCases.TC06_AddAffiliate</span>
            </div> <!-- main-panel-header rounded-window-top -->
            <div class="main-panel-content rounded-window-bottom">
              <div class="method">
                <div class="method-content">
                  <a name="testAddAffiliate">
                  </a> <!-- testAddAffiliate -->
                  <span class="method-name">testAddAffiliate</span>
                </div> <!-- method-content -->
              </div> <!-- method -->
              <div class="method">
                <div class="method-content">
                  <a name="testAddAffiliate">
                  </a> <!-- testAddAffiliate -->
                  <span class="method-name">testAddAffiliate</span>
                </div> <!-- method-content -->
              </div> <!-- method -->
            </div> <!-- main-panel-content rounded-window-bottom -->
          </div> <!-- suite-Suite-class-passed -->
          <div class="suite-Suite-class-passed">
            <div class="main-panel-header rounded-window-top">
              <img src="passed.png"/>
              <span class="class-name">testCases.TC03_AddToCart</span>
            </div> <!-- main-panel-header rounded-window-top -->
            <div class="main-panel-content rounded-window-bottom">
              <div class="method">
                <div class="method-content">
                  <a name="testAddToCart">
                  </a> <!-- testAddToCart -->
                  <span class="method-name">testAddToCart</span>
                </div> <!-- method-content -->
              </div> <!-- method -->
              <div class="method">
                <div class="method-content">
                  <a name="testAddToCart">
                  </a> <!-- testAddToCart -->
                  <span class="method-name">testAddToCart</span>
                </div> <!-- method-content -->
              </div> <!-- method -->
            </div> <!-- main-panel-content rounded-window-bottom -->
          </div> <!-- suite-Suite-class-passed -->
          <div class="suite-Suite-class-passed">
            <div class="main-panel-header rounded-window-top">
              <img src="passed.png"/>
              <span class="class-name">testCases.TC01_LaunchApplication</span>
            </div> <!-- main-panel-header rounded-window-top -->
            <div class="main-panel-content rounded-window-bottom">
              <div class="method">
                <div class="method-content">
                  <a name="testLaunchApplication">
                  </a> <!-- testLaunchApplication -->
                  <span class="method-name">testLaunchApplication</span>
                </div> <!-- method-content -->
              </div> <!-- method -->
              <div class="method">
                <div class="method-content">
                  <a name="testLaunchApplication">
                  </a> <!-- testLaunchApplication -->
                  <span class="method-name">testLaunchApplication</span>
                </div> <!-- method-content -->
              </div> <!-- method -->
              <div class="method">
                <div class="method-content">
                  <a name="testLaunchApplication">
                  </a> <!-- testLaunchApplication -->
                  <span class="method-name">testLaunchApplication</span>
                </div> <!-- method-content -->
              </div> <!-- method -->
            </div> <!-- main-panel-content rounded-window-bottom -->
          </div> <!-- suite-Suite-class-passed -->
        </div> <!-- panel Suite -->
        <div panel-name="test-xml-Suite" class="panel">
          <div class="main-panel-header rounded-window-top">
            <span class="header-content">C:\Users\ssmit\eclipse-workspace\NinjaV5\testng.xml</span>
          </div> <!-- main-panel-header rounded-window-top -->
          <div class="main-panel-content rounded-window-bottom">
            <pre>
&lt;?xml version=&quot;1.0&quot; encoding=&quot;UTF-8&quot;?&gt;
&lt;!DOCTYPE suite SYSTEM &quot;https://testng.org/testng-1.0.dtd&quot;&gt;
&lt;suite parallel=&quot;tests&quot; name=&quot;Suite&quot; guice-stage=&quot;DEVELOPMENT&quot;&gt;
  &lt;groups&gt;
    &lt;run&gt;
      &lt;include name=&quot;sanity&quot;/&gt;
      &lt;include name=&quot;regression&quot;/&gt;
      &lt;include name=&quot;datadriven&quot;/&gt;
    &lt;/run&gt;
  &lt;/groups&gt;
  &lt;groups&gt;
    &lt;run&gt;
      &lt;include name=&quot;sanity&quot;/&gt;
      &lt;include name=&quot;regression&quot;/&gt;
      &lt;include name=&quot;datadriven&quot;/&gt;
    &lt;/run&gt;
  &lt;/groups&gt;
  &lt;listeners&gt;
    &lt;listener class-name=&quot;utilities.ExtentReportManager&quot;/&gt;
    &lt;listener class-name=&quot;utilities.TestFailureLogger&quot;/&gt;
  &lt;/listeners&gt;
  &lt;test thread-count=&quot;5&quot; parallel=&quot;tests&quot; name=&quot;chromeTest&quot;&gt;
    &lt;parameter name=&quot;os&quot; value=&quot;windows&quot;/&gt;
    &lt;parameter name=&quot;browser&quot; value=&quot;chrome&quot;/&gt;
    &lt;classes&gt;
      &lt;class name=&quot;testCases.TC01_LaunchApplication&quot;/&gt;
      &lt;class name=&quot;testCases.TC03_AddToCart&quot;/&gt;
      &lt;class name=&quot;testCases.TC05_AddToWishList&quot;/&gt;
      &lt;class name=&quot;testCases.TC06_AddAffiliate&quot;/&gt;
      &lt;class name=&quot;testCases.TC02_Login&quot;/&gt;
      &lt;class name=&quot;testCases.TC04_CompletePurchase&quot;/&gt;
    &lt;/classes&gt;
  &lt;/test&gt; &lt;!-- chromeTest --&gt;
  &lt;test thread-count=&quot;5&quot; parallel=&quot;tests&quot; name=&quot;firefoxTest&quot;&gt;
    &lt;parameter name=&quot;os&quot; value=&quot;windows&quot;/&gt;
    &lt;parameter name=&quot;browser&quot; value=&quot;firefox&quot;/&gt;
    &lt;classes&gt;
      &lt;class name=&quot;testCases.TC01_LaunchApplication&quot;/&gt;
      &lt;class name=&quot;testCases.TC03_AddToCart&quot;/&gt;
      &lt;class name=&quot;testCases.TC05_AddToWishList&quot;/&gt;
      &lt;class name=&quot;testCases.TC06_AddAffiliate&quot;/&gt;
      &lt;class name=&quot;testCases.TC02_Login&quot;/&gt;
      &lt;class name=&quot;testCases.TC04_CompletePurchase&quot;/&gt;
    &lt;/classes&gt;
  &lt;/test&gt; &lt;!-- firefoxTest --&gt;
  &lt;test thread-count=&quot;5&quot; parallel=&quot;tests&quot; name=&quot;edgeTest&quot;&gt;
    &lt;parameter name=&quot;os&quot; value=&quot;windows&quot;/&gt;
    &lt;parameter name=&quot;browser&quot; value=&quot;edge&quot;/&gt;
    &lt;classes&gt;
      &lt;class name=&quot;testCases.TC01_LaunchApplication&quot;/&gt;
      &lt;class name=&quot;testCases.TC03_AddToCart&quot;/&gt;
      &lt;class name=&quot;testCases.TC05_AddToWishList&quot;/&gt;
      &lt;class name=&quot;testCases.TC06_AddAffiliate&quot;/&gt;
      &lt;class name=&quot;testCases.TC02_Login&quot;/&gt;
      &lt;class name=&quot;testCases.TC04_CompletePurchase&quot;/&gt;
    &lt;/classes&gt;
  &lt;/test&gt; &lt;!-- edgeTest --&gt;
&lt;/suite&gt; &lt;!-- Suite --&gt;
            </pre>
          </div> <!-- main-panel-content rounded-window-bottom -->
        </div> <!-- panel -->
        <div panel-name="testlist-Suite" class="panel">
          <div class="main-panel-header rounded-window-top">
            <span class="header-content">Tests for Suite</span>
          </div> <!-- main-panel-header rounded-window-top -->
          <div class="main-panel-content rounded-window-bottom">
            <ul>
              <li>
                <span class="test-name">chromeTest (6 classes)</span>
              </li>
              <li>
                <span class="test-name">firefoxTest (6 classes)</span>
              </li>
              <li>
                <span class="test-name">edgeTest (6 classes)</span>
              </li>
            </ul>
          </div> <!-- main-panel-content rounded-window-bottom -->
        </div> <!-- panel -->
        <div panel-name="group-Suite" class="panel">
          <div class="main-panel-header rounded-window-top">
            <span class="header-content">Groups for Suite</span>
          </div> <!-- main-panel-header rounded-window-top -->
          <div class="main-panel-content rounded-window-bottom">
            <div class="test-group">
              <span class="test-group-name">datadriven</span>
              <br/>
              <div class="method-in-group">
                <span class="method-in-group-name">testLogin</span>
                <br/>
              </div> <!-- method-in-group -->
            </div> <!-- test-group -->
            <div class="test-group">
              <span class="test-group-name">regression</span>
              <br/>
              <div class="method-in-group">
                <span class="method-in-group-name">testAddAffiliate</span>
                <br/>
              </div> <!-- method-in-group -->
              <div class="method-in-group">
                <span class="method-in-group-name">testAddToCart</span>
                <br/>
              </div> <!-- method-in-group -->
              <div class="method-in-group">
                <span class="method-in-group-name">testAddToWishList</span>
                <br/>
              </div> <!-- method-in-group -->
              <div class="method-in-group">
                <span class="method-in-group-name">testCompletePurchase</span>
                <br/>
              </div> <!-- method-in-group -->
              <div class="method-in-group">
                <span class="method-in-group-name">testLaunchApplication</span>
                <br/>
              </div> <!-- method-in-group -->
              <div class="method-in-group">
                <span class="method-in-group-name">testLogin</span>
                <br/>
              </div> <!-- method-in-group -->
            </div> <!-- test-group -->
            <div class="test-group">
              <span class="test-group-name">sanity</span>
              <br/>
              <div class="method-in-group">
                <span class="method-in-group-name">testAddToCart</span>
                <br/>
              </div> <!-- method-in-group -->
              <div class="method-in-group">
                <span class="method-in-group-name">testCompletePurchase</span>
                <br/>
              </div> <!-- method-in-group -->
              <div class="method-in-group">
                <span class="method-in-group-name">testLaunchApplication</span>
                <br/>
              </div> <!-- method-in-group -->
              <div class="method-in-group">
                <span class="method-in-group-name">testLogin</span>
                <br/>
              </div> <!-- method-in-group -->
            </div> <!-- test-group -->
          </div> <!-- main-panel-content rounded-window-bottom -->
        </div> <!-- panel -->
        <div panel-name="times-Suite" class="panel">
          <div class="main-panel-header rounded-window-top">
            <span class="header-content">Times for Suite</span>
          </div> <!-- main-panel-header rounded-window-top -->
          <div class="main-panel-content rounded-window-bottom">
            <div class="times-div">
              <script type="text/javascript">
suiteTableInitFunctions.push('tableData_Suite');
function tableData_Suite() {
var data = new google.visualization.DataTable();
data.addColumn('number', 'Number');
data.addColumn('string', 'Method');
data.addColumn('string', 'Class');
data.addColumn('number', 'Time (ms)');
data.addRows(57);
data.setCell(0, 0, 0)
data.setCell(0, 1, 'testAddToWishList')
data.setCell(0, 2, 'testCases.TC05_AddToWishList')
data.setCell(0, 3, 13629);
data.setCell(1, 0, 1)
data.setCell(1, 1, 'testCompletePurchase')
data.setCell(1, 2, 'testCases.TC04_CompletePurchase')
data.setCell(1, 3, 13199);
data.setCell(2, 0, 2)
data.setCell(2, 1, 'testAddToWishList')
data.setCell(2, 2, 'testCases.TC05_AddToWishList')
data.setCell(2, 3, 12520);
data.setCell(3, 0, 3)
data.setCell(3, 1, 'testCompletePurchase')
data.setCell(3, 2, 'testCases.TC04_CompletePurchase')
data.setCell(3, 3, 11924);
data.setCell(4, 0, 4)
data.setCell(4, 1, 'testCompletePurchase')
data.setCell(4, 2, 'testCases.TC04_CompletePurchase')
data.setCell(4, 3, 11683);
data.setCell(5, 0, 5)
data.setCell(5, 1, 'testAddToWishList')
data.setCell(5, 2, 'testCases.TC05_AddToWishList')
data.setCell(5, 3, 10348);
data.setCell(6, 0, 6)
data.setCell(6, 1, 'testAddToWishList')
data.setCell(6, 2, 'testCases.TC05_AddToWishList')
data.setCell(6, 3, 10335);
data.setCell(7, 0, 7)
data.setCell(7, 1, 'testAddToWishList')
data.setCell(7, 2, 'testCases.TC05_AddToWishList')
data.setCell(7, 3, 10282);
data.setCell(8, 0, 8)
data.setCell(8, 1, 'testAddToWishList')
data.setCell(8, 2, 'testCases.TC05_AddToWishList')
data.setCell(8, 3, 10249);
data.setCell(9, 0, 9)
data.setCell(9, 1, 'testCompletePurchase')
data.setCell(9, 2, 'testCases.TC04_CompletePurchase')
data.setCell(9, 3, 7099);
data.setCell(10, 0, 10)
data.setCell(10, 1, 'testAddToCart')
data.setCell(10, 2, 'testCases.TC03_AddToCart')
data.setCell(10, 3, 6325);
data.setCell(11, 0, 11)
data.setCell(11, 1, 'testAddToCart')
data.setCell(11, 2, 'testCases.TC03_AddToCart')
data.setCell(11, 3, 5811);
data.setCell(12, 0, 12)
data.setCell(12, 1, 'testAddAffiliate')
data.setCell(12, 2, 'testCases.TC06_AddAffiliate')
data.setCell(12, 3, 5647);
data.setCell(13, 0, 13)
data.setCell(13, 1, 'testCompletePurchase')
data.setCell(13, 2, 'testCases.TC04_CompletePurchase')
data.setCell(13, 3, 5558);
data.setCell(14, 0, 14)
data.setCell(14, 1, 'testAddAffiliate')
data.setCell(14, 2, 'testCases.TC06_AddAffiliate')
data.setCell(14, 3, 5001);
data.setCell(15, 0, 15)
data.setCell(15, 1, 'testCompletePurchase')
data.setCell(15, 2, 'testCases.TC04_CompletePurchase')
data.setCell(15, 3, 3607);
data.setCell(16, 0, 16)
data.setCell(16, 1, 'testAddAffiliate')
data.setCell(16, 2, 'testCases.TC06_AddAffiliate')
data.setCell(16, 3, 3446);
data.setCell(17, 0, 17)
data.setCell(17, 1, 'testLogin')
data.setCell(17, 2, 'testCases.TC02_Login')
data.setCell(17, 3, 3238);
data.setCell(18, 0, 18)
data.setCell(18, 1, 'testLogin')
data.setCell(18, 2, 'testCases.TC02_Login')
data.setCell(18, 3, 3121);
data.setCell(19, 0, 19)
data.setCell(19, 1, 'testAddToCart')
data.setCell(19, 2, 'testCases.TC03_AddToCart')
data.setCell(19, 3, 3092);
data.setCell(20, 0, 20)
data.setCell(20, 1, 'testAddToWishList')
data.setCell(20, 2, 'testCases.TC05_AddToWishList')
data.setCell(20, 3, 2836);
data.setCell(21, 0, 21)
data.setCell(21, 1, 'testAddToCart')
data.setCell(21, 2, 'testCases.TC03_AddToCart')
data.setCell(21, 3, 2519);
data.setCell(22, 0, 22)
data.setCell(22, 1, 'testLogin')
data.setCell(22, 2, 'testCases.TC02_Login')
data.setCell(22, 3, 2273);
data.setCell(23, 0, 23)
data.setCell(23, 1, 'testLogin')
data.setCell(23, 2, 'testCases.TC02_Login')
data.setCell(23, 3, 2272);
data.setCell(24, 0, 24)
data.setCell(24, 1, 'testLogin')
data.setCell(24, 2, 'testCases.TC02_Login')
data.setCell(24, 3, 2234);
data.setCell(25, 0, 25)
data.setCell(25, 1, 'testAddToWishList')
data.setCell(25, 2, 'testCases.TC05_AddToWishList')
data.setCell(25, 3, 2115);
data.setCell(26, 0, 26)
data.setCell(26, 1, 'testLogin')
data.setCell(26, 2, 'testCases.TC02_Login')
data.setCell(26, 3, 2027);
data.setCell(27, 0, 27)
data.setCell(27, 1, 'testLogin')
data.setCell(27, 2, 'testCases.TC02_Login')
data.setCell(27, 3, 1927);
data.setCell(28, 0, 28)
data.setCell(28, 1, 'testAddToWishList')
data.setCell(28, 2, 'testCases.TC05_AddToWishList')
data.setCell(28, 3, 1923);
data.setCell(29, 0, 29)
data.setCell(29, 1, 'testLogin')
data.setCell(29, 2, 'testCases.TC02_Login')
data.setCell(29, 3, 1891);
data.setCell(30, 0, 30)
data.setCell(30, 1, 'testLogin')
data.setCell(30, 2, 'testCases.TC02_Login')
data.setCell(30, 3, 1862);
data.setCell(31, 0, 31)
data.setCell(31, 1, 'testLogin')
data.setCell(31, 2, 'testCases.TC02_Login')
data.setCell(31, 3, 1825);
data.setCell(32, 0, 32)
data.setCell(32, 1, 'testAddAffiliate')
data.setCell(32, 2, 'testCases.TC06_AddAffiliate')
data.setCell(32, 3, 1788);
data.setCell(33, 0, 33)
data.setCell(33, 1, 'testLogin')
data.setCell(33, 2, 'testCases.TC02_Login')
data.setCell(33, 3, 1764);
data.setCell(34, 0, 34)
data.setCell(34, 1, 'testLogin')
data.setCell(34, 2, 'testCases.TC02_Login')
data.setCell(34, 3, 1755);
data.setCell(35, 0, 35)
data.setCell(35, 1, 'testLogin')
data.setCell(35, 2, 'testCases.TC02_Login')
data.setCell(35, 3, 1691);
data.setCell(36, 0, 36)
data.setCell(36, 1, 'testLogin')
data.setCell(36, 2, 'testCases.TC02_Login')
data.setCell(36, 3, 1638);
data.setCell(37, 0, 37)
data.setCell(37, 1, 'testAddAffiliate')
data.setCell(37, 2, 'testCases.TC06_AddAffiliate')
data.setCell(37, 3, 1619);
data.setCell(38, 0, 38)
data.setCell(38, 1, 'testLogin')
data.setCell(38, 2, 'testCases.TC02_Login')
data.setCell(38, 3, 1577);
data.setCell(39, 0, 39)
data.setCell(39, 1, 'testLogin')
data.setCell(39, 2, 'testCases.TC02_Login')
data.setCell(39, 3, 1555);
data.setCell(40, 0, 40)
data.setCell(40, 1, 'testCompletePurchase')
data.setCell(40, 2, 'testCases.TC04_CompletePurchase')
data.setCell(40, 3, 1457);
data.setCell(41, 0, 41)
data.setCell(41, 1, 'testLogin')
data.setCell(41, 2, 'testCases.TC02_Login')
data.setCell(41, 3, 1382);
data.setCell(42, 0, 42)
data.setCell(42, 1, 'testLogin')
data.setCell(42, 2, 'testCases.TC02_Login')
data.setCell(42, 3, 1349);
data.setCell(43, 0, 43)
data.setCell(43, 1, 'testLogin')
data.setCell(43, 2, 'testCases.TC02_Login')
data.setCell(43, 3, 1341);
data.setCell(44, 0, 44)
data.setCell(44, 1, 'testLogin')
data.setCell(44, 2, 'testCases.TC02_Login')
data.setCell(44, 3, 1308);
data.setCell(45, 0, 45)
data.setCell(45, 1, 'testLogin')
data.setCell(45, 2, 'testCases.TC02_Login')
data.setCell(45, 3, 1303);
data.setCell(46, 0, 46)
data.setCell(46, 1, 'testLogin')
data.setCell(46, 2, 'testCases.TC02_Login')
data.setCell(46, 3, 1285);
data.setCell(47, 0, 47)
data.setCell(47, 1, 'testAddToCart')
data.setCell(47, 2, 'testCases.TC03_AddToCart')
data.setCell(47, 3, 1265);
data.setCell(48, 0, 48)
data.setCell(48, 1, 'testLogin')
data.setCell(48, 2, 'testCases.TC02_Login')
data.setCell(48, 3, 1258);
data.setCell(49, 0, 49)
data.setCell(49, 1, 'testLogin')
data.setCell(49, 2, 'testCases.TC02_Login')
data.setCell(49, 3, 1241);
data.setCell(50, 0, 50)
data.setCell(50, 1, 'testLogin')
data.setCell(50, 2, 'testCases.TC02_Login')
data.setCell(50, 3, 1201);
data.setCell(51, 0, 51)
data.setCell(51, 1, 'testLaunchApplication')
data.setCell(51, 2, 'testCases.TC01_LaunchApplication')
data.setCell(51, 3, 288);
data.setCell(52, 0, 52)
data.setCell(52, 1, 'testAddToCart')
data.setCell(52, 2, 'testCases.TC03_AddToCart')
data.setCell(52, 3, 203);
data.setCell(53, 0, 53)
data.setCell(53, 1, 'testLaunchApplication')
data.setCell(53, 2, 'testCases.TC01_LaunchApplication')
data.setCell(53, 3, 89);
data.setCell(54, 0, 54)
data.setCell(54, 1, 'testCompletePurchase')
data.setCell(54, 2, 'testCases.TC04_CompletePurchase')
data.setCell(54, 3, 84);
data.setCell(55, 0, 55)
data.setCell(55, 1, 'testCompletePurchase')
data.setCell(55, 2, 'testCases.TC04_CompletePurchase')
data.setCell(55, 3, 69);
data.setCell(56, 0, 56)
data.setCell(56, 1, 'testLaunchApplication')
data.setCell(56, 2, 'testCases.TC01_LaunchApplication')
data.setCell(56, 3, 27);
window.suiteTableData['Suite']= { tableData: data, tableDiv: 'times-div-Suite'}
return data;
}
              </script>
              <span class="suite-total-time">Total running time: 2 minutes</span>
              <div id="times-div-Suite">
              </div> <!-- times-div-Suite -->
            </div> <!-- times-div -->
          </div> <!-- main-panel-content rounded-window-bottom -->
        </div> <!-- panel -->
        <div panel-name="reporter-Suite" class="panel">
          <div class="main-panel-header rounded-window-top">
            <span class="header-content">Reporter output for Suite</span>
          </div> <!-- main-panel-header rounded-window-top -->
          <div class="main-panel-content rounded-window-bottom">
          </div> <!-- main-panel-content rounded-window-bottom -->
        </div> <!-- panel -->
        <div panel-name="ignored-methods-Suite" class="panel">
          <div class="main-panel-header rounded-window-top">
            <span class="header-content">0 ignored methods</span>
          </div> <!-- main-panel-header rounded-window-top -->
          <div class="main-panel-content rounded-window-bottom">
          </div> <!-- main-panel-content rounded-window-bottom -->
        </div> <!-- panel -->
        <div panel-name="chronological-Suite" class="panel">
          <div class="main-panel-header rounded-window-top">
            <span class="header-content">Methods in chronological order</span>
          </div> <!-- main-panel-header rounded-window-top -->
          <div class="main-panel-content rounded-window-bottom">
            <div class="chronological-class">
              <div class="chronological-class-name">testCases.TC01_LaunchApplication</div> <!-- chronological-class-name -->
              <div class="configuration-class before">
                <span class="method-name">openApp(windows, chrome)</span>
                <span class="method-start">0 ms</span>
              </div> <!-- configuration-class before -->
              <div class="configuration-class before">
                <span class="method-name">openApp(windows, firefox)</span>
                <span class="method-start">131 ms</span>
              </div> <!-- configuration-class before -->
              <div class="configuration-class before">
                <span class="method-name">openApp(windows, edge)</span>
                <span class="method-start">144 ms</span>
              </div> <!-- configuration-class before -->
              <div class="test-method">
                <span class="method-name">testLaunchApplication</span>
                <span class="method-start">4881 ms</span>
              </div> <!-- test-method -->
              <div class="configuration-class after">
                <span class="method-name">closeApp</span>
                <span class="method-start">5204 ms</span>
              </div> <!-- configuration-class after -->
              <div class="test-method">
                <span class="method-name">testLaunchApplication</span>
                <span class="method-start">6218 ms</span>
              </div> <!-- test-method -->
              <div class="configuration-class after">
                <span class="method-name">closeApp</span>
                <span class="method-start">6248 ms</span>
              </div> <!-- configuration-class after -->
            </div> <!-- chronological-class -->
            <div class="chronological-class">
              <div class="chronological-class-name">testCases.TC03_AddToCart</div> <!-- chronological-class-name -->
              <div class="configuration-class before">
                <span class="method-name">openApp(windows, chrome)</span>
                <span class="method-start">7377 ms</span>
              </div> <!-- configuration-class before -->
            </div> <!-- chronological-class -->
            <div class="chronological-class">
              <div class="chronological-class-name">testCases.TC01_LaunchApplication</div> <!-- chronological-class-name -->
              <div class="test-method">
                <span class="method-name">testLaunchApplication</span>
                <span class="method-start">9528 ms</span>
              </div> <!-- test-method -->
              <div class="configuration-class after">
                <span class="method-name">closeApp</span>
                <span class="method-start">9619 ms</span>
              </div> <!-- configuration-class after -->
            </div> <!-- chronological-class -->
            <div class="chronological-class">
              <div class="chronological-class-name">testCases.TC03_AddToCart</div> <!-- chronological-class-name -->
              <div class="test-method">
                <span class="method-name">testAddToCart</span>
                <span class="method-start">9657 ms</span>
              </div> <!-- test-method -->
              <div class="configuration-class before">
                <span class="method-name">openApp(windows, edge)</span>
                <span class="method-start">9715 ms</span>
              </div> <!-- configuration-class before -->
              <div class="test-method">
                <span class="method-name">testAddToCart</span>
                <span class="method-start">12997 ms</span>
              </div> <!-- test-method -->
              <div class="configuration-class before">
                <span class="method-name">openApp(windows, firefox)</span>
                <span class="method-start">13540 ms</span>
              </div> <!-- configuration-class before -->
              <div class="configuration-class after">
                <span class="method-name">closeApp</span>
                <span class="method-start">15477 ms</span>
              </div> <!-- configuration-class after -->
              <div class="test-method">
                <span class="method-name">testAddToCart</span>
                <span class="method-start">16099 ms</span>
              </div> <!-- test-method -->
            </div> <!-- chronological-class -->
            <div class="chronological-class">
              <div class="chronological-class-name">testCases.TC05_AddToWishList</div> <!-- chronological-class-name -->
              <div class="configuration-class before">
                <span class="method-name">openApp(windows, chrome)</span>
                <span class="method-start">17677 ms</span>
              </div> <!-- configuration-class before -->
            </div> <!-- chronological-class -->
            <div class="chronological-class">
              <div class="chronological-class-name">testCases.TC03_AddToCart</div> <!-- chronological-class-name -->
              <div class="test-method">
                <span class="method-name">testAddToCart</span>
                <span class="method-start">20643 ms</span>
              </div> <!-- test-method -->
            </div> <!-- chronological-class -->
            <div class="chronological-class">
              <div class="chronological-class-name">testCases.TC05_AddToWishList</div> <!-- chronological-class-name -->
              <div class="test-method">
                <span class="method-name">testAddToWishList</span>
                <span class="method-start">21927 ms</span>
              </div> <!-- test-method -->
            </div> <!-- chronological-class -->
            <div class="chronological-class">
              <div class="chronological-class-name">testCases.TC03_AddToCart</div> <!-- chronological-class-name -->
              <div class="configuration-class after">
                <span class="method-name">closeApp</span>
                <span class="method-start">22426 ms</span>
              </div> <!-- configuration-class after -->
              <div class="test-method">
                <span class="method-name">testAddToCart</span>
                <span class="method-start">23177 ms</span>
              </div> <!-- test-method -->
              <div class="test-method">
                <img src="failed.png">
                </img>
                <span class="method-name">testAddToCart</span>
                <span class="method-start">23400 ms</span>
              </div> <!-- test-method -->
            </div> <!-- chronological-class -->
            <div class="chronological-class">
              <div class="chronological-class-name">testCases.TC05_AddToWishList</div> <!-- chronological-class-name -->
              <div class="test-method">
                <span class="method-name">testAddToWishList</span>
                <span class="method-start">24767 ms</span>
              </div> <!-- test-method -->
            </div> <!-- chronological-class -->
            <div class="chronological-class">
              <div class="chronological-class-name">testCases.TC03_AddToCart</div> <!-- chronological-class-name -->
              <div class="configuration-class after">
                <span class="method-name">closeApp</span>
                <span class="method-start">24869 ms</span>
              </div> <!-- configuration-class after -->
            </div> <!-- chronological-class -->
            <div class="chronological-class">
              <div class="chronological-class-name">testCases.TC05_AddToWishList</div> <!-- chronological-class-name -->
              <div class="configuration-class before">
                <span class="method-name">openApp(windows, edge)</span>
                <span class="method-start">24975 ms</span>
              </div> <!-- configuration-class before -->
              <div class="test-method">
                <img src="failed.png">
                </img>
                <span class="method-name">testAddToWishList</span>
                <span class="method-start">26893 ms</span>
              </div> <!-- test-method -->
              <div class="configuration-class before">
                <span class="method-name">openApp(windows, firefox)</span>
                <span class="method-start">27759 ms</span>
              </div> <!-- configuration-class before -->
              <div class="configuration-class after">
                <span class="method-name">closeApp</span>
                <span class="method-start">29045 ms</span>
              </div> <!-- configuration-class after -->
              <div class="test-method">
                <span class="method-name">testAddToWishList</span>
                <span class="method-start">29578 ms</span>
              </div> <!-- test-method -->
            </div> <!-- chronological-class -->
            <div class="chronological-class">
              <div class="chronological-class-name">testCases.TC06_AddAffiliate</div> <!-- chronological-class-name -->
              <div class="configuration-class before">
                <span class="method-name">openApp(windows, chrome)</span>
                <span class="method-start">32113 ms</span>
              </div> <!-- configuration-class before -->
            </div> <!-- chronological-class -->
            <div class="chronological-class">
              <div class="chronological-class-name">testCases.TC05_AddToWishList</div> <!-- chronological-class-name -->
              <div class="test-method">
                <span class="method-name">testAddToWishList</span>
                <span class="method-start">34809 ms</span>
              </div> <!-- test-method -->
            </div> <!-- chronological-class -->
            <div class="chronological-class">
              <div class="chronological-class-name">testCases.TC06_AddAffiliate</div> <!-- chronological-class-name -->
              <div class="test-method">
                <span class="method-name">testAddAffiliate</span>
                <span class="method-start">35017 ms</span>
              </div> <!-- test-method -->
              <div class="test-method">
                <span class="method-name">testAddAffiliate</span>
                <span class="method-start">38467 ms</span>
              </div> <!-- test-method -->
              <div class="test-method">
                <img src="failed.png">
                </img>
                <span class="method-name">testAddAffiliate</span>
                <span class="method-start">40257 ms</span>
              </div> <!-- test-method -->
              <div class="configuration-class after">
                <span class="method-name">closeApp</span>
                <span class="method-start">42019 ms</span>
              </div> <!-- configuration-class after -->
            </div> <!-- chronological-class -->
            <div class="chronological-class">
              <div class="chronological-class-name">testCases.TC02_Login</div> <!-- chronological-class-name -->
              <div class="configuration-class before">
                <span class="method-name">openApp(windows, chrome)</span>
                <span class="method-start">42209 ms</span>
              </div> <!-- configuration-class before -->
            </div> <!-- chronological-class -->
            <div class="chronological-class">
              <div class="chronological-class-name">testCases.TC05_AddToWishList</div> <!-- chronological-class-name -->
              <div class="test-method">
                <span class="method-name">testAddToWishList</span>
                <span class="method-start">43210 ms</span>
              </div> <!-- test-method -->
            </div> <!-- chronological-class -->
            <div class="chronological-class">
              <div class="chronological-class-name">testCases.TC02_Login</div> <!-- chronological-class-name -->
              <div class="test-method">
                <span class="method-name">testLogin(smitasharma.qa@gmail.com, ss*QA123)</span>
                <span class="method-start">46892 ms</span>
              </div> <!-- test-method -->
            </div> <!-- chronological-class -->
            <div class="chronological-class">
              <div class="chronological-class-name">testCases.TC05_AddToWishList</div> <!-- chronological-class-name -->
              <div class="test-method">
                <span class="method-name">testAddToWishList</span>
                <span class="method-start">47332 ms</span>
              </div> <!-- test-method -->
            </div> <!-- chronological-class -->
            <div class="chronological-class">
              <div class="chronological-class-name">testCases.TC02_Login</div> <!-- chronological-class-name -->
              <div class="test-method">
                <span class="method-name">testLogin(smitasharma.qa@gmail.com, ss*QA123)</span>
                <span class="method-start">49167 ms</span>
              </div> <!-- test-method -->
              <div class="test-method">
                <img src="failed.png">
                </img>
                <span class="method-name">testLogin(smitasharma.qa@gmail.com, ss*QA123)</span>
                <span class="method-start">50933 ms</span>
              </div> <!-- test-method -->
              <div class="test-method">
                <span class="method-name">testLogin(nona@yahoo.com, QWER!@#$)</span>
                <span class="method-start">52757 ms</span>
              </div> <!-- test-method -->
            </div> <!-- chronological-class -->
            <div class="chronological-class">
              <div class="chronological-class-name">testCases.TC05_AddToWishList</div> <!-- chronological-class-name -->
              <div class="test-method">
                <img src="failed.png">
                </img>
                <span class="method-name">testAddToWishList</span>
                <span class="method-start">53561 ms</span>
              </div> <!-- test-method -->
            </div> <!-- chronological-class -->
            <div class="chronological-class">
              <div class="chronological-class-name">testCases.TC02_Login</div> <!-- chronological-class-name -->
              <div class="test-method">
                <span class="method-name">testLogin(nona@yahoo.com, QWER!@#$)</span>
                <span class="method-start">54110 ms</span>
              </div> <!-- test-method -->
              <div class="test-method">
                <img src="failed.png">
                </img>
                <span class="method-name">testLogin(nona@yahoo.com, QWER!@#$)</span>
                <span class="method-start">55397 ms</span>
              </div> <!-- test-method -->
              <div class="test-method">
                <span class="method-name">testLogin(sid@cloudberry.services, Test123)</span>
                <span class="method-start">56752 ms</span>
              </div> <!-- test-method -->
            </div> <!-- chronological-class -->
            <div class="chronological-class">
              <div class="chronological-class-name">testCases.TC05_AddToWishList</div> <!-- chronological-class-name -->
              <div class="test-method">
                <img src="failed.png">
                </img>
                <span class="method-name">testAddToWishList</span>
                <span class="method-start">57668 ms</span>
              </div> <!-- test-method -->
            </div> <!-- chronological-class -->
            <div class="chronological-class">
              <div class="chronological-class-name">testCases.TC02_Login</div> <!-- chronological-class-name -->
              <div class="test-method">
                <span class="method-name">testLogin(sid@cloudberry.services, Test123)</span>
                <span class="method-start">57996 ms</span>
              </div> <!-- test-method -->
              <div class="test-method">
                <img src="failed.png">
                </img>
                <span class="method-name">testLogin(sid@cloudberry.services, Test123)</span>
                <span class="method-start">59258 ms</span>
              </div> <!-- test-method -->
              <div class="test-method">
                <span class="method-name">testLogin(apushedwoman@gmail.com, password123)</span>
                <span class="method-start">61241 ms</span>
              </div> <!-- test-method -->
              <div class="test-method">
                <span class="method-name">testLogin(apushedwoman@gmail.com, password123)</span>
                <span class="method-start">63105 ms</span>
              </div> <!-- test-method -->
            </div> <!-- chronological-class -->
            <div class="chronological-class">
              <div class="chronological-class-name">testCases.TC05_AddToWishList</div> <!-- chronological-class-name -->
              <div class="configuration-class after">
                <span class="method-name">closeApp</span>
                <span class="method-start">64019 ms</span>
              </div> <!-- configuration-class after -->
            </div> <!-- chronological-class -->
            <div class="chronological-class">
              <div class="chronological-class-name">testCases.TC02_Login</div> <!-- chronological-class-name -->
              <div class="test-method">
                <img src="failed.png">
                </img>
                <span class="method-name">testLogin(apushedwoman@gmail.com, password123)</span>
                <span class="method-start">64862 ms</span>
              </div> <!-- test-method -->
            </div> <!-- chronological-class -->
            <div class="chronological-class">
              <div class="chronological-class-name">testCases.TC06_AddAffiliate</div> <!-- chronological-class-name -->
              <div class="configuration-class before">
                <span class="method-name">openApp(windows, edge)</span>
                <span class="method-start">65447 ms</span>
              </div> <!-- configuration-class before -->
            </div> <!-- chronological-class -->
            <div class="chronological-class">
              <div class="chronological-class-name">testCases.TC02_Login</div> <!-- chronological-class-name -->
              <div class="test-method">
                <span class="method-name">testLogin(hichamkhachiai@gmail.com, hicham123)</span>
                <span class="method-start">67070 ms</span>
              </div> <!-- test-method -->
            </div> <!-- chronological-class -->
            <div class="chronological-class">
              <div class="chronological-class-name">testCases.TC05_AddToWishList</div> <!-- chronological-class-name -->
              <div class="configuration-class after">
                <span class="method-name">closeApp</span>
                <span class="method-start">68008 ms</span>
              </div> <!-- configuration-class after -->
            </div> <!-- chronological-class -->
            <div class="chronological-class">
              <div class="chronological-class-name">testCases.TC06_AddAffiliate</div> <!-- chronological-class-name -->
              <div class="test-method">
                <span class="method-name">testAddAffiliate</span>
                <span class="method-start">68344 ms</span>
              </div> <!-- test-method -->
            </div> <!-- chronological-class -->
            <div class="chronological-class">
              <div class="chronological-class-name">testCases.TC02_Login</div> <!-- chronological-class-name -->
              <div class="test-method">
                <span class="method-name">testLogin(hichamkhachiai@gmail.com, hicham123)</span>
                <span class="method-start">68381 ms</span>
              </div> <!-- test-method -->
            </div> <!-- chronological-class -->
            <div class="chronological-class">
              <div class="chronological-class-name">testCases.TC06_AddAffiliate</div> <!-- chronological-class-name -->
              <div class="configuration-class before">
                <span class="method-name">openApp(windows, firefox)</span>
                <span class="method-start">69548 ms</span>
              </div> <!-- configuration-class before -->
            </div> <!-- chronological-class -->
            <div class="chronological-class">
              <div class="chronological-class-name">testCases.TC02_Login</div> <!-- chronological-class-name -->
              <div class="test-method">
                <img src="failed.png">
                </img>
                <span class="method-name">testLogin(hichamkhachiai@gmail.com, hicham123)</span>
                <span class="method-start">69687 ms</span>
              </div> <!-- test-method -->
              <div class="configuration-class after">
                <span class="method-name">closeApp</span>
                <span class="method-start">71293 ms</span>
              </div> <!-- configuration-class after -->
            </div> <!-- chronological-class -->
            <div class="chronological-class">
              <div class="chronological-class-name">testCases.TC06_AddAffiliate</div> <!-- chronological-class-name -->
              <div class="configuration-class after">
                <span class="method-name">closeApp</span>
                <span class="method-start">73992 ms</span>
              </div> <!-- configuration-class after -->
            </div> <!-- chronological-class -->
            <div class="chronological-class">
              <div class="chronological-class-name">testCases.TC04_CompletePurchase</div> <!-- chronological-class-name -->
              <div class="configuration-class before">
                <span class="method-name">openApp(windows, chrome)</span>
                <span class="method-start">74494 ms</span>
              </div> <!-- configuration-class before -->
            </div> <!-- chronological-class -->
            <div class="chronological-class">
              <div class="chronological-class-name">testCases.TC06_AddAffiliate</div> <!-- chronological-class-name -->
              <div class="test-method">
                <span class="method-name">testAddAffiliate</span>
                <span class="method-start">75195 ms</span>
              </div> <!-- test-method -->
            </div> <!-- chronological-class -->
            <div class="chronological-class">
              <div class="chronological-class-name">testCases.TC04_CompletePurchase</div> <!-- chronological-class-name -->
              <div class="test-method">
                <span class="method-name">testCompletePurchase</span>
                <span class="method-start">77469 ms</span>
              </div> <!-- test-method -->
            </div> <!-- chronological-class -->
            <div class="chronological-class">
              <div class="chronological-class-name">testCases.TC02_Login</div> <!-- chronological-class-name -->
              <div class="configuration-class before">
                <span class="method-name">openApp(windows, edge)</span>
                <span class="method-start">77678 ms</span>
              </div> <!-- configuration-class before -->
            </div> <!-- chronological-class -->
            <div class="chronological-class">
              <div class="chronological-class-name">testCases.TC06_AddAffiliate</div> <!-- chronological-class-name -->
              <div class="configuration-class after">
                <span class="method-name">closeApp</span>
                <span class="method-start">80199 ms</span>
              </div> <!-- configuration-class after -->
            </div> <!-- chronological-class -->
            <div class="chronological-class">
              <div class="chronological-class-name">testCases.TC02_Login</div> <!-- chronological-class-name -->
              <div class="test-method">
                <span class="method-name">testLogin(smitasharma.qa@gmail.com, ss*QA123)</span>
                <span class="method-start">82384 ms</span>
              </div> <!-- test-method -->
              <div class="configuration-class before">
                <span class="method-name">openApp(windows, firefox)</span>
                <span class="method-start">82807 ms</span>
              </div> <!-- configuration-class before -->
            </div> <!-- chronological-class -->
            <div class="chronological-class">
              <div class="chronological-class-name">testCases.TC04_CompletePurchase</div> <!-- chronological-class-name -->
              <div class="test-method">
                <span class="method-name">testCompletePurchase</span>
                <span class="method-start">84570 ms</span>
              </div> <!-- test-method -->
            </div> <!-- chronological-class -->
            <div class="chronological-class">
              <div class="chronological-class-name">testCases.TC02_Login</div> <!-- chronological-class-name -->
              <div class="test-method">
                <span class="method-name">testLogin(nona@yahoo.com, QWER!@#$)</span>
                <span class="method-start">84667 ms</span>
              </div> <!-- test-method -->
              <div class="test-method">
                <span class="method-name">testLogin(sid@cloudberry.services, Test123)</span>
                <span class="method-start">87791 ms</span>
              </div> <!-- test-method -->
              <div class="test-method">
                <span class="method-name">testLogin(smitasharma.qa@gmail.com, ss*QA123)</span>
                <span class="method-start">89626 ms</span>
              </div> <!-- test-method -->
              <div class="test-method">
                <span class="method-name">testLogin(apushedwoman@gmail.com, password123)</span>
                <span class="method-start">91031 ms</span>
              </div> <!-- test-method -->
              <div class="test-method">
                <span class="method-name">testLogin(nona@yahoo.com, QWER!@#$)</span>
                <span class="method-start">91519 ms</span>
              </div> <!-- test-method -->
              <div class="test-method">
                <span class="method-name">testLogin(sid@cloudberry.services, Test123)</span>
                <span class="method-start">93159 ms</span>
              </div> <!-- test-method -->
              <div class="test-method">
                <span class="method-name">testLogin(hichamkhachiai@gmail.com, hicham123)</span>
                <span class="method-start">93273 ms</span>
              </div> <!-- test-method -->
              <div class="test-method">
                <span class="method-name">testLogin(apushedwoman@gmail.com, password123)</span>
                <span class="method-start">94738 ms</span>
              </div> <!-- test-method -->
              <div class="configuration-class after">
                <span class="method-name">closeApp</span>
                <span class="method-start">94834 ms</span>
              </div> <!-- configuration-class after -->
              <div class="test-method">
                <span class="method-name">testLogin(hichamkhachiai@gmail.com, hicham123)</span>
                <span class="method-start">96122 ms</span>
              </div> <!-- test-method -->
            </div> <!-- chronological-class -->
            <div class="chronological-class">
              <div class="chronological-class-name">testCases.TC04_CompletePurchase</div> <!-- chronological-class-name -->
              <div class="configuration-class before">
                <span class="method-name">openApp(windows, edge)</span>
                <span class="method-start">96220 ms</span>
              </div> <!-- configuration-class before -->
              <div class="test-method">
                <img src="failed.png">
                </img>
                <span class="method-name">testCompletePurchase</span>
                <span class="method-start">97772 ms</span>
              </div> <!-- test-method -->
            </div> <!-- chronological-class -->
            <div class="chronological-class">
              <div class="chronological-class-name">testCases.TC02_Login</div> <!-- chronological-class-name -->
              <div class="configuration-class after">
                <span class="method-name">closeApp</span>
                <span class="method-start">98051 ms</span>
              </div> <!-- configuration-class after -->
            </div> <!-- chronological-class -->
            <div class="chronological-class">
              <div class="chronological-class-name">testCases.TC04_CompletePurchase</div> <!-- chronological-class-name -->
              <div class="test-method">
                <span class="method-name">testCompletePurchase</span>
                <span class="method-start">98303 ms</span>
              </div> <!-- test-method -->
              <div class="configuration-class before">
                <span class="method-name">openApp(windows, firefox)</span>
                <span class="method-start">100159 ms</span>
              </div> <!-- configuration-class before -->
              <div class="test-method">
                <span class="method-name">testCompletePurchase</span>
                <span class="method-start">101912 ms</span>
              </div> <!-- test-method -->
              <div class="test-method">
                <span class="method-name">testCompletePurchase</span>
                <span class="method-start">105015 ms</span>
              </div> <!-- test-method -->
              <div class="test-method">
                <span class="method-name">testCompletePurchase</span>
                <span class="method-start">106476 ms</span>
              </div> <!-- test-method -->
              <div class="test-method">
                <img src="failed.png">
                </img>
                <span class="method-name">testCompletePurchase</span>
                <span class="method-start">106563 ms</span>
              </div> <!-- test-method -->
              <div class="configuration-class after">
                <span class="method-name">closeApp</span>
                <span class="method-start">106795 ms</span>
              </div> <!-- configuration-class after -->
              <div class="test-method">
                <img src="failed.png">
                </img>
                <span class="method-name">testCompletePurchase</span>
                <span class="method-start">107472 ms</span>
              </div> <!-- test-method -->
              <div class="configuration-class after">
                <span class="method-name">closeApp</span>
                <span class="method-start">109923 ms</span>
              </div> <!-- configuration-class after -->
              <div class="configuration-class after">
                <span class="method-name">closeApp</span>
                <span class="method-start">119303 ms</span>
              </div> <!-- configuration-class after -->
          </div> <!-- main-panel-content rounded-window-bottom -->
        </div> <!-- panel -->
      </div> <!-- main-panel-root -->
    </div> <!-- wrapper -->
  </body>
<script type="text/javascript" src="testng-reports2.js"></script>
</html>
